<?xml version="1.0" encoding="UTF-8"?>
<testng-results ignored="0" total="24" passed="24" failed="0" skipped="0">
  <reporter-output>
  </reporter-output>
  <suite started-at="2021-09-06T13:46:45 SGT" name="OppenheimerProjectSuite" finished-at="2021-09-06T13:47:45 SGT" duration-ms="60260">
    <groups>
    </groups>
    <test started-at="2021-09-06T13:46:45 SGT" name="UITestInChrome" finished-at="2021-09-06T13:47:35 SGT" duration-ms="50460">
      <class name="com.app.test.TC_UI_UserStory3">
        <test-method is-config="true" signature="setUp(java.lang.String)[pri:0, instance:com.app.test.TC_UI_UserStory3@3e62d773]" started-at="2021-09-06T13:46:45 SGT" name="setUp" finished-at="2021-09-06T13:47:08 SGT" duration-ms="22762" status="PASS">
          <params>
            <param index="0">
              <value>
                <![CDATA[Chrome]]>
              </value>
            </param>
          </params>
          <reporter-output>
          </reporter-output>
        </test-method> <!-- setUp -->
        <test-method signature="fileupload()[pri:0, instance:com.app.test.TC_UI_UserStory3@3e62d773]" started-at="2021-09-06T13:47:18 SGT" name="fileupload" finished-at="2021-09-06T13:47:34 SGT" duration-ms="15470" status="PASS">
          <reporter-output>
          </reporter-output>
        </test-method> <!-- fileupload -->
      </class> <!-- com.app.test.TC_UI_UserStory3 -->
      <class name="com.app.test.TC_UI_UserStory5">
        <test-method is-config="true" signature="setUp(java.lang.String)[pri:0, instance:com.app.test.TC_UI_UserStory5@776a6d9b]" started-at="2021-09-06T13:47:08 SGT" name="setUp" finished-at="2021-09-06T13:47:18 SGT" duration-ms="10356" status="PASS">
          <params>
            <param index="0">
              <value>
                <![CDATA[Chrome]]>
              </value>
            </param>
          </params>
          <reporter-output>
          </reporter-output>
        </test-method> <!-- setUp -->
        <test-method signature="verifyBtnClickRedirectsToPagewithText_Cashdispensed()[pri:0, instance:com.app.test.TC_UI_UserStory5@776a6d9b]" started-at="2021-09-06T13:47:34 SGT" name="verifyBtnClickRedirectsToPagewithText_Cashdispensed" finished-at="2021-09-06T13:47:35 SGT" duration-ms="1325" status="PASS">
          <reporter-output>
          </reporter-output>
        </test-method> <!-- verifyBtnClickRedirectsToPagewithText_Cashdispensed -->
        <test-method signature="verifyButtonColorIsRed()[pri:0, instance:com.app.test.TC_UI_UserStory5@776a6d9b]" started-at="2021-09-06T13:47:35 SGT" name="verifyButtonColorIsRed" finished-at="2021-09-06T13:47:35 SGT" duration-ms="158" status="PASS">
          <reporter-output>
          </reporter-output>
        </test-method> <!-- verifyButtonColorIsRed -->
        <test-method signature="verifyButtonTextIsDispenseNow()[pri:0, instance:com.app.test.TC_UI_UserStory5@776a6d9b]" started-at="2021-09-06T13:47:35 SGT" name="verifyButtonTextIsDispenseNow" finished-at="2021-09-06T13:47:35 SGT" duration-ms="14" status="PASS">
          <reporter-output>
          </reporter-output>
        </test-method> <!-- verifyButtonTextIsDispenseNow -->
      </class> <!-- com.app.test.TC_UI_UserStory5 -->
    </test> <!-- UITestInChrome -->
    <test started-at="2021-09-06T13:47:35 SGT" name="APITest" finished-at="2021-09-06T13:47:45 SGT" duration-ms="9722">
      <class name="com.app.test.TC_API_UserStory2">
        <test-method signature="test_add_multipleWorkingClassHero_valid2Inputs()[pri:1, instance:com.app.test.TC_API_UserStory2@51a9ad5e]" started-at="2021-09-06T13:47:41 SGT" name="test_add_multipleWorkingClassHero_valid2Inputs" finished-at="2021-09-06T13:47:41 SGT" duration-ms="106" status="PASS">
          <reporter-output>
          </reporter-output>
        </test-method> <!-- test_add_multipleWorkingClassHero_valid2Inputs -->
        <test-method signature="test_add_multipleWorkingClassHero_validMoreThan3Inputs()[pri:2, instance:com.app.test.TC_API_UserStory2@51a9ad5e]" started-at="2021-09-06T13:47:41 SGT" name="test_add_multipleWorkingClassHero_validMoreThan3Inputs" finished-at="2021-09-06T13:47:41 SGT" duration-ms="65" status="PASS">
          <reporter-output>
          </reporter-output>
        </test-method> <!-- test_add_multipleWorkingClassHero_validMoreThan3Inputs -->
        <test-method signature="test_add_multipleWorkingClassHero_valid1Inputs()[pri:3, instance:com.app.test.TC_API_UserStory2@51a9ad5e]" started-at="2021-09-06T13:47:41 SGT" name="test_add_multipleWorkingClassHero_valid1Inputs" finished-at="2021-09-06T13:47:41 SGT" duration-ms="33" status="PASS">
          <reporter-output>
          </reporter-output>
        </test-method> <!-- test_add_multipleWorkingClassHero_valid1Inputs -->
      </class> <!-- com.app.test.TC_API_UserStory2 -->
      <class name="com.app.test.TC_API_UserStory1">
        <test-method signature="test_add_singleWorkingClassHero_validInputsFemale()[pri:1, instance:com.app.test.TC_API_UserStory1@5e21e98f]" started-at="2021-09-06T13:47:35 SGT" name="test_add_singleWorkingClassHero_validInputsFemale" finished-at="2021-09-06T13:47:40 SGT" duration-ms="4576" status="PASS">
          <reporter-output>
          </reporter-output>
        </test-method> <!-- test_add_singleWorkingClassHero_validInputsFemale -->
        <test-method signature="test_add_singleWorkingClassHero_validInputsMale()[pri:1, instance:com.app.test.TC_API_UserStory1@5e21e98f]" started-at="2021-09-06T13:47:40 SGT" name="test_add_singleWorkingClassHero_validInputsMale" finished-at="2021-09-06T13:47:40 SGT" duration-ms="125" status="PASS">
          <reporter-output>
          </reporter-output>
        </test-method> <!-- test_add_singleWorkingClassHero_validInputsMale -->
        <test-method signature="test_add_singleWorkingClassHero_invalidPatternBirthday()[pri:2, instance:com.app.test.TC_API_UserStory1@5e21e98f]" started-at="2021-09-06T13:47:40 SGT" name="test_add_singleWorkingClassHero_invalidPatternBirthday" finished-at="2021-09-06T13:47:40 SGT" duration-ms="269" status="PASS">
          <reporter-output>
          </reporter-output>
        </test-method> <!-- test_add_singleWorkingClassHero_invalidPatternBirthday -->
        <test-method signature="test_add_singleWorkingClassHero_invalidGender()[pri:3, instance:com.app.test.TC_API_UserStory1@5e21e98f]" started-at="2021-09-06T13:47:40 SGT" name="test_add_singleWorkingClassHero_invalidGender" finished-at="2021-09-06T13:47:41 SGT" duration-ms="135" status="PASS">
          <reporter-output>
          </reporter-output>
        </test-method> <!-- test_add_singleWorkingClassHero_invalidGender -->
      </class> <!-- com.app.test.TC_API_UserStory1 -->
      <class name="com.app.test.TC_API_UserStory4">
        <test-method signature="validate_TaxReliefandNatId_WorkingClassHero_FemaleAge17()[pri:0, instance:com.app.test.TC_API_UserStory4@5f20155b]" started-at="2021-09-06T13:47:41 SGT" name="validate_TaxReliefandNatId_WorkingClassHero_FemaleAge17" finished-at="2021-09-06T13:47:43 SGT" duration-ms="2228" status="PASS">
          <reporter-output>
          </reporter-output>
        </test-method> <!-- validate_TaxReliefandNatId_WorkingClassHero_FemaleAge17 -->
        <test-method signature="validate_TaxReliefandNatId_WorkingClassHero_FemaleAge19()[pri:0, instance:com.app.test.TC_API_UserStory4@5f20155b]" started-at="2021-09-06T13:47:43 SGT" name="validate_TaxReliefandNatId_WorkingClassHero_FemaleAge19" finished-at="2021-09-06T13:47:43 SGT" duration-ms="229" status="PASS">
          <reporter-output>
          </reporter-output>
        </test-method> <!-- validate_TaxReliefandNatId_WorkingClassHero_FemaleAge19 -->
        <test-method signature="validate_TaxReliefandNatId_WorkingClassHero_FemaleAge31Tax1()[pri:0, instance:com.app.test.TC_API_UserStory4@5f20155b]" started-at="2021-09-06T13:47:43 SGT" name="validate_TaxReliefandNatId_WorkingClassHero_FemaleAge31Tax1" finished-at="2021-09-06T13:47:44 SGT" duration-ms="271" status="PASS">
          <reporter-output>
          </reporter-output>
        </test-method> <!-- validate_TaxReliefandNatId_WorkingClassHero_FemaleAge31Tax1 -->
        <test-method signature="validate_TaxReliefandNatId_WorkingClassHero_FemaleAge31TaxAbove50()[pri:0, instance:com.app.test.TC_API_UserStory4@5f20155b]" started-at="2021-09-06T13:47:44 SGT" name="validate_TaxReliefandNatId_WorkingClassHero_FemaleAge31TaxAbove50" finished-at="2021-09-06T13:47:44 SGT" duration-ms="173" status="PASS">
          <reporter-output>
          </reporter-output>
        </test-method> <!-- validate_TaxReliefandNatId_WorkingClassHero_FemaleAge31TaxAbove50 -->
        <test-method signature="validate_TaxReliefandNatId_WorkingClassHero_FemaleAge36()[pri:0, instance:com.app.test.TC_API_UserStory4@5f20155b]" started-at="2021-09-06T13:47:44 SGT" name="validate_TaxReliefandNatId_WorkingClassHero_FemaleAge36" finished-at="2021-09-06T13:47:44 SGT" duration-ms="235" status="PASS">
          <reporter-output>
          </reporter-output>
        </test-method> <!-- validate_TaxReliefandNatId_WorkingClassHero_FemaleAge36 -->
        <test-method signature="validate_TaxReliefandNatId_WorkingClassHero_FemaleAge51()[pri:0, instance:com.app.test.TC_API_UserStory4@5f20155b]" started-at="2021-09-06T13:47:44 SGT" name="validate_TaxReliefandNatId_WorkingClassHero_FemaleAge51" finished-at="2021-09-06T13:47:44 SGT" duration-ms="132" status="PASS">
          <reporter-output>
          </reporter-output>
        </test-method> <!-- validate_TaxReliefandNatId_WorkingClassHero_FemaleAge51 -->
        <test-method signature="validate_TaxReliefandNatId_WorkingClassHero_FemaleAge76()[pri:0, instance:com.app.test.TC_API_UserStory4@5f20155b]" started-at="2021-09-06T13:47:44 SGT" name="validate_TaxReliefandNatId_WorkingClassHero_FemaleAge76" finished-at="2021-09-06T13:47:44 SGT" duration-ms="168" status="PASS">
          <reporter-output>
          </reporter-output>
        </test-method> <!-- validate_TaxReliefandNatId_WorkingClassHero_FemaleAge76 -->
        <test-method signature="validate_TaxReliefandNatId_WorkingClassHero_MaleAge18()[pri:0, instance:com.app.test.TC_API_UserStory4@5f20155b]" started-at="2021-09-06T13:47:44 SGT" name="validate_TaxReliefandNatId_WorkingClassHero_MaleAge18" finished-at="2021-09-06T13:47:44 SGT" duration-ms="185" status="PASS">
          <reporter-output>
          </reporter-output>
        </test-method> <!-- validate_TaxReliefandNatId_WorkingClassHero_MaleAge18 -->
        <test-method signature="validate_TaxReliefandNatId_WorkingClassHero_MaleAge31TaxAboveZeroLessthanFifty()[pri:0, instance:com.app.test.TC_API_UserStory4@5f20155b]" started-at="2021-09-06T13:47:44 SGT" name="validate_TaxReliefandNatId_WorkingClassHero_MaleAge31TaxAboveZeroLessthanFifty" finished-at="2021-09-06T13:47:45 SGT" duration-ms="155" status="PASS">
          <reporter-output>
          </reporter-output>
        </test-method> <!-- validate_TaxReliefandNatId_WorkingClassHero_MaleAge31TaxAboveZeroLessthanFifty -->
        <test-method signature="validate_TaxReliefandNatId_WorkingClassHero_MaleAge35()[pri:0, instance:com.app.test.TC_API_UserStory4@5f20155b]" started-at="2021-09-06T13:47:45 SGT" name="validate_TaxReliefandNatId_WorkingClassHero_MaleAge35" finished-at="2021-09-06T13:47:45 SGT" duration-ms="121" status="PASS">
          <reporter-output>
          </reporter-output>
        </test-method> <!-- validate_TaxReliefandNatId_WorkingClassHero_MaleAge35 -->
        <test-method signature="validate_TaxReliefandNatId_WorkingClassHero_MaleAge50()[pri:0, instance:com.app.test.TC_API_UserStory4@5f20155b]" started-at="2021-09-06T13:47:45 SGT" name="validate_TaxReliefandNatId_WorkingClassHero_MaleAge50" finished-at="2021-09-06T13:47:45 SGT" duration-ms="170" status="PASS">
          <reporter-output>
          </reporter-output>
        </test-method> <!-- validate_TaxReliefandNatId_WorkingClassHero_MaleAge50 -->
        <test-method signature="validate_TaxReliefandNatId_WorkingClassHero_MaleAge75()[pri:0, instance:com.app.test.TC_API_UserStory4@5f20155b]" started-at="2021-09-06T13:47:45 SGT" name="validate_TaxReliefandNatId_WorkingClassHero_MaleAge75" finished-at="2021-09-06T13:47:45 SGT" duration-ms="100" status="PASS">
          <reporter-output>
          </reporter-output>
        </test-method> <!-- validate_TaxReliefandNatId_WorkingClassHero_MaleAge75 -->
        <test-method signature="validate_TaxReliefandNatId_WorkingClassHeroFromExcelUpload()[pri:1, instance:com.app.test.TC_API_UserStory4@5f20155b]" started-at="2021-09-06T13:47:45 SGT" name="validate_TaxReliefandNatId_WorkingClassHeroFromExcelUpload" finished-at="2021-09-06T13:47:45 SGT" duration-ms="119" status="PASS">
          <reporter-output>
          </reporter-output>
        </test-method> <!-- validate_TaxReliefandNatId_WorkingClassHeroFromExcelUpload -->
      </class> <!-- com.app.test.TC_API_UserStory4 -->
    </test> <!-- APITest -->
  </suite> <!-- OppenheimerProjectSuite -->
</testng-results>
