<?xml version="1.0" encoding="UTF-8"?>
<!-- Generated by org.testng.reporters.JUnitXMLReporter -->
<testsuite ignored="0" hostname="Sudha-Pro4" failures="0" tests="20" name="APITest" time="9.722" errors="0" timestamp="2021-09-06T13:47:45 SGT">
  <testcase classname="com.app.test.TC_API_UserStory1" name="test_add_singleWorkingClassHero_validInputsFemale" time="4.576"/>
  <testcase classname="com.app.test.TC_API_UserStory1" name="test_add_singleWorkingClassHero_validInputsMale" time="0.125"/>
  <testcase classname="com.app.test.TC_API_UserStory1" name="test_add_singleWorkingClassHero_invalidPatternBirthday" time="0.269"/>
  <testcase classname="com.app.test.TC_API_UserStory1" name="test_add_singleWorkingClassHero_invalidGender" time="0.135"/>
  <testcase classname="com.app.test.TC_API_UserStory2" name="test_add_multipleWorkingClassHero_valid2Inputs" time="0.106"/>
  <testcase classname="com.app.test.TC_API_UserStory2" name="test_add_multipleWorkingClassHero_validMoreThan3Inputs" time="0.065"/>
  <testcase classname="com.app.test.TC_API_UserStory2" name="test_add_multipleWorkingClassHero_valid1Inputs" time="0.033"/>
  <testcase classname="com.app.test.TC_API_UserStory4" name="validate_TaxReliefandNatId_WorkingClassHero_FemaleAge17" time="2.228"/>
  <testcase classname="com.app.test.TC_API_UserStory4" name="validate_TaxReliefandNatId_WorkingClassHero_FemaleAge19" time="0.229"/>
  <testcase classname="com.app.test.TC_API_UserStory4" name="validate_TaxReliefandNatId_WorkingClassHero_FemaleAge31Tax1" time="0.271"/>
  <testcase classname="com.app.test.TC_API_UserStory4" name="validate_TaxReliefandNatId_WorkingClassHero_FemaleAge31TaxAbove50" time="0.173"/>
  <testcase classname="com.app.test.TC_API_UserStory4" name="validate_TaxReliefandNatId_WorkingClassHero_FemaleAge36" time="0.235"/>
  <testcase classname="com.app.test.TC_API_UserStory4" name="validate_TaxReliefandNatId_WorkingClassHero_FemaleAge51" time="0.132"/>
  <testcase classname="com.app.test.TC_API_UserStory4" name="validate_TaxReliefandNatId_WorkingClassHero_FemaleAge76" time="0.168"/>
  <testcase classname="com.app.test.TC_API_UserStory4" name="validate_TaxReliefandNatId_WorkingClassHero_MaleAge18" time="0.185"/>
  <testcase classname="com.app.test.TC_API_UserStory4" name="validate_TaxReliefandNatId_WorkingClassHero_MaleAge31TaxAboveZeroLessthanFifty" time="0.155"/>
  <testcase classname="com.app.test.TC_API_UserStory4" name="validate_TaxReliefandNatId_WorkingClassHero_MaleAge35" time="0.121"/>
  <testcase classname="com.app.test.TC_API_UserStory4" name="validate_TaxReliefandNatId_WorkingClassHero_MaleAge50" time="0.17"/>
  <testcase classname="com.app.test.TC_API_UserStory4" name="validate_TaxReliefandNatId_WorkingClassHero_MaleAge75" time="0.1"/>
  <testcase classname="com.app.test.TC_API_UserStory4" name="validate_TaxReliefandNatId_WorkingClassHeroFromExcelUpload" time="0.119"/>
</testsuite> <!-- APITest -->
