<?xml version="1.0" encoding="UTF-8"?>
<!-- Generated by org.testng.reporters.JUnitXMLReporter -->
<testsuite ignored="0" hostname="Sudha-Pro4" failures="0" tests="7" name="APITest" time="9.503" errors="0" timestamp="2021-08-27T15:16:23 SGT">
  <testcase classname="com.app.test.TC_API_UserStory1" name="test_add_singleWorkingClassHero_validInputs" time="5.994"/>
  <testcase classname="com.app.test.TC_API_UserStory1" name="test_add_singleWorkingClassHero_invalidPatternBirthday" time="0.418"/>
  <testcase classname="com.app.test.TC_API_UserStory1" name="test_add_singleWorkingClassHero_invalidGender" time="0.295"/>
  <testcase classname="com.app.test.TC_API_UserStory2" name="test_add_multipleWorkingClassHero_valid2Inputs" time="0.074"/>
  <testcase classname="com.app.test.TC_API_UserStory2" name="test_add_multipleWorkingClassHero_valid3Inputs" time="0.052"/>
  <testcase classname="com.app.test.TC_API_UserStory2" name="test_add_multipleWorkingClassHero_valid1Inputs" time="0.084"/>
  <testcase classname="com.app.test.TC_API_UserStory4" name="test_get_TaxRelief_WorkingClassHero" time="2.483"/>
</testsuite> <!-- APITest -->
