<?xml version="1.0" encoding="UTF-8"?>
<!-- Generated by org.testng.reporters.JUnitXMLReporter -->
<testsuite ignored="0" hostname="Sudha-Pro4" failures="0" tests="4" name="UITestInChrome" time="50.46" errors="0" timestamp="2021-09-06T13:47:35 SGT">
  <testcase classname="com.app.test.TC_UI_UserStory3" name="fileupload" time="15.47"/>
  <testcase classname="com.app.test.TC_UI_UserStory5" name="verifyBtnClickRedirectsToPagewithText_Cashdispensed" time="1.325"/>
  <testcase classname="com.app.test.TC_UI_UserStory5" name="verifyButtonColorIsRed" time="0.158"/>
  <testcase classname="com.app.test.TC_UI_UserStory5" name="verifyButtonTextIsDispenseNow" time="0.014"/>
</testsuite> <!-- UITestInChrome -->
