2021-08-27 03:13:19,032 INFO  [Log] Inside setBrowser.. 
2021-08-27 03:13:24,679 INFO  [Log] Browser Configured: Chrome 
2021-08-27 03:13:33,352 INFO  [Log] unknown error: net::ERR_CONNECTION_REFUSED
  (Session info: chrome=92.0.4515.159)
Build info: version: '3.141.59', revision: 'e82be7d358', time: '2018-11-14T08:17:03'
System info: host: 'SUDHA-PRO4', ip: '172.25.164.147', os.name: 'Windows 10', os.arch: 'amd64', os.version: '10.0', java.version: '11.0.2-redhat'
Driver info: org.openqa.selenium.chrome.ChromeDriver
Capabilities {acceptInsecureCerts: false, browserName: chrome, browserVersion: 92.0.4515.159, chrome: {chromedriverVersion: 91.0.4472.101 (af52a90bf870..., userDataDir: C:\Users\sudha\AppData\Loca...}, goog:chromeOptions: {debuggerAddress: localhost:64900}, javascriptEnabled: true, networkConnectionEnabled: false, pageLoadStrategy: normal, platform: WINDOWS, platformName: WINDOWS, proxy: Proxy(), setWindowRect: true, strictFileInteractability: false, timeouts: {implicit: 0, pageLoad: 300000, script: 30000}, unhandledPromptBehavior: dismiss and notify, webauthn:extension:largeBlob: true, webauthn:virtualAuthenticators: true}
Session ID: 0fe137eb782d3267eb2700195c429206 
2021-08-27 03:13:33,418 INFO  [Log] Inside fileupload 
2021-08-27 03:13:33,419 INFO  [Log] Before Upload asserting presence of records:No records at the moment 
2021-08-27 03:13:33,485 INFO  [Log] Inside tearDown.. 
2021-08-27 03:13:34,424 INFO  [Log] Inside test_add_singleWorkingClassHero_validInputs.. 
2021-08-27 03:13:34,425 INFO  [Log] Data inserted in body is: {birthday=24031990, gender=F, natid=1234567890, name=TestUser F_AG31, tax=10.00, salary=10000.00} 
2021-08-27 03:13:41,853 INFO  [Log] Inside test_add_singleWorkingClassHero_invalidPatternBirthday.. 
2021-08-27 03:13:41,853 INFO  [Log] Data inserted in body is: {birthday=24-03-1990, gender=F, natid=1234567890, name=TestUser InvalidDOBPattern, tax=10.00, salary=10000.00} 
2021-08-27 03:13:45,916 INFO  [Log] Inside test_add_singleWorkingClassHero_invalidGender.. 
2021-08-27 03:13:45,917 INFO  [Log] Data inserted in body is: {birthday=24031990, gender=Female, natid=1234567890, name=TestUser InvalidGender, tax=10.00, salary=10000.00} 
2021-08-27 03:13:49,981 INFO  [Log] test_add_multipleWorkingClassHero_valid2Inputs 
2021-08-27 03:13:49,981 INFO  [Log] Data inserted in body is: [{birthday=24031990, gender=F, natid=2234567890, name=Testuser MU2a, tax=10.00, salary=10000.00}, {birthday=12031990, gender=M, natid=3234567890, name=Testuser MU2b, tax=10.00, salary=10000.00}] 
2021-08-27 03:13:54,050 INFO  [Log] test_add_multipleWorkingClassHero_valid3Inputs 
2021-08-27 03:13:54,050 INFO  [Log] Data inserted in body is: [{birthday=24031990, gender=F, natid=4234567890, name=Testuser MU3a, tax=10.00, salary=10000.00}, {birthday=12031990, gender=M, natid=5234567890, name=Testuser MU3b, tax=10.00, salary=10000.00}, {birthday=12031990, gender=M, natid=6234567890, name=Testuser MU3c, tax=10.00, salary=10000.00}] 
2021-08-27 03:13:58,087 INFO  [Log] test_add_multipleWorkingClassHero_valid1Inputs 
2021-08-27 03:13:58,087 INFO  [Log] Data inserted in body is: [{birthday=24031990, gender=F, natid=7234567890, name=Testuser MU1a, tax=10.00, salary=10000.00}] 
2021-08-27 03:14:55,838 INFO  [Log] Inside setBrowser.. 
2021-08-27 03:14:59,637 INFO  [Log] Browser Configured: Chrome 
2021-08-27 03:15:04,932 INFO  [Log] Inside fileupload 
2021-08-27 03:15:04,934 INFO  [Log] Before Upload asserting presence of records:No records at the moment 
2021-08-27 03:15:05,061 INFO  [Log] Before Upload ,asserting header from UI: No records at the moment ? is same as given HeaderNo records at the moment 
2021-08-27 03:15:05,068 INFO  [Log] Assertion Complete 
2021-08-27 03:15:05,069 INFO  [Log] Uploading File.. 
2021-08-27 03:15:05,303 INFO  [Log] Clicking on Refresh Tax Relief Button 
2021-08-27 03:15:05,681 INFO  [Log] Checking display of no records text is present 
2021-08-27 03:15:05,814 INFO  [Log] No records at the moment Header is present.. 
2021-08-27 03:15:05,815 INFO  [Log] File is NOT Uploaded Successfully 
2021-08-27 03:15:05,827 INFO  [Log] Inside tearDown.. 
2021-08-27 03:15:07,133 INFO  [Log] Inside test_add_singleWorkingClassHero_validInputs.. 
2021-08-27 03:15:07,134 INFO  [Log] Data inserted in body is: {birthday=24031990, gender=F, natid=1234567890, name=TestUser F_AG31, tax=10.00, salary=10000.00} 
2021-08-27 03:15:10,785 INFO  [Log] Json string response:Alright 
2021-08-27 03:15:10,785 INFO  [Log] Asserting valid message in response equals Alright 
2021-08-27 03:15:10,803 INFO  [Log] Inside test_add_singleWorkingClassHero_invalidPatternBirthday.. 
2021-08-27 03:15:10,803 INFO  [Log] Data inserted in body is: {birthday=24-03-1990, gender=F, natid=1234567890, name=TestUser InvalidDOBPattern, tax=10.00, salary=10000.00} 
2021-08-27 03:15:10,934 INFO  [Log] Json string response:{"timestamp":"2021-08-26T19:15:10.850+0000","status":500,"error":"Internal Server Error","message":"Text '24-03-1990' could not be parsed at index 2","path":"/calculator/insert"} 
2021-08-27 03:15:10,935 INFO  [Log] Asserting error message in response contains Text '24-03-1990' could not be parsed at index 2 
2021-08-27 03:15:10,945 INFO  [Log] Inside test_add_singleWorkingClassHero_invalidGender.. 
2021-08-27 03:15:10,945 INFO  [Log] Data inserted in body is: {birthday=24031990, gender=Female, natid=1234567890, name=TestUser InvalidGender, tax=10.00, salary=10000.00} 
2021-08-27 03:15:11,049 INFO  [Log] Json string response:{"timestamp":"2021-08-26T19:15:11.021+0000","status":500,"error":"Internal Server Error","message":"could not execute statement; SQL [n/a]; nested exception is org.hibernate.exception.DataException: could not execute statement","path":"/calculator/insert"} 
2021-08-27 03:15:11,049 INFO  [Log] Asserting error message in response contains could not execute statement; SQL [n/a]; nested exception is org.hibernate.exception.DataException: could not execute statement 
2021-08-27 03:15:11,054 INFO  [Log] test_add_multipleWorkingClassHero_valid2Inputs 
2021-08-27 03:15:11,054 INFO  [Log] Data inserted in body is: [{birthday=24031990, gender=F, natid=2234567890, name=Testuser MU2a, tax=10.00, salary=10000.00}, {birthday=12031990, gender=M, natid=3234567890, name=Testuser MU2b, tax=10.00, salary=10000.00}] 
2021-08-27 03:15:11,116 INFO  [Log] Json string response:Alright 
2021-08-27 03:15:11,116 INFO  [Log] Asserting valid message in response equals Alright 
2021-08-27 03:15:11,125 INFO  [Log] test_add_multipleWorkingClassHero_valid3Inputs 
2021-08-27 03:15:11,125 INFO  [Log] Data inserted in body is: [{birthday=24031990, gender=F, natid=4234567890, name=Testuser MU3a, tax=10.00, salary=10000.00}, {birthday=12031990, gender=M, natid=5234567890, name=Testuser MU3b, tax=10.00, salary=10000.00}, {birthday=12031990, gender=M, natid=6234567890, name=Testuser MU3c, tax=10.00, salary=10000.00}] 
2021-08-27 03:15:11,160 INFO  [Log] Json string response:Alright 
2021-08-27 03:15:11,160 INFO  [Log] Asserting valid message in response equals Alright 
2021-08-27 03:15:11,163 INFO  [Log] test_add_multipleWorkingClassHero_valid1Inputs 
2021-08-27 03:15:11,163 INFO  [Log] Data inserted in body is: [{birthday=24031990, gender=F, natid=7234567890, name=Testuser MU1a, tax=10.00, salary=10000.00}] 
2021-08-27 03:15:11,209 INFO  [Log] Json string response:Alright 
2021-08-27 03:15:11,209 INFO  [Log] Asserting valid message in response equals Alright 
2021-08-27 03:22:28,270 INFO  [Log] Inside setBrowser.. 
2021-08-27 03:22:32,418 INFO  [Log] Browser Configured: Chrome 
2021-08-27 03:22:35,138 INFO  [Log] Inside fileupload 
2021-08-27 03:22:35,143 INFO  [Log] Before Upload asserting presence of records:No records at the moment 
2021-08-27 03:22:35,280 INFO  [Log] Before Upload ,asserting header from UI: No records at the moment ? is same as given Header: No records at the moment 
2021-08-27 03:22:35,287 INFO  [Log] Assertion Complete 
2021-08-27 03:22:35,287 INFO  [Log] Uploading File.. 
2021-08-27 03:22:35,536 INFO  [Log] Clicking on Refresh Tax Relief Button 
2021-08-27 03:22:35,678 INFO  [Log] Checking display of no records text is present 
2021-08-27 03:23:25,753 INFO  [Log] Inside tearDown.. 
2021-08-27 03:23:26,633 INFO  [Log] Inside test_add_singleWorkingClassHero_validInputs.. 
2021-08-27 03:23:26,634 INFO  [Log] Data inserted in body is: {birthday=24031990, gender=F, natid=1234567890, name=TestUser F_AG31, tax=10.00, salary=10000.00} 
2021-08-27 03:23:30,427 INFO  [Log] Json string response:Alright 
2021-08-27 03:23:30,427 INFO  [Log] Asserting valid message in response equals Alright 
2021-08-27 03:23:30,435 INFO  [Log] Inside test_add_singleWorkingClassHero_invalidPatternBirthday.. 
2021-08-27 03:23:30,436 INFO  [Log] Data inserted in body is: {birthday=24-03-1990, gender=F, natid=1234567890, name=TestUser InvalidDOBPattern, tax=10.00, salary=10000.00} 
2021-08-27 03:23:30,586 INFO  [Log] Json string response:{"timestamp":"2021-08-26T19:23:30.520+0000","status":500,"error":"Internal Server Error","message":"Text '24-03-1990' could not be parsed at index 2","path":"/calculator/insert"} 
2021-08-27 03:23:30,586 INFO  [Log] Asserting error message in response contains Text '24-03-1990' could not be parsed at index 2 
2021-08-27 03:23:30,597 INFO  [Log] Inside test_add_singleWorkingClassHero_invalidGender.. 
2021-08-27 03:23:30,598 INFO  [Log] Data inserted in body is: {birthday=24031990, gender=Female, natid=1234567890, name=TestUser InvalidGender, tax=10.00, salary=10000.00} 
2021-08-27 03:23:30,714 INFO  [Log] Json string response:{"timestamp":"2021-08-26T19:23:30.705+0000","status":500,"error":"Internal Server Error","message":"could not execute statement; SQL [n/a]; nested exception is org.hibernate.exception.DataException: could not execute statement","path":"/calculator/insert"} 
2021-08-27 03:23:30,715 INFO  [Log] Asserting error message in response contains could not execute statement; SQL [n/a]; nested exception is org.hibernate.exception.DataException: could not execute statement 
2021-08-27 03:23:30,730 INFO  [Log] test_add_multipleWorkingClassHero_valid2Inputs 
2021-08-27 03:23:30,731 INFO  [Log] Data inserted in body is: [{birthday=24031990, gender=F, natid=2234567890, name=Testuser MU2a, tax=10.00, salary=10000.00}, {birthday=12031990, gender=M, natid=3234567890, name=Testuser MU2b, tax=10.00, salary=10000.00}] 
2021-08-27 03:23:30,786 INFO  [Log] Json string response:Alright 
2021-08-27 03:23:30,786 INFO  [Log] Asserting valid message in response equals Alright 
2021-08-27 03:23:30,796 INFO  [Log] test_add_multipleWorkingClassHero_valid3Inputs 
2021-08-27 03:23:30,796 INFO  [Log] Data inserted in body is: [{birthday=24031990, gender=F, natid=4234567890, name=Testuser MU3a, tax=10.00, salary=10000.00}, {birthday=12031990, gender=M, natid=5234567890, name=Testuser MU3b, tax=10.00, salary=10000.00}, {birthday=12031990, gender=M, natid=6234567890, name=Testuser MU3c, tax=10.00, salary=10000.00}] 
2021-08-27 03:23:30,846 INFO  [Log] Json string response:Alright 
2021-08-27 03:23:30,846 INFO  [Log] Asserting valid message in response equals Alright 
2021-08-27 03:23:30,850 INFO  [Log] test_add_multipleWorkingClassHero_valid1Inputs 
2021-08-27 03:23:30,850 INFO  [Log] Data inserted in body is: [{birthday=24031990, gender=F, natid=7234567890, name=Testuser MU1a, tax=10.00, salary=10000.00}] 
2021-08-27 03:23:30,904 INFO  [Log] Json string response:Alright 
2021-08-27 03:23:30,904 INFO  [Log] Asserting valid message in response equals Alright 
2021-08-27 03:25:27,802 INFO  [Log] Inside setBrowser.. 
2021-08-27 03:25:35,104 INFO  [Log] Browser Configured: Chrome 
2021-08-27 03:25:42,205 INFO  [Log] Inside fileupload 
2021-08-27 03:25:42,207 INFO  [Log] Before Upload asserting presence of records:No records at the moment 
2021-08-27 03:25:42,444 INFO  [Log] Before Upload ,asserting header from UI: No records at the moment ? is same as given Header: No records at the moment 
2021-08-27 03:25:42,485 INFO  [Log] Assertion Complete 
2021-08-27 03:25:42,485 INFO  [Log] Uploading File.. 
2021-08-27 03:25:43,732 INFO  [Log] Clicking on Refresh Tax Relief Button 
2021-08-27 03:25:43,919 INFO  [Log] Checking display of no records text is present 
2021-08-27 03:25:44,111 INFO  [Log] No records at the moment Header is present.. 
2021-08-27 03:25:44,111 INFO  [Log] File is NOT Uploaded Successfully 
2021-08-27 03:25:44,130 INFO  [Log] Inside tearDown.. 
2021-08-27 03:25:45,355 INFO  [Log] Inside test_add_singleWorkingClassHero_validInputs.. 
2021-08-27 03:25:45,356 INFO  [Log] Data inserted in body is: {birthday=24031990, gender=F, natid=1234567890, name=TestUser F_AG31, tax=10.00, salary=10000.00} 
2021-08-27 03:25:51,345 INFO  [Log] Json string response:Alright 
2021-08-27 03:25:51,345 INFO  [Log] Asserting valid message in response equals Alright 
2021-08-27 03:25:51,370 INFO  [Log] Inside test_add_singleWorkingClassHero_invalidPatternBirthday.. 
2021-08-27 03:25:51,371 INFO  [Log] Data inserted in body is: {birthday=24-03-1990, gender=F, natid=1234567890, name=TestUser InvalidDOBPattern, tax=10.00, salary=10000.00} 
2021-08-27 03:25:51,536 INFO  [Log] Json string response:{"timestamp":"2021-08-26T19:25:51.466+0000","status":500,"error":"Internal Server Error","message":"Text '24-03-1990' could not be parsed at index 2","path":"/calculator/insert"} 
2021-08-27 03:25:51,536 INFO  [Log] Asserting error message in response contains Text '24-03-1990' could not be parsed at index 2 
2021-08-27 03:25:51,548 INFO  [Log] Inside test_add_singleWorkingClassHero_invalidGender.. 
2021-08-27 03:25:51,549 INFO  [Log] Data inserted in body is: {birthday=24031990, gender=Female, natid=1234567890, name=TestUser InvalidGender, tax=10.00, salary=10000.00} 
2021-08-27 03:25:51,632 INFO  [Log] Json string response:{"timestamp":"2021-08-26T19:25:51.624+0000","status":500,"error":"Internal Server Error","message":"could not execute statement; SQL [n/a]; nested exception is org.hibernate.exception.DataException: could not execute statement","path":"/calculator/insert"} 
2021-08-27 03:25:51,632 INFO  [Log] Asserting error message in response contains could not execute statement; SQL [n/a]; nested exception is org.hibernate.exception.DataException: could not execute statement 
2021-08-27 03:25:51,643 INFO  [Log] test_add_multipleWorkingClassHero_valid2Inputs 
2021-08-27 03:25:51,644 INFO  [Log] Data inserted in body is: [{birthday=24031990, gender=F, natid=2234567890, name=Testuser MU2a, tax=10.00, salary=10000.00}, {birthday=12031990, gender=M, natid=3234567890, name=Testuser MU2b, tax=10.00, salary=10000.00}] 
2021-08-27 03:25:51,719 INFO  [Log] Json string response:Alright 
2021-08-27 03:25:51,719 INFO  [Log] Asserting valid message in response equals Alright 
2021-08-27 03:25:51,727 INFO  [Log] test_add_multipleWorkingClassHero_valid3Inputs 
2021-08-27 03:25:51,727 INFO  [Log] Data inserted in body is: [{birthday=24031990, gender=F, natid=4234567890, name=Testuser MU3a, tax=10.00, salary=10000.00}, {birthday=12031990, gender=M, natid=5234567890, name=Testuser MU3b, tax=10.00, salary=10000.00}, {birthday=12031990, gender=M, natid=6234567890, name=Testuser MU3c, tax=10.00, salary=10000.00}] 
2021-08-27 03:25:51,760 INFO  [Log] Json string response:Alright 
2021-08-27 03:25:51,760 INFO  [Log] Asserting valid message in response equals Alright 
2021-08-27 03:25:51,771 INFO  [Log] test_add_multipleWorkingClassHero_valid1Inputs 
2021-08-27 03:25:51,772 INFO  [Log] Data inserted in body is: [{birthday=24031990, gender=F, natid=7234567890, name=Testuser MU1a, tax=10.00, salary=10000.00}] 
2021-08-27 03:25:51,812 INFO  [Log] Json string response:Alright 
2021-08-27 03:25:51,813 INFO  [Log] Asserting valid message in response equals Alright 
2021-08-27 03:29:34,512 INFO  [Log] Inside setBrowser.. 
2021-08-27 03:29:38,016 INFO  [Log] Browser Configured: Chrome 
2021-08-27 03:29:41,750 INFO  [Log] Inside fileupload 
2021-08-27 03:29:41,752 INFO  [Log] Before Upload asserting presence of records:No records at the moment 
2021-08-27 03:29:41,883 INFO  [Log] Before Upload ,asserting header from UI: No records at the moment ? is same as given Header: No records at the moment 
2021-08-27 03:29:41,889 INFO  [Log] Assertion Complete 
2021-08-27 03:29:41,921 INFO  [Log] Choosing the file to upload: C:\Users\sudha\eclipse-workspace\oppenheimerproject/src/test/resources/artifacts/TestData_InsertWorkingClassHero.csv 
2021-08-27 03:29:42,023 INFO  [Log] Uploading File.. 
2021-08-27 03:29:42,037 INFO  [Log] Clicking on Refresh Tax Relief Button 
2021-08-27 03:29:42,238 INFO  [Log] Checking display of no records text is present 
2021-08-27 03:29:42,293 INFO  [Log] No records at the moment Header is present.. 
2021-08-27 03:29:42,293 INFO  [Log] File is NOT Uploaded Successfully 
2021-08-27 03:29:42,304 INFO  [Log] Inside tearDown.. 
2021-08-27 03:29:43,942 INFO  [Log] Inside test_add_singleWorkingClassHero_validInputs.. 
2021-08-27 03:29:43,943 INFO  [Log] Data inserted in body is: {birthday=24031990, gender=F, natid=1234567890, name=TestUser F_AG31, tax=10.00, salary=10000.00} 
2021-08-27 03:29:49,381 INFO  [Log] Json string response:Alright 
2021-08-27 03:29:49,382 INFO  [Log] Asserting valid message in response equals Alright 
2021-08-27 03:29:49,394 INFO  [Log] Inside test_add_singleWorkingClassHero_invalidPatternBirthday.. 
2021-08-27 03:29:49,396 INFO  [Log] Data inserted in body is: {birthday=24-03-1990, gender=F, natid=1234567890, name=TestUser InvalidDOBPattern, tax=10.00, salary=10000.00} 
2021-08-27 03:29:49,533 INFO  [Log] Json string response:{"timestamp":"2021-08-26T19:29:49.459+0000","status":500,"error":"Internal Server Error","message":"Text '24-03-1990' could not be parsed at index 2","path":"/calculator/insert"} 
2021-08-27 03:29:49,533 INFO  [Log] Asserting error message in response contains Text '24-03-1990' could not be parsed at index 2 
2021-08-27 03:29:49,537 INFO  [Log] Inside test_add_singleWorkingClassHero_invalidGender.. 
2021-08-27 03:29:49,538 INFO  [Log] Data inserted in body is: {birthday=24031990, gender=Female, natid=1234567890, name=TestUser InvalidGender, tax=10.00, salary=10000.00} 
2021-08-27 03:29:49,617 INFO  [Log] Json string response:{"timestamp":"2021-08-26T19:29:49.609+0000","status":500,"error":"Internal Server Error","message":"could not execute statement; SQL [n/a]; nested exception is org.hibernate.exception.DataException: could not execute statement","path":"/calculator/insert"} 
2021-08-27 03:29:49,618 INFO  [Log] Asserting error message in response contains could not execute statement; SQL [n/a]; nested exception is org.hibernate.exception.DataException: could not execute statement 
2021-08-27 03:29:49,622 INFO  [Log] test_add_multipleWorkingClassHero_valid2Inputs 
2021-08-27 03:29:49,622 INFO  [Log] Data inserted in body is: [{birthday=24031990, gender=F, natid=2234567890, name=Testuser MU2a, tax=10.00, salary=10000.00}, {birthday=12031990, gender=M, natid=3234567890, name=Testuser MU2b, tax=10.00, salary=10000.00}] 
2021-08-27 03:29:49,670 INFO  [Log] Json string response:Alright 
2021-08-27 03:29:49,670 INFO  [Log] Asserting valid message in response equals Alright 
2021-08-27 03:29:49,674 INFO  [Log] test_add_multipleWorkingClassHero_valid3Inputs 
2021-08-27 03:29:49,674 INFO  [Log] Data inserted in body is: [{birthday=24031990, gender=F, natid=4234567890, name=Testuser MU3a, tax=10.00, salary=10000.00}, {birthday=12031990, gender=M, natid=5234567890, name=Testuser MU3b, tax=10.00, salary=10000.00}, {birthday=12031990, gender=M, natid=6234567890, name=Testuser MU3c, tax=10.00, salary=10000.00}] 
2021-08-27 03:29:49,706 INFO  [Log] Json string response:Alright 
2021-08-27 03:29:49,706 INFO  [Log] Asserting valid message in response equals Alright 
2021-08-27 03:29:49,709 INFO  [Log] test_add_multipleWorkingClassHero_valid1Inputs 
2021-08-27 03:29:49,709 INFO  [Log] Data inserted in body is: [{birthday=24031990, gender=F, natid=7234567890, name=Testuser MU1a, tax=10.00, salary=10000.00}] 
2021-08-27 03:29:49,741 INFO  [Log] Json string response:Alright 
2021-08-27 03:29:49,741 INFO  [Log] Asserting valid message in response equals Alright 
2021-08-27 03:38:01,792 INFO  [Log] Inside setBrowser.. 
2021-08-27 03:38:05,932 INFO  [Log] Browser Configured: Chrome 
2021-08-27 03:38:10,731 INFO  [Log] Inside fileupload 
2021-08-27 03:38:10,733 INFO  [Log] Before Upload asserting presence of records:No records at the moment 
2021-08-27 03:38:10,999 INFO  [Log] Before Upload ,asserting header from UI: No records at the moment ? is same as given Header: No records at the moment 
2021-08-27 03:38:11,005 INFO  [Log] Assertion Complete 
2021-08-27 03:38:11,005 INFO  [Log] Choosing the file to upload: C:\Users\sudha\eclipse-workspace\oppenheimerproject//src//test//resources//artifacts//TestData_InsertWorkingClassHero.csv 
2021-08-27 03:38:11,149 INFO  [Log] Uploading File.. 
2021-08-27 03:38:11,160 INFO  [Log] Clicking on Refresh Tax Relief Button 
2021-08-27 03:38:11,383 INFO  [Log] Checking display of no records text is present 
2021-08-27 03:38:11,464 INFO  [Log] No records at the moment Header is present.. 
2021-08-27 03:38:11,464 INFO  [Log] File is NOT Uploaded Successfully 
2021-08-27 03:38:11,495 INFO  [Log] Inside tearDown.. 
2021-08-27 03:38:13,810 INFO  [Log] Inside test_add_singleWorkingClassHero_validInputs.. 
2021-08-27 03:38:13,810 INFO  [Log] Data inserted in body is: {birthday=24031990, gender=F, natid=1234567890, name=TestUser F_AG31, tax=10.00, salary=10000.00} 
2021-08-27 03:38:18,106 INFO  [Log] Json string response:Alright 
2021-08-27 03:38:18,107 INFO  [Log] Asserting valid message in response equals Alright 
2021-08-27 03:38:18,123 INFO  [Log] Inside test_add_singleWorkingClassHero_invalidPatternBirthday.. 
2021-08-27 03:38:18,124 INFO  [Log] Data inserted in body is: {birthday=24-03-1990, gender=F, natid=1234567890, name=TestUser InvalidDOBPattern, tax=10.00, salary=10000.00} 
2021-08-27 03:38:18,262 INFO  [Log] Json string response:{"timestamp":"2021-08-26T19:38:18.186+0000","status":500,"error":"Internal Server Error","message":"Text '24-03-1990' could not be parsed at index 2","path":"/calculator/insert"} 
2021-08-27 03:38:18,262 INFO  [Log] Asserting error message in response contains Text '24-03-1990' could not be parsed at index 2 
2021-08-27 03:38:18,274 INFO  [Log] Inside test_add_singleWorkingClassHero_invalidGender.. 
2021-08-27 03:38:18,274 INFO  [Log] Data inserted in body is: {birthday=24031990, gender=Female, natid=1234567890, name=TestUser InvalidGender, tax=10.00, salary=10000.00} 
2021-08-27 03:38:18,365 INFO  [Log] Json string response:{"timestamp":"2021-08-26T19:38:18.357+0000","status":500,"error":"Internal Server Error","message":"could not execute statement; SQL [n/a]; nested exception is org.hibernate.exception.DataException: could not execute statement","path":"/calculator/insert"} 
2021-08-27 03:38:18,365 INFO  [Log] Asserting error message in response contains could not execute statement; SQL [n/a]; nested exception is org.hibernate.exception.DataException: could not execute statement 
2021-08-27 03:38:18,369 INFO  [Log] test_add_multipleWorkingClassHero_valid2Inputs 
2021-08-27 03:38:18,370 INFO  [Log] Data inserted in body is: [{birthday=24031990, gender=F, natid=2234567890, name=Testuser MU2a, tax=10.00, salary=10000.00}, {birthday=12031990, gender=M, natid=3234567890, name=Testuser MU2b, tax=10.00, salary=10000.00}] 
2021-08-27 03:38:18,432 INFO  [Log] Json string response:Alright 
2021-08-27 03:38:18,433 INFO  [Log] Asserting valid message in response equals Alright 
2021-08-27 03:38:18,440 INFO  [Log] test_add_multipleWorkingClassHero_valid3Inputs 
2021-08-27 03:38:18,441 INFO  [Log] Data inserted in body is: [{birthday=24031990, gender=F, natid=4234567890, name=Testuser MU3a, tax=10.00, salary=10000.00}, {birthday=12031990, gender=M, natid=5234567890, name=Testuser MU3b, tax=10.00, salary=10000.00}, {birthday=12031990, gender=M, natid=6234567890, name=Testuser MU3c, tax=10.00, salary=10000.00}] 
2021-08-27 03:38:18,474 INFO  [Log] Json string response:Alright 
2021-08-27 03:38:18,475 INFO  [Log] Asserting valid message in response equals Alright 
2021-08-27 03:38:18,481 INFO  [Log] test_add_multipleWorkingClassHero_valid1Inputs 
2021-08-27 03:38:18,482 INFO  [Log] Data inserted in body is: [{birthday=24031990, gender=F, natid=7234567890, name=Testuser MU1a, tax=10.00, salary=10000.00}] 
2021-08-27 03:38:18,527 INFO  [Log] Json string response:Alright 
2021-08-27 03:38:18,528 INFO  [Log] Asserting valid message in response equals Alright 
2021-08-27 03:41:05,366 INFO  [Log] Inside setBrowser.. 
2021-08-27 03:41:09,245 INFO  [Log] Browser Configured: Chrome 
2021-08-27 03:41:13,597 INFO  [Log] Inside fileupload 
2021-08-27 03:41:13,599 INFO  [Log] Before Upload asserting presence of records:No records at the moment 
2021-08-27 03:41:13,890 INFO  [Log] Before Upload ,asserting header from UI: No records at the moment ? is same as given Header: No records at the moment 
2021-08-27 03:41:13,897 INFO  [Log] Assertion Complete 
2021-08-27 03:41:13,897 INFO  [Log] Choosing the file to upload: C:\Users\sudha\eclipse-workspace\oppenheimerproject\src\test\resources\artifacts\TestData_InsertWorkingClassHero.csv 
2021-08-27 03:41:16,104 INFO  [Log] Uploading File.. 
2021-08-27 03:41:16,109 INFO  [Log] Clicking on Refresh Tax Relief Button 
2021-08-27 03:41:16,323 INFO  [Log] Checking display of no records text is present 
2021-08-27 03:41:16,364 INFO  [Log] No records at the moment Header is present.. 
2021-08-27 03:41:16,364 INFO  [Log] File is NOT Uploaded Successfully 
2021-08-27 03:41:16,377 INFO  [Log] Inside tearDown.. 
2021-08-27 03:41:17,664 INFO  [Log] Inside test_add_singleWorkingClassHero_validInputs.. 
2021-08-27 03:41:17,665 INFO  [Log] Data inserted in body is: {birthday=24031990, gender=F, natid=1234567890, name=TestUser F_AG31, tax=10.00, salary=10000.00} 
2021-08-27 03:41:21,865 INFO  [Log] Json string response:Alright 
2021-08-27 03:41:21,865 INFO  [Log] Asserting valid message in response equals Alright 
2021-08-27 03:41:21,884 INFO  [Log] Inside test_add_singleWorkingClassHero_invalidPatternBirthday.. 
2021-08-27 03:41:21,884 INFO  [Log] Data inserted in body is: {birthday=24-03-1990, gender=F, natid=1234567890, name=TestUser InvalidDOBPattern, tax=10.00, salary=10000.00} 
2021-08-27 03:41:22,076 INFO  [Log] Json string response:{"timestamp":"2021-08-26T19:41:21.978+0000","status":500,"error":"Internal Server Error","message":"Text '24-03-1990' could not be parsed at index 2","path":"/calculator/insert"} 
2021-08-27 03:41:22,077 INFO  [Log] Asserting error message in response contains Text '24-03-1990' could not be parsed at index 2 
2021-08-27 03:41:22,087 INFO  [Log] Inside test_add_singleWorkingClassHero_invalidGender.. 
2021-08-27 03:41:22,087 INFO  [Log] Data inserted in body is: {birthday=24031990, gender=Female, natid=1234567890, name=TestUser InvalidGender, tax=10.00, salary=10000.00} 
2021-08-27 03:41:22,172 INFO  [Log] Json string response:{"timestamp":"2021-08-26T19:41:22.162+0000","status":500,"error":"Internal Server Error","message":"could not execute statement; SQL [n/a]; nested exception is org.hibernate.exception.DataException: could not execute statement","path":"/calculator/insert"} 
2021-08-27 03:41:22,172 INFO  [Log] Asserting error message in response contains could not execute statement; SQL [n/a]; nested exception is org.hibernate.exception.DataException: could not execute statement 
2021-08-27 03:41:22,185 INFO  [Log] test_add_multipleWorkingClassHero_valid2Inputs 
2021-08-27 03:41:22,185 INFO  [Log] Data inserted in body is: [{birthday=24031990, gender=F, natid=2234567890, name=Testuser MU2a, tax=10.00, salary=10000.00}, {birthday=12031990, gender=M, natid=3234567890, name=Testuser MU2b, tax=10.00, salary=10000.00}] 
2021-08-27 03:41:22,279 INFO  [Log] Json string response:Alright 
2021-08-27 03:41:22,280 INFO  [Log] Asserting valid message in response equals Alright 
2021-08-27 03:41:22,293 INFO  [Log] test_add_multipleWorkingClassHero_valid3Inputs 
2021-08-27 03:41:22,293 INFO  [Log] Data inserted in body is: [{birthday=24031990, gender=F, natid=4234567890, name=Testuser MU3a, tax=10.00, salary=10000.00}, {birthday=12031990, gender=M, natid=5234567890, name=Testuser MU3b, tax=10.00, salary=10000.00}, {birthday=12031990, gender=M, natid=6234567890, name=Testuser MU3c, tax=10.00, salary=10000.00}] 
2021-08-27 03:41:22,345 INFO  [Log] Json string response:Alright 
2021-08-27 03:41:22,345 INFO  [Log] Asserting valid message in response equals Alright 
2021-08-27 03:41:22,353 INFO  [Log] test_add_multipleWorkingClassHero_valid1Inputs 
2021-08-27 03:41:22,354 INFO  [Log] Data inserted in body is: [{birthday=24031990, gender=F, natid=7234567890, name=Testuser MU1a, tax=10.00, salary=10000.00}] 
2021-08-27 03:41:22,433 INFO  [Log] Json string response:Alright 
2021-08-27 03:41:22,434 INFO  [Log] Asserting valid message in response equals Alright 
2021-08-27 09:11:33,524 INFO  [Log] Inside setBrowser.. 
2021-08-27 09:11:40,374 INFO  [Log] Browser Configured: Chrome 
2021-08-27 09:11:55,403 INFO  [Log] Inside fileupload 
2021-08-27 09:11:55,411 INFO  [Log] Before Upload asserting presence of records:No records at the moment 
2021-08-27 09:11:56,419 INFO  [Log] Before Upload ,asserting header from UI: No records at the moment ? is same as given Header: No records at the moment 
2021-08-27 09:11:56,427 INFO  [Log] Assertion Complete 
2021-08-27 09:11:56,427 INFO  [Log] Uploading the file.. 
2021-08-27 09:11:57,672 INFO  [Log] Choosing the file to upload: C:\Users\sudha\eclipse-workspace\oppenheimerproject\src\test\resources\artifacts\TestData_InsertWorkingClassHero.csv 
2021-08-27 09:11:57,808 INFO  [Log] Uploading File.. 
2021-08-27 09:11:57,819 INFO  [Log] Clicking on Refresh Tax Relief Button 
2021-08-27 09:11:58,062 INFO  [Log] Checking display of no records text is present 
2021-08-27 09:11:58,210 INFO  [Log] No records at the moment Header is present.. 
2021-08-27 09:11:58,211 INFO  [Log] File is NOT Uploaded Successfully 
2021-08-27 09:11:58,223 INFO  [Log] Inside tearDown.. 
2021-08-27 09:11:59,814 INFO  [Log] Inside test_add_singleWorkingClassHero_validInputs.. 
2021-08-27 09:11:59,815 INFO  [Log] Data inserted in body is: {birthday=24031990, gender=F, natid=1234567890, name=TestUser F_AG31, tax=10.00, salary=10000.00} 
2021-08-27 09:12:08,750 INFO  [Log] Json string response:Alright 
2021-08-27 09:12:08,751 INFO  [Log] Asserting valid message in response equals Alright 
2021-08-27 09:12:08,771 INFO  [Log] Inside test_add_singleWorkingClassHero_invalidPatternBirthday.. 
2021-08-27 09:12:08,772 INFO  [Log] Data inserted in body is: {birthday=24-03-1990, gender=F, natid=1234567890, name=TestUser InvalidDOBPattern, tax=10.00, salary=10000.00} 
2021-08-27 09:12:09,046 INFO  [Log] Json string response:{"timestamp":"2021-08-27T01:12:08.929+0000","status":500,"error":"Internal Server Error","message":"Text '24-03-1990' could not be parsed at index 2","path":"/calculator/insert"} 
2021-08-27 09:12:09,047 INFO  [Log] Asserting error message in response contains Text '24-03-1990' could not be parsed at index 2 
2021-08-27 09:12:09,065 INFO  [Log] Inside test_add_singleWorkingClassHero_invalidGender.. 
2021-08-27 09:12:09,066 INFO  [Log] Data inserted in body is: {birthday=24031990, gender=Female, natid=1234567890, name=TestUser InvalidGender, tax=10.00, salary=10000.00} 
2021-08-27 09:12:09,341 INFO  [Log] Json string response:{"timestamp":"2021-08-27T01:12:09.328+0000","status":500,"error":"Internal Server Error","message":"could not execute statement; SQL [n/a]; nested exception is org.hibernate.exception.DataException: could not execute statement","path":"/calculator/insert"} 
2021-08-27 09:12:09,341 INFO  [Log] Asserting error message in response contains could not execute statement; SQL [n/a]; nested exception is org.hibernate.exception.DataException: could not execute statement 
2021-08-27 09:12:09,352 INFO  [Log] test_add_multipleWorkingClassHero_valid2Inputs 
2021-08-27 09:12:09,353 INFO  [Log] Data inserted in body is: [{birthday=24031990, gender=F, natid=2234567890, name=Testuser MU2a, tax=10.00, salary=10000.00}, {birthday=12031990, gender=M, natid=3234567890, name=Testuser MU2b, tax=10.00, salary=10000.00}] 
2021-08-27 09:12:09,451 INFO  [Log] Json string response:Alright 
2021-08-27 09:12:09,451 INFO  [Log] Asserting valid message in response equals Alright 
2021-08-27 09:12:09,457 INFO  [Log] test_add_multipleWorkingClassHero_valid3Inputs 
2021-08-27 09:12:09,457 INFO  [Log] Data inserted in body is: [{birthday=24031990, gender=F, natid=4234567890, name=Testuser MU3a, tax=10.00, salary=10000.00}, {birthday=12031990, gender=M, natid=5234567890, name=Testuser MU3b, tax=10.00, salary=10000.00}, {birthday=12031990, gender=M, natid=6234567890, name=Testuser MU3c, tax=10.00, salary=10000.00}] 
2021-08-27 09:12:09,509 INFO  [Log] Json string response:Alright 
2021-08-27 09:12:09,509 INFO  [Log] Asserting valid message in response equals Alright 
2021-08-27 09:12:09,517 INFO  [Log] test_add_multipleWorkingClassHero_valid1Inputs 
2021-08-27 09:12:09,517 INFO  [Log] Data inserted in body is: [{birthday=24031990, gender=F, natid=7234567890, name=Testuser MU1a, tax=10.00, salary=10000.00}] 
2021-08-27 09:12:09,570 INFO  [Log] Json string response:Alright 
2021-08-27 09:12:09,570 INFO  [Log] Asserting valid message in response equals Alright 
2021-08-27 09:35:01,687 INFO  [Log] Inside setBrowser.. 
2021-08-27 09:35:14,275 INFO  [Log] Browser Configured: Chrome 
2021-08-27 09:35:21,760 INFO  [Log] Inside fileupload 
2021-08-27 09:35:21,762 INFO  [Log] Before Upload asserting presence of records:No records at the moment 
2021-08-27 09:35:21,901 INFO  [Log] Before Upload ,asserting header from UI: No records at the moment ? is same as given Header: No records at the moment 
2021-08-27 09:35:21,909 INFO  [Log] Assertion Complete 
2021-08-27 09:35:22,910 INFO  [Log] Uploading the file.. 
2021-08-27 09:35:24,073 INFO  [Log] Choosing the file to upload: C:\Users\sudha\eclipse-workspace\oppenheimerproject\src\test\resources\artifacts\TestData.csv 
2021-08-27 09:35:24,163 INFO  [Log] Uploading File.. 
2021-08-27 09:35:24,169 INFO  [Log] Clicking on Refresh Tax Relief Button 
2021-08-27 09:35:24,297 INFO  [Log] Checking display of no records text is present 
2021-08-27 09:35:24,374 INFO  [Log] No records at the moment Header is present.. 
2021-08-27 09:35:24,374 INFO  [Log] File is NOT Uploaded Successfully 
2021-08-27 09:35:24,388 INFO  [Log] Inside tearDown.. 
2021-08-27 09:35:26,016 INFO  [Log] Inside test_add_singleWorkingClassHero_validInputs.. 
2021-08-27 09:35:26,019 INFO  [Log] Data inserted in body is: {birthday=24031990, gender=F, natid=1234567890, name=TestUser F_AG31, tax=10.00, salary=10000.00} 
2021-08-27 09:35:30,900 INFO  [Log] Json string response:Alright 
2021-08-27 09:35:30,901 INFO  [Log] Asserting valid message in response equals Alright 
2021-08-27 09:35:30,928 INFO  [Log] Inside test_add_singleWorkingClassHero_invalidPatternBirthday.. 
2021-08-27 09:35:30,928 INFO  [Log] Data inserted in body is: {birthday=24-03-1990, gender=F, natid=1234567890, name=TestUser InvalidDOBPattern, tax=10.00, salary=10000.00} 
2021-08-27 09:35:31,162 INFO  [Log] Json string response:{"timestamp":"2021-08-27T01:35:31.025+0000","status":500,"error":"Internal Server Error","message":"Text '24-03-1990' could not be parsed at index 2","path":"/calculator/insert"} 
2021-08-27 09:35:31,162 INFO  [Log] Asserting error message in response contains Text '24-03-1990' could not be parsed at index 2 
2021-08-27 09:35:31,177 INFO  [Log] Inside test_add_singleWorkingClassHero_invalidGender.. 
2021-08-27 09:35:31,177 INFO  [Log] Data inserted in body is: {birthday=24031990, gender=Female, natid=1234567890, name=TestUser InvalidGender, tax=10.00, salary=10000.00} 
2021-08-27 09:35:31,337 INFO  [Log] Json string response:{"timestamp":"2021-08-27T01:35:31.325+0000","status":500,"error":"Internal Server Error","message":"could not execute statement; SQL [n/a]; nested exception is org.hibernate.exception.DataException: could not execute statement","path":"/calculator/insert"} 
2021-08-27 09:35:31,339 INFO  [Log] Asserting error message in response contains could not execute statement; SQL [n/a]; nested exception is org.hibernate.exception.DataException: could not execute statement 
2021-08-27 09:35:31,349 INFO  [Log] test_add_multipleWorkingClassHero_valid2Inputs 
2021-08-27 09:35:31,350 INFO  [Log] Data inserted in body is: [{birthday=24031990, gender=F, natid=2234567890, name=Testuser MU2a, tax=10.00, salary=10000.00}, {birthday=12031990, gender=M, natid=3234567890, name=Testuser MU2b, tax=10.00, salary=10000.00}] 
2021-08-27 09:35:31,413 INFO  [Log] Json string response:Alright 
2021-08-27 09:35:31,413 INFO  [Log] Asserting valid message in response equals Alright 
2021-08-27 09:35:31,419 INFO  [Log] test_add_multipleWorkingClassHero_valid3Inputs 
2021-08-27 09:35:31,419 INFO  [Log] Data inserted in body is: [{birthday=24031990, gender=F, natid=4234567890, name=Testuser MU3a, tax=10.00, salary=10000.00}, {birthday=12031990, gender=M, natid=5234567890, name=Testuser MU3b, tax=10.00, salary=10000.00}, {birthday=12031990, gender=M, natid=6234567890, name=Testuser MU3c, tax=10.00, salary=10000.00}] 
2021-08-27 09:35:31,483 INFO  [Log] Json string response:Alright 
2021-08-27 09:35:31,484 INFO  [Log] Asserting valid message in response equals Alright 
2021-08-27 09:35:31,489 INFO  [Log] test_add_multipleWorkingClassHero_valid1Inputs 
2021-08-27 09:35:31,489 INFO  [Log] Data inserted in body is: [{birthday=24031990, gender=F, natid=7234567890, name=Testuser MU1a, tax=10.00, salary=10000.00}] 
2021-08-27 09:35:31,563 INFO  [Log] Json string response:Alright 
2021-08-27 09:35:31,564 INFO  [Log] Asserting valid message in response equals Alright 
2021-08-27 09:39:08,402 INFO  [Log] Inside setBrowser.. 
2021-08-27 09:39:14,415 INFO  [Log] Browser Configured: Chrome 
2021-08-27 09:39:19,780 INFO  [Log] Inside fileupload 
2021-08-27 09:39:19,782 INFO  [Log] Before Upload asserting presence of records:No records at the moment 
2021-08-27 09:39:19,893 INFO  [Log] Before Upload ,asserting header from UI: No records at the moment ? is same as given Header: No records at the moment 
2021-08-27 09:39:19,901 INFO  [Log] Assertion Complete 
2021-08-27 09:39:20,902 INFO  [Log] Uploading the file.. 
2021-08-27 09:39:23,074 INFO  [Log] Choosing the file to upload: C:\Users\sudha\eclipse-workspace\oppenheimerproject\src\test\resources\artifacts\TestData.csv 
2021-08-27 09:39:23,152 INFO  [Log] Uploading File.. 
2021-08-27 09:39:23,161 INFO  [Log] Clicking on Refresh Tax Relief Button 
2021-08-27 09:39:23,415 INFO  [Log] Checking display of no records text is present 
2021-08-27 09:39:23,481 INFO  [Log] No records at the moment Header is present.. 
2021-08-27 09:39:23,481 INFO  [Log] File is NOT Uploaded Successfully 
2021-08-27 09:39:23,495 INFO  [Log] Inside tearDown.. 
2021-08-27 09:39:25,491 INFO  [Log] Inside test_add_singleWorkingClassHero_validInputs.. 
2021-08-27 09:39:25,492 INFO  [Log] Data inserted in body is: {birthday=24031990, gender=F, natid=1234567890, name=TestUser F_AG31, tax=10.00, salary=10000.00} 
2021-08-27 09:39:34,092 INFO  [Log] Json string response:Alright 
2021-08-27 09:39:34,093 INFO  [Log] Asserting valid message in response equals Alright 
2021-08-27 09:39:34,114 INFO  [Log] Inside test_add_singleWorkingClassHero_invalidPatternBirthday.. 
2021-08-27 09:39:34,115 INFO  [Log] Data inserted in body is: {birthday=24-03-1990, gender=F, natid=1234567890, name=TestUser InvalidDOBPattern, tax=10.00, salary=10000.00} 
2021-08-27 09:39:34,649 INFO  [Log] Json string response:{"timestamp":"2021-08-27T01:39:34.332+0000","status":500,"error":"Internal Server Error","message":"Text '24-03-1990' could not be parsed at index 2","path":"/calculator/insert"} 
2021-08-27 09:39:34,652 INFO  [Log] Asserting error message in response contains Text '24-03-1990' could not be parsed at index 2 
2021-08-27 09:39:34,804 INFO  [Log] Inside test_add_singleWorkingClassHero_invalidGender.. 
2021-08-27 09:39:34,806 INFO  [Log] Data inserted in body is: {birthday=24031990, gender=Female, natid=1234567890, name=TestUser InvalidGender, tax=10.00, salary=10000.00} 
2021-08-27 09:39:34,967 INFO  [Log] Json string response:{"timestamp":"2021-08-27T01:39:34.958+0000","status":500,"error":"Internal Server Error","message":"could not execute statement; SQL [n/a]; nested exception is org.hibernate.exception.DataException: could not execute statement","path":"/calculator/insert"} 
2021-08-27 09:39:34,967 INFO  [Log] Asserting error message in response contains could not execute statement; SQL [n/a]; nested exception is org.hibernate.exception.DataException: could not execute statement 
2021-08-27 09:39:34,974 INFO  [Log] test_add_multipleWorkingClassHero_valid2Inputs 
2021-08-27 09:39:34,974 INFO  [Log] Data inserted in body is: [{birthday=24031990, gender=F, natid=2234567890, name=Testuser MU2a, tax=10.00, salary=10000.00}, {birthday=12031990, gender=M, natid=3234567890, name=Testuser MU2b, tax=10.00, salary=10000.00}] 
2021-08-27 09:39:35,041 INFO  [Log] Json string response:Alright 
2021-08-27 09:39:35,041 INFO  [Log] Asserting valid message in response equals Alright 
2021-08-27 09:39:35,046 INFO  [Log] test_add_multipleWorkingClassHero_valid3Inputs 
2021-08-27 09:39:35,046 INFO  [Log] Data inserted in body is: [{birthday=24031990, gender=F, natid=4234567890, name=Testuser MU3a, tax=10.00, salary=10000.00}, {birthday=12031990, gender=M, natid=5234567890, name=Testuser MU3b, tax=10.00, salary=10000.00}, {birthday=12031990, gender=M, natid=6234567890, name=Testuser MU3c, tax=10.00, salary=10000.00}] 
2021-08-27 09:39:35,093 INFO  [Log] Json string response:Alright 
2021-08-27 09:39:35,094 INFO  [Log] Asserting valid message in response equals Alright 
2021-08-27 09:39:35,100 INFO  [Log] test_add_multipleWorkingClassHero_valid1Inputs 
2021-08-27 09:39:35,100 INFO  [Log] Data inserted in body is: [{birthday=24031990, gender=F, natid=7234567890, name=Testuser MU1a, tax=10.00, salary=10000.00}] 
2021-08-27 09:39:35,148 INFO  [Log] Json string response:Alright 
2021-08-27 09:39:35,149 INFO  [Log] Asserting valid message in response equals Alright 
2021-08-27 09:48:36,434 INFO  [Log] Inside setBrowser.. 
2021-08-27 09:48:40,938 INFO  [Log] Browser Configured: Chrome 
2021-08-27 09:48:46,505 INFO  [Log] Inside fileupload 
2021-08-27 09:48:46,506 INFO  [Log] Before Upload asserting presence of records:No records at the moment 
2021-08-27 09:48:46,782 INFO  [Log] Before Upload ,asserting header from UI: No records at the moment ? is same as given Header: No records at the moment 
2021-08-27 09:48:46,790 INFO  [Log] Assertion Complete 
2021-08-27 09:48:47,792 INFO  [Log] Uploading the file.. 
2021-08-27 09:48:47,875 INFO  [Log] Inside Exception of fileUpload invalid selector: Unable to locate an element with the xpath expression C:\Users\sudha\eclipse-workspace\oppenheimerproject\src\test\resources\artifacts\TestData.csv because of the following error:
SyntaxError: Failed to execute 'evaluate' on 'Document': The string 'C:\Users\sudha\eclipse-workspace\oppenheimerproject\src\test\resources\artifacts\TestData.csv' is not a valid XPath expression.
  (Session info: chrome=92.0.4515.159)
For documentation on this error, please visit: https://www.seleniumhq.org/exceptions/invalid_selector_exception.html
Build info: version: '3.141.59', revision: 'e82be7d358', time: '2018-11-14T08:17:03'
System info: host: 'SUDHA-PRO4', ip: '172.25.164.147', os.name: 'Windows 10', os.arch: 'amd64', os.version: '10.0', java.version: '11.0.2-redhat'
Driver info: org.openqa.selenium.chrome.ChromeDriver
Capabilities {acceptInsecureCerts: false, browserName: chrome, browserVersion: 92.0.4515.159, chrome: {chromedriverVersion: 91.0.4472.101 (af52a90bf870..., userDataDir: C:\Users\sudha\AppData\Loca...}, goog:chromeOptions: {debuggerAddress: localhost:52309}, javascriptEnabled: true, networkConnectionEnabled: false, pageLoadStrategy: normal, platform: WINDOWS, platformName: WINDOWS, proxy: Proxy(), setWindowRect: true, strictFileInteractability: false, timeouts: {implicit: 0, pageLoad: 300000, script: 30000}, unhandledPromptBehavior: dismiss and notify, webauthn:extension:largeBlob: true, webauthn:virtualAuthenticators: true}
Session ID: 76a3ea85e689448985415ed8f53e7c80
*** Element info: {Using=xpath, value=C:\Users\sudha\eclipse-workspace\oppenheimerproject\src\test\resources\artifacts\TestData.csv} 
2021-08-27 09:48:47,891 INFO  [Log] Inside tearDown.. 
2021-08-27 09:48:49,057 INFO  [Log] Inside test_add_singleWorkingClassHero_validInputs.. 
2021-08-27 09:48:49,058 INFO  [Log] Data inserted in body is: {birthday=24031990, gender=F, natid=1234567890, name=TestUser F_AG31, tax=10.00, salary=10000.00} 
2021-08-27 09:48:54,281 INFO  [Log] Json string response:Alright 
2021-08-27 09:48:54,281 INFO  [Log] Asserting valid message in response equals Alright 
2021-08-27 09:48:54,304 INFO  [Log] Inside test_add_singleWorkingClassHero_invalidPatternBirthday.. 
2021-08-27 09:48:54,304 INFO  [Log] Data inserted in body is: {birthday=24-03-1990, gender=F, natid=1234567890, name=TestUser InvalidDOBPattern, tax=10.00, salary=10000.00} 
2021-08-27 09:48:54,596 INFO  [Log] Json string response:{"timestamp":"2021-08-27T01:48:54.462+0000","status":500,"error":"Internal Server Error","message":"Text '24-03-1990' could not be parsed at index 2","path":"/calculator/insert"} 
2021-08-27 09:48:54,596 INFO  [Log] Asserting error message in response contains Text '24-03-1990' could not be parsed at index 2 
2021-08-27 09:48:54,610 INFO  [Log] Inside test_add_singleWorkingClassHero_invalidGender.. 
2021-08-27 09:48:54,611 INFO  [Log] Data inserted in body is: {birthday=24031990, gender=Female, natid=1234567890, name=TestUser InvalidGender, tax=10.00, salary=10000.00} 
2021-08-27 09:48:54,767 INFO  [Log] Json string response:{"timestamp":"2021-08-27T01:48:54.753+0000","status":500,"error":"Internal Server Error","message":"could not execute statement; SQL [n/a]; nested exception is org.hibernate.exception.DataException: could not execute statement","path":"/calculator/insert"} 
2021-08-27 09:48:54,767 INFO  [Log] Asserting error message in response contains could not execute statement; SQL [n/a]; nested exception is org.hibernate.exception.DataException: could not execute statement 
2021-08-27 09:48:54,779 INFO  [Log] test_add_multipleWorkingClassHero_valid2Inputs 
2021-08-27 09:48:54,780 INFO  [Log] Data inserted in body is: [{birthday=24031990, gender=F, natid=2234567890, name=Testuser MU2a, tax=10.00, salary=10000.00}, {birthday=12031990, gender=M, natid=3234567890, name=Testuser MU2b, tax=10.00, salary=10000.00}] 
2021-08-27 09:48:54,876 INFO  [Log] Json string response:Alright 
2021-08-27 09:48:54,877 INFO  [Log] Asserting valid message in response equals Alright 
2021-08-27 09:48:54,899 INFO  [Log] test_add_multipleWorkingClassHero_valid3Inputs 
2021-08-27 09:48:54,899 INFO  [Log] Data inserted in body is: [{birthday=24031990, gender=F, natid=4234567890, name=Testuser MU3a, tax=10.00, salary=10000.00}, {birthday=12031990, gender=M, natid=5234567890, name=Testuser MU3b, tax=10.00, salary=10000.00}, {birthday=12031990, gender=M, natid=6234567890, name=Testuser MU3c, tax=10.00, salary=10000.00}] 
2021-08-27 09:48:54,967 INFO  [Log] Json string response:Alright 
2021-08-27 09:48:54,967 INFO  [Log] Asserting valid message in response equals Alright 
2021-08-27 09:48:54,981 INFO  [Log] test_add_multipleWorkingClassHero_valid1Inputs 
2021-08-27 09:48:54,981 INFO  [Log] Data inserted in body is: [{birthday=24031990, gender=F, natid=7234567890, name=Testuser MU1a, tax=10.00, salary=10000.00}] 
2021-08-27 09:48:55,039 INFO  [Log] Json string response:Alright 
2021-08-27 09:48:55,040 INFO  [Log] Asserting valid message in response equals Alright 
2021-08-27 09:50:24,717 INFO  [Log] Inside setBrowser.. 
2021-08-27 09:50:28,640 INFO  [Log] Browser Configured: Chrome 
2021-08-27 09:50:31,513 INFO  [Log] Inside fileupload 
2021-08-27 09:50:31,516 INFO  [Log] Before Upload asserting presence of records:No records at the moment 
2021-08-27 09:51:32,134 INFO  [Log] Inside Exception of fileUpload no such element: Unable to locate element: {"method":"xpath","selector":"//div[@id="contents"]//h1[contains(text(),'No records')]"}
  (Session info: chrome=92.0.4515.159)
For documentation on this error, please visit: https://www.seleniumhq.org/exceptions/no_such_element.html
Build info: version: '3.141.59', revision: 'e82be7d358', time: '2018-11-14T08:17:03'
System info: host: 'SUDHA-PRO4', ip: '172.25.164.147', os.name: 'Windows 10', os.arch: 'amd64', os.version: '10.0', java.version: '11.0.2-redhat'
Driver info: org.openqa.selenium.chrome.ChromeDriver
Capabilities {acceptInsecureCerts: false, browserName: chrome, browserVersion: 92.0.4515.159, chrome: {chromedriverVersion: 91.0.4472.101 (af52a90bf870..., userDataDir: C:\Users\sudha\AppData\Loca...}, goog:chromeOptions: {debuggerAddress: localhost:62751}, javascriptEnabled: true, networkConnectionEnabled: false, pageLoadStrategy: normal, platform: WINDOWS, platformName: WINDOWS, proxy: Proxy(), setWindowRect: true, strictFileInteractability: false, timeouts: {implicit: 0, pageLoad: 300000, script: 30000}, unhandledPromptBehavior: dismiss and notify, webauthn:extension:largeBlob: true, webauthn:virtualAuthenticators: true}
Session ID: 9d1b46e83f9874999837aa11519c62b1
*** Element info: {Using=xpath, value=//div[@id="contents"]//h1[contains(text(),'No records')]} 
2021-08-27 09:51:32,166 INFO  [Log] Inside tearDown.. 
2021-08-27 09:51:41,719 INFO  [Log] Inside test_add_singleWorkingClassHero_validInputs.. 
2021-08-27 09:51:41,720 INFO  [Log] Data inserted in body is: {birthday=24031990, gender=F, natid=1234567890, name=TestUser F_AG31, tax=10.00, salary=10000.00} 
2021-08-27 09:51:56,336 INFO  [Log] Inside test_add_singleWorkingClassHero_invalidPatternBirthday.. 
2021-08-27 09:51:56,337 INFO  [Log] Data inserted in body is: {birthday=24-03-1990, gender=F, natid=1234567890, name=TestUser InvalidDOBPattern, tax=10.00, salary=10000.00} 
2021-08-27 09:52:01,177 INFO  [Log] Json string response:{"timestamp":"2021-08-27T01:52:00.496+0000","status":500,"error":"Internal Server Error","message":"Text '24-03-1990' could not be parsed at index 2","path":"/calculator/insert"} 
2021-08-27 09:52:01,178 INFO  [Log] Asserting error message in response contains Text '24-03-1990' could not be parsed at index 2 
2021-08-27 09:52:01,206 INFO  [Log] Inside test_add_singleWorkingClassHero_invalidGender.. 
2021-08-27 09:52:01,206 INFO  [Log] Data inserted in body is: {birthday=24031990, gender=Female, natid=1234567890, name=TestUser InvalidGender, tax=10.00, salary=10000.00} 
2021-08-27 09:52:01,508 INFO  [Log] Json string response:{"timestamp":"2021-08-27T01:52:01.493+0000","status":500,"error":"Internal Server Error","message":"could not execute statement; SQL [n/a]; nested exception is org.hibernate.exception.DataException: could not execute statement","path":"/calculator/insert"} 
2021-08-27 09:52:01,508 INFO  [Log] Asserting error message in response contains could not execute statement; SQL [n/a]; nested exception is org.hibernate.exception.DataException: could not execute statement 
2021-08-27 09:52:01,514 INFO  [Log] test_add_multipleWorkingClassHero_valid2Inputs 
2021-08-27 09:52:01,514 INFO  [Log] Data inserted in body is: [{birthday=24031990, gender=F, natid=2234567890, name=Testuser MU2a, tax=10.00, salary=10000.00}, {birthday=12031990, gender=M, natid=3234567890, name=Testuser MU2b, tax=10.00, salary=10000.00}] 
2021-08-27 09:52:01,735 INFO  [Log] Json string response:Alright 
2021-08-27 09:52:01,735 INFO  [Log] Asserting valid message in response equals Alright 
2021-08-27 09:52:01,741 INFO  [Log] test_add_multipleWorkingClassHero_valid3Inputs 
2021-08-27 09:52:01,741 INFO  [Log] Data inserted in body is: [{birthday=24031990, gender=F, natid=4234567890, name=Testuser MU3a, tax=10.00, salary=10000.00}, {birthday=12031990, gender=M, natid=5234567890, name=Testuser MU3b, tax=10.00, salary=10000.00}, {birthday=12031990, gender=M, natid=6234567890, name=Testuser MU3c, tax=10.00, salary=10000.00}] 
2021-08-27 09:52:01,790 INFO  [Log] Json string response:Alright 
2021-08-27 09:52:01,792 INFO  [Log] Asserting valid message in response equals Alright 
2021-08-27 09:52:01,795 INFO  [Log] test_add_multipleWorkingClassHero_valid1Inputs 
2021-08-27 09:52:01,796 INFO  [Log] Data inserted in body is: [{birthday=24031990, gender=F, natid=7234567890, name=Testuser MU1a, tax=10.00, salary=10000.00}] 
2021-08-27 09:52:01,843 INFO  [Log] Json string response:Alright 
2021-08-27 09:52:01,843 INFO  [Log] Asserting valid message in response equals Alright 
2021-08-27 09:53:02,303 INFO  [Log] Inside setBrowser.. 
2021-08-27 09:53:06,519 INFO  [Log] Browser Configured: Chrome 
2021-08-27 09:53:11,819 INFO  [Log] Inside fileupload 
2021-08-27 09:53:11,820 INFO  [Log] Before Upload asserting presence of records:No records at the moment 
2021-08-27 09:53:12,145 INFO  [Log] Before Upload ,asserting header from UI: No records at the moment ? is same as given Header: No records at the moment 
2021-08-27 09:53:12,152 INFO  [Log] Assertion Complete 
2021-08-27 09:53:13,152 INFO  [Log] Uploading the file.. 
2021-08-27 09:53:13,206 INFO  [Log] Inside Exception of fileUpload invalid selector: Unable to locate an element with the xpath expression C:\Users\sudha\eclipse-workspace\oppenheimerproject\src\test\resources\artifacts\TestData.csv because of the following error:
SyntaxError: Failed to execute 'evaluate' on 'Document': The string 'C:\Users\sudha\eclipse-workspace\oppenheimerproject\src\test\resources\artifacts\TestData.csv' is not a valid XPath expression.
  (Session info: chrome=92.0.4515.159)
For documentation on this error, please visit: https://www.seleniumhq.org/exceptions/invalid_selector_exception.html
Build info: version: '3.141.59', revision: 'e82be7d358', time: '2018-11-14T08:17:03'
System info: host: 'SUDHA-PRO4', ip: '172.25.164.147', os.name: 'Windows 10', os.arch: 'amd64', os.version: '10.0', java.version: '11.0.2-redhat'
Driver info: org.openqa.selenium.chrome.ChromeDriver
Capabilities {acceptInsecureCerts: false, browserName: chrome, browserVersion: 92.0.4515.159, chrome: {chromedriverVersion: 91.0.4472.101 (af52a90bf870..., userDataDir: C:\Users\sudha\AppData\Loca...}, goog:chromeOptions: {debuggerAddress: localhost:54996}, javascriptEnabled: true, networkConnectionEnabled: false, pageLoadStrategy: normal, platform: WINDOWS, platformName: WINDOWS, proxy: Proxy(), setWindowRect: true, strictFileInteractability: false, timeouts: {implicit: 0, pageLoad: 300000, script: 30000}, unhandledPromptBehavior: dismiss and notify, webauthn:extension:largeBlob: true, webauthn:virtualAuthenticators: true}
Session ID: dcd2d718410b9f7447993574b9ce750a
*** Element info: {Using=xpath, value=C:\Users\sudha\eclipse-workspace\oppenheimerproject\src\test\resources\artifacts\TestData.csv} 
2021-08-27 09:53:13,217 INFO  [Log] Inside tearDown.. 
2021-08-27 09:53:14,210 INFO  [Log] Inside test_add_singleWorkingClassHero_validInputs.. 
2021-08-27 09:53:14,210 INFO  [Log] Data inserted in body is: {birthday=24031990, gender=F, natid=1234567890, name=TestUser F_AG31, tax=10.00, salary=10000.00} 
2021-08-27 09:53:20,229 INFO  [Log] Json string response:Alright 
2021-08-27 09:53:20,229 INFO  [Log] Asserting valid message in response equals Alright 
2021-08-27 09:53:20,253 INFO  [Log] Inside test_add_singleWorkingClassHero_invalidPatternBirthday.. 
2021-08-27 09:53:20,254 INFO  [Log] Data inserted in body is: {birthday=24-03-1990, gender=F, natid=1234567890, name=TestUser InvalidDOBPattern, tax=10.00, salary=10000.00} 
2021-08-27 09:53:20,550 INFO  [Log] Json string response:{"timestamp":"2021-08-27T01:53:20.436+0000","status":500,"error":"Internal Server Error","message":"Text '24-03-1990' could not be parsed at index 2","path":"/calculator/insert"} 
2021-08-27 09:53:20,550 INFO  [Log] Asserting error message in response contains Text '24-03-1990' could not be parsed at index 2 
2021-08-27 09:53:20,563 INFO  [Log] Inside test_add_singleWorkingClassHero_invalidGender.. 
2021-08-27 09:53:20,563 INFO  [Log] Data inserted in body is: {birthday=24031990, gender=Female, natid=1234567890, name=TestUser InvalidGender, tax=10.00, salary=10000.00} 
2021-08-27 09:53:20,727 INFO  [Log] Json string response:{"timestamp":"2021-08-27T01:53:20.698+0000","status":500,"error":"Internal Server Error","message":"could not execute statement; SQL [n/a]; nested exception is org.hibernate.exception.DataException: could not execute statement","path":"/calculator/insert"} 
2021-08-27 09:53:20,727 INFO  [Log] Asserting error message in response contains could not execute statement; SQL [n/a]; nested exception is org.hibernate.exception.DataException: could not execute statement 
2021-08-27 09:53:20,734 INFO  [Log] test_add_multipleWorkingClassHero_valid2Inputs 
2021-08-27 09:53:20,734 INFO  [Log] Data inserted in body is: [{birthday=24031990, gender=F, natid=2234567890, name=Testuser MU2a, tax=10.00, salary=10000.00}, {birthday=12031990, gender=M, natid=3234567890, name=Testuser MU2b, tax=10.00, salary=10000.00}] 
2021-08-27 09:53:20,809 INFO  [Log] Json string response:Alright 
2021-08-27 09:53:20,809 INFO  [Log] Asserting valid message in response equals Alright 
2021-08-27 09:53:20,818 INFO  [Log] test_add_multipleWorkingClassHero_valid3Inputs 
2021-08-27 09:53:20,818 INFO  [Log] Data inserted in body is: [{birthday=24031990, gender=F, natid=4234567890, name=Testuser MU3a, tax=10.00, salary=10000.00}, {birthday=12031990, gender=M, natid=5234567890, name=Testuser MU3b, tax=10.00, salary=10000.00}, {birthday=12031990, gender=M, natid=6234567890, name=Testuser MU3c, tax=10.00, salary=10000.00}] 
2021-08-27 09:53:20,897 INFO  [Log] Json string response:Alright 
2021-08-27 09:53:20,898 INFO  [Log] Asserting valid message in response equals Alright 
2021-08-27 09:53:20,911 INFO  [Log] test_add_multipleWorkingClassHero_valid1Inputs 
2021-08-27 09:53:20,911 INFO  [Log] Data inserted in body is: [{birthday=24031990, gender=F, natid=7234567890, name=Testuser MU1a, tax=10.00, salary=10000.00}] 
2021-08-27 09:53:20,969 INFO  [Log] Json string response:Alright 
2021-08-27 09:53:20,969 INFO  [Log] Asserting valid message in response equals Alright 
2021-08-27 09:57:16,499 INFO  [Log] Inside setBrowser.. 
2021-08-27 09:57:20,785 INFO  [Log] Browser Configured: Chrome 
2021-08-27 09:57:26,525 INFO  [Log] Inside fileupload 
2021-08-27 09:57:26,526 INFO  [Log] Before Upload asserting presence of records:No records at the moment 
2021-08-27 09:57:26,730 INFO  [Log] Before Upload ,asserting header from UI: No records at the moment ? is same as given Header: No records at the moment 
2021-08-27 09:57:26,738 INFO  [Log] Assertion Complete 
2021-08-27 09:57:27,739 INFO  [Log] Uploading the file.. 
2021-08-27 09:57:29,909 INFO  [Log] Choosing the file to upload: C:\Users\sudha\eclipse-workspace\oppenheimerproject\src\test\resources\artifacts\TestData.csv 
2021-08-27 09:57:30,027 INFO  [Log] Uploading File.. 
2021-08-27 09:57:30,035 INFO  [Log] Clicking on Refresh Tax Relief Button 
2021-08-27 09:57:30,361 INFO  [Log] Checking display of no records text is present 
2021-08-27 09:57:30,585 INFO  [Log] No records at the moment Header is present.. 
2021-08-27 09:57:30,585 INFO  [Log] File is NOT Uploaded Successfully 
2021-08-27 09:57:30,610 INFO  [Log] Inside tearDown.. 
2021-08-27 09:57:32,005 INFO  [Log] Inside test_add_singleWorkingClassHero_validInputs.. 
2021-08-27 09:57:32,006 INFO  [Log] Data inserted in body is: {birthday=24031990, gender=F, natid=1234567890, name=TestUser F_AG31, tax=10.00, salary=10000.00} 
2021-08-27 09:57:37,409 INFO  [Log] Json string response:Alright 
2021-08-27 09:57:37,412 INFO  [Log] Asserting valid message in response equals Alright 
2021-08-27 09:57:37,436 INFO  [Log] Inside test_add_singleWorkingClassHero_invalidPatternBirthday.. 
2021-08-27 09:57:37,436 INFO  [Log] Data inserted in body is: {birthday=24-03-1990, gender=F, natid=1234567890, name=TestUser InvalidDOBPattern, tax=10.00, salary=10000.00} 
2021-08-27 09:57:38,040 INFO  [Log] Json string response:{"timestamp":"2021-08-27T01:57:37.815+0000","status":500,"error":"Internal Server Error","message":"Text '24-03-1990' could not be parsed at index 2","path":"/calculator/insert"} 
2021-08-27 09:57:38,041 INFO  [Log] Asserting error message in response contains Text '24-03-1990' could not be parsed at index 2 
2021-08-27 09:57:38,069 INFO  [Log] Inside test_add_singleWorkingClassHero_invalidGender.. 
2021-08-27 09:57:38,073 INFO  [Log] Data inserted in body is: {birthday=24031990, gender=Female, natid=1234567890, name=TestUser InvalidGender, tax=10.00, salary=10000.00} 
2021-08-27 09:57:38,796 INFO  [Log] Json string response:{"timestamp":"2021-08-27T01:57:38.776+0000","status":500,"error":"Internal Server Error","message":"could not execute statement; SQL [n/a]; nested exception is org.hibernate.exception.DataException: could not execute statement","path":"/calculator/insert"} 
2021-08-27 09:57:38,797 INFO  [Log] Asserting error message in response contains could not execute statement; SQL [n/a]; nested exception is org.hibernate.exception.DataException: could not execute statement 
2021-08-27 09:57:38,801 INFO  [Log] test_add_multipleWorkingClassHero_valid2Inputs 
2021-08-27 09:57:38,802 INFO  [Log] Data inserted in body is: [{birthday=24031990, gender=F, natid=2234567890, name=Testuser MU2a, tax=10.00, salary=10000.00}, {birthday=12031990, gender=M, natid=3234567890, name=Testuser MU2b, tax=10.00, salary=10000.00}] 
2021-08-27 09:57:38,906 INFO  [Log] Json string response:Alright 
2021-08-27 09:57:38,907 INFO  [Log] Asserting valid message in response equals Alright 
2021-08-27 09:57:38,911 INFO  [Log] test_add_multipleWorkingClassHero_valid3Inputs 
2021-08-27 09:57:38,912 INFO  [Log] Data inserted in body is: [{birthday=24031990, gender=F, natid=4234567890, name=Testuser MU3a, tax=10.00, salary=10000.00}, {birthday=12031990, gender=M, natid=5234567890, name=Testuser MU3b, tax=10.00, salary=10000.00}, {birthday=12031990, gender=M, natid=6234567890, name=Testuser MU3c, tax=10.00, salary=10000.00}] 
2021-08-27 09:57:39,023 INFO  [Log] Json string response:Alright 
2021-08-27 09:57:39,024 INFO  [Log] Asserting valid message in response equals Alright 
2021-08-27 09:57:39,028 INFO  [Log] test_add_multipleWorkingClassHero_valid1Inputs 
2021-08-27 09:57:39,029 INFO  [Log] Data inserted in body is: [{birthday=24031990, gender=F, natid=7234567890, name=Testuser MU1a, tax=10.00, salary=10000.00}] 
2021-08-27 09:57:39,087 INFO  [Log] Json string response:Alright 
2021-08-27 09:57:39,087 INFO  [Log] Asserting valid message in response equals Alright 
2021-08-27 10:02:40,542 INFO  [Log] Inside setBrowser.. 
2021-08-27 10:02:45,467 INFO  [Log] Browser Configured: Chrome 
2021-08-27 10:02:50,978 INFO  [Log] Inside fileupload 
2021-08-27 10:02:51,059 INFO  [Log] Before Upload asserting presence of records:No records at the moment 
2021-08-27 10:02:51,249 INFO  [Log] Before Upload ,asserting header from UI: No records at the moment ? is same as given Header: No records at the moment 
2021-08-27 10:02:51,256 INFO  [Log] Assertion Complete 
2021-08-27 10:02:52,256 INFO  [Log] Uploading the file.. 
2021-08-27 10:02:52,417 INFO  [Log] Choosing the file to upload: C:\Users\sudha\eclipse-workspace\oppenheimerproject\src\test\resources\artifacts\TestData.csv 
2021-08-27 10:02:52,491 INFO  [Log] Uploading File.. 
2021-08-27 10:02:52,497 INFO  [Log] Clicking on Refresh Tax Relief Button 
2021-08-27 10:02:52,616 INFO  [Log] Checking display of no records text is present 
2021-08-27 10:02:52,842 INFO  [Log] No records at the moment Header is present.. 
2021-08-27 10:02:52,842 INFO  [Log] File is NOT Uploaded Successfully 
2021-08-27 10:02:52,853 INFO  [Log] Inside tearDown.. 
2021-08-27 10:02:54,084 INFO  [Log] Inside test_add_singleWorkingClassHero_validInputs.. 
2021-08-27 10:02:54,085 INFO  [Log] Data inserted in body is: {birthday=24031990, gender=F, natid=1234567890, name=TestUser F_AG31, tax=10.00, salary=10000.00} 
2021-08-27 10:02:58,945 INFO  [Log] Json string response:Alright 
2021-08-27 10:02:58,946 INFO  [Log] Asserting valid message in response equals Alright 
2021-08-27 10:02:58,977 INFO  [Log] Inside test_add_singleWorkingClassHero_invalidPatternBirthday.. 
2021-08-27 10:02:58,977 INFO  [Log] Data inserted in body is: {birthday=24-03-1990, gender=F, natid=1234567890, name=TestUser InvalidDOBPattern, tax=10.00, salary=10000.00} 
2021-08-27 10:02:59,330 INFO  [Log] Json string response:{"timestamp":"2021-08-27T02:02:59.193+0000","status":500,"error":"Internal Server Error","message":"Text '24-03-1990' could not be parsed at index 2","path":"/calculator/insert"} 
2021-08-27 10:02:59,331 INFO  [Log] Asserting error message in response contains Text '24-03-1990' could not be parsed at index 2 
2021-08-27 10:02:59,347 INFO  [Log] Inside test_add_singleWorkingClassHero_invalidGender.. 
2021-08-27 10:02:59,348 INFO  [Log] Data inserted in body is: {birthday=24031990, gender=Female, natid=1234567890, name=TestUser InvalidGender, tax=10.00, salary=10000.00} 
2021-08-27 10:02:59,576 INFO  [Log] Json string response:{"timestamp":"2021-08-27T02:02:59.567+0000","status":500,"error":"Internal Server Error","message":"could not execute statement; SQL [n/a]; nested exception is org.hibernate.exception.DataException: could not execute statement","path":"/calculator/insert"} 
2021-08-27 10:02:59,577 INFO  [Log] Asserting error message in response contains could not execute statement; SQL [n/a]; nested exception is org.hibernate.exception.DataException: could not execute statement 
2021-08-27 10:02:59,584 INFO  [Log] test_add_multipleWorkingClassHero_valid2Inputs 
2021-08-27 10:02:59,584 INFO  [Log] Data inserted in body is: [{birthday=24031990, gender=F, natid=2234567890, name=Testuser MU2a, tax=10.00, salary=10000.00}, {birthday=12031990, gender=M, natid=3234567890, name=Testuser MU2b, tax=10.00, salary=10000.00}] 
2021-08-27 10:02:59,700 INFO  [Log] Json string response:Alright 
2021-08-27 10:02:59,700 INFO  [Log] Asserting valid message in response equals Alright 
2021-08-27 10:02:59,711 INFO  [Log] test_add_multipleWorkingClassHero_valid3Inputs 
2021-08-27 10:02:59,712 INFO  [Log] Data inserted in body is: [{birthday=24031990, gender=F, natid=4234567890, name=Testuser MU3a, tax=10.00, salary=10000.00}, {birthday=12031990, gender=M, natid=5234567890, name=Testuser MU3b, tax=10.00, salary=10000.00}, {birthday=12031990, gender=M, natid=6234567890, name=Testuser MU3c, tax=10.00, salary=10000.00}] 
2021-08-27 10:02:59,750 INFO  [Log] Json string response:Alright 
2021-08-27 10:02:59,751 INFO  [Log] Asserting valid message in response equals Alright 
2021-08-27 10:02:59,754 INFO  [Log] test_add_multipleWorkingClassHero_valid1Inputs 
2021-08-27 10:02:59,755 INFO  [Log] Data inserted in body is: [{birthday=24031990, gender=F, natid=7234567890, name=Testuser MU1a, tax=10.00, salary=10000.00}] 
2021-08-27 10:02:59,852 INFO  [Log] Json string response:Alright 
2021-08-27 10:02:59,852 INFO  [Log] Asserting valid message in response equals Alright 
2021-08-27 10:05:11,194 INFO  [Log] Inside setBrowser.. 
2021-08-27 10:05:15,378 INFO  [Log] Browser Configured: Chrome 
2021-08-27 10:05:20,106 INFO  [Log] Inside fileupload 
2021-08-27 10:05:20,107 INFO  [Log] Before Upload asserting presence of records:No records at the moment 
2021-08-27 10:05:20,245 INFO  [Log] Before Upload ,asserting header from UI: No records at the moment ? is same as given Header: No records at the moment 
2021-08-27 10:05:20,254 INFO  [Log] Assertion Complete 
2021-08-27 10:05:21,255 INFO  [Log] Uploading the file.. 
2021-08-27 10:05:21,424 INFO  [Log] Choosing the file to upload: C:\Users\sudha\eclipse-workspace\oppenheimerproject\src\test\resources\artifacts\TestData.csv 
2021-08-27 10:05:21,492 INFO  [Log] Uploading File.. 
2021-08-27 10:05:21,496 INFO  [Log] Clicking on Refresh Tax Relief Button 
2021-08-27 10:05:23,603 INFO  [Log] Checking display of no records text is present 
2021-08-27 10:05:23,697 INFO  [Log] No records at the moment Header is present.. 
2021-08-27 10:05:23,697 INFO  [Log] File is NOT Uploaded Successfully 
2021-08-27 10:05:23,709 INFO  [Log] Inside tearDown.. 
2021-08-27 10:05:24,698 INFO  [Log] Inside test_add_singleWorkingClassHero_validInputs.. 
2021-08-27 10:05:24,698 INFO  [Log] Data inserted in body is: {birthday=24031990, gender=F, natid=1234567890, name=TestUser F_AG31, tax=10.00, salary=10000.00} 
2021-08-27 10:05:29,345 INFO  [Log] Json string response:Alright 
2021-08-27 10:05:29,345 INFO  [Log] Asserting valid message in response equals Alright 
2021-08-27 10:05:29,363 INFO  [Log] Inside test_add_singleWorkingClassHero_invalidPatternBirthday.. 
2021-08-27 10:05:29,363 INFO  [Log] Data inserted in body is: {birthday=24-03-1990, gender=F, natid=1234567890, name=TestUser InvalidDOBPattern, tax=10.00, salary=10000.00} 
2021-08-27 10:05:29,659 INFO  [Log] Json string response:{"timestamp":"2021-08-27T02:05:29.513+0000","status":500,"error":"Internal Server Error","message":"Text '24-03-1990' could not be parsed at index 2","path":"/calculator/insert"} 
2021-08-27 10:05:29,659 INFO  [Log] Asserting error message in response contains Text '24-03-1990' could not be parsed at index 2 
2021-08-27 10:05:29,680 INFO  [Log] Inside test_add_singleWorkingClassHero_invalidGender.. 
2021-08-27 10:05:29,682 INFO  [Log] Data inserted in body is: {birthday=24031990, gender=Female, natid=1234567890, name=TestUser InvalidGender, tax=10.00, salary=10000.00} 
2021-08-27 10:05:29,864 INFO  [Log] Json string response:{"timestamp":"2021-08-27T02:05:29.855+0000","status":500,"error":"Internal Server Error","message":"could not execute statement; SQL [n/a]; nested exception is org.hibernate.exception.DataException: could not execute statement","path":"/calculator/insert"} 
2021-08-27 10:05:29,864 INFO  [Log] Asserting error message in response contains could not execute statement; SQL [n/a]; nested exception is org.hibernate.exception.DataException: could not execute statement 
2021-08-27 10:05:29,875 INFO  [Log] test_add_multipleWorkingClassHero_valid2Inputs 
2021-08-27 10:05:29,876 INFO  [Log] Data inserted in body is: [{birthday=24031990, gender=F, natid=2234567890, name=Testuser MU2a, tax=10.00, salary=10000.00}, {birthday=12031990, gender=M, natid=3234567890, name=Testuser MU2b, tax=10.00, salary=10000.00}] 
2021-08-27 10:05:29,969 INFO  [Log] Json string response:Alright 
2021-08-27 10:05:29,969 INFO  [Log] Asserting valid message in response equals Alright 
2021-08-27 10:05:29,979 INFO  [Log] test_add_multipleWorkingClassHero_valid3Inputs 
2021-08-27 10:05:29,980 INFO  [Log] Data inserted in body is: [{birthday=24031990, gender=F, natid=4234567890, name=Testuser MU3a, tax=10.00, salary=10000.00}, {birthday=12031990, gender=M, natid=5234567890, name=Testuser MU3b, tax=10.00, salary=10000.00}, {birthday=12031990, gender=M, natid=6234567890, name=Testuser MU3c, tax=10.00, salary=10000.00}] 
2021-08-27 10:05:30,035 INFO  [Log] Json string response:Alright 
2021-08-27 10:05:30,036 INFO  [Log] Asserting valid message in response equals Alright 
2021-08-27 10:05:30,041 INFO  [Log] test_add_multipleWorkingClassHero_valid1Inputs 
2021-08-27 10:05:30,041 INFO  [Log] Data inserted in body is: [{birthday=24031990, gender=F, natid=7234567890, name=Testuser MU1a, tax=10.00, salary=10000.00}] 
2021-08-27 10:05:30,104 INFO  [Log] Json string response:Alright 
2021-08-27 10:05:30,104 INFO  [Log] Asserting valid message in response equals Alright 
2021-08-27 10:11:52,210 INFO  [Log] Inside setBrowser.. 
2021-08-27 10:11:56,740 INFO  [Log] Browser Configured: Chrome 
2021-08-27 10:12:01,281 INFO  [Log] Inside fileupload 
2021-08-27 10:12:01,283 INFO  [Log] Before Upload asserting presence of records:No records at the moment 
2021-08-27 10:12:01,528 INFO  [Log] Before Upload ,asserting header from UI: No records at the moment ? is same as given Header: No records at the moment 
2021-08-27 10:12:01,536 INFO  [Log] Assertion Complete 
2021-08-27 10:12:02,537 INFO  [Log] Uploading the file.. 
2021-08-27 10:12:02,700 INFO  [Log] Choosing the file to upload: C:\Users\sudha\eclipse-workspace\oppenheimerproject\src\test\resources\artifacts\TestData.csv 
2021-08-27 10:12:02,773 INFO  [Log] Uploading File.. 
2021-08-27 10:12:02,778 INFO  [Log] Clicking on Refresh Tax Relief Button 
2021-08-27 10:12:04,884 INFO  [Log] Checking display of no records text is present 
2021-08-27 10:12:04,885 INFO  [Log] No records at the moment Header is not present.. 
2021-08-27 10:12:04,885 INFO  [Log] File is Uploaded Successfully 
2021-08-27 10:12:04,962 INFO  [Log] Uploaded Record data, Total Tax Relieves is: 0 will be dispensed to 0 Working Class Hero/s 
2021-08-27 10:12:04,974 INFO  [Log] Inside tearDown.. 
2021-08-27 10:12:06,011 INFO  [Log] Inside test_add_singleWorkingClassHero_validInputs.. 
2021-08-27 10:12:06,012 INFO  [Log] Data inserted in body is: {birthday=24031990, gender=F, natid=1234567890, name=TestUser F_AG31, tax=10.00, salary=10000.00} 
2021-08-27 10:12:10,389 INFO  [Log] Json string response:Alright 
2021-08-27 10:12:10,389 INFO  [Log] Asserting valid message in response equals Alright 
2021-08-27 10:12:10,399 INFO  [Log] Inside test_add_singleWorkingClassHero_invalidPatternBirthday.. 
2021-08-27 10:12:10,400 INFO  [Log] Data inserted in body is: {birthday=24-03-1990, gender=F, natid=1234567890, name=TestUser InvalidDOBPattern, tax=10.00, salary=10000.00} 
2021-08-27 10:12:10,748 INFO  [Log] Json string response:{"timestamp":"2021-08-27T02:12:10.516+0000","status":500,"error":"Internal Server Error","message":"Text '24-03-1990' could not be parsed at index 2","path":"/calculator/insert"} 
2021-08-27 10:12:10,748 INFO  [Log] Asserting error message in response contains Text '24-03-1990' could not be parsed at index 2 
2021-08-27 10:12:10,773 INFO  [Log] Inside test_add_singleWorkingClassHero_invalidGender.. 
2021-08-27 10:12:10,774 INFO  [Log] Data inserted in body is: {birthday=24031990, gender=Female, natid=1234567890, name=TestUser InvalidGender, tax=10.00, salary=10000.00} 
2021-08-27 10:12:11,199 INFO  [Log] Json string response:{"timestamp":"2021-08-27T02:12:11.179+0000","status":500,"error":"Internal Server Error","message":"could not execute statement; SQL [n/a]; nested exception is org.hibernate.exception.DataException: could not execute statement","path":"/calculator/insert"} 
2021-08-27 10:12:11,199 INFO  [Log] Asserting error message in response contains could not execute statement; SQL [n/a]; nested exception is org.hibernate.exception.DataException: could not execute statement 
2021-08-27 10:12:11,205 INFO  [Log] test_add_multipleWorkingClassHero_valid2Inputs 
2021-08-27 10:12:11,205 INFO  [Log] Data inserted in body is: [{birthday=24031990, gender=F, natid=2234567890, name=Testuser MU2a, tax=10.00, salary=10000.00}, {birthday=12031990, gender=M, natid=3234567890, name=Testuser MU2b, tax=10.00, salary=10000.00}] 
2021-08-27 10:12:11,361 INFO  [Log] Json string response:Alright 
2021-08-27 10:12:11,361 INFO  [Log] Asserting valid message in response equals Alright 
2021-08-27 10:12:11,366 INFO  [Log] test_add_multipleWorkingClassHero_valid3Inputs 
2021-08-27 10:12:11,366 INFO  [Log] Data inserted in body is: [{birthday=24031990, gender=F, natid=4234567890, name=Testuser MU3a, tax=10.00, salary=10000.00}, {birthday=12031990, gender=M, natid=5234567890, name=Testuser MU3b, tax=10.00, salary=10000.00}, {birthday=12031990, gender=M, natid=6234567890, name=Testuser MU3c, tax=10.00, salary=10000.00}] 
2021-08-27 10:12:11,409 INFO  [Log] Json string response:Alright 
2021-08-27 10:12:11,412 INFO  [Log] Asserting valid message in response equals Alright 
2021-08-27 10:12:11,421 INFO  [Log] test_add_multipleWorkingClassHero_valid1Inputs 
2021-08-27 10:12:11,422 INFO  [Log] Data inserted in body is: [{birthday=24031990, gender=F, natid=7234567890, name=Testuser MU1a, tax=10.00, salary=10000.00}] 
2021-08-27 10:12:11,500 INFO  [Log] Json string response:Alright 
2021-08-27 10:12:11,500 INFO  [Log] Asserting valid message in response equals Alright 
2021-08-27 10:17:49,436 INFO  [Log] Inside setBrowser.. 
2021-08-27 10:17:55,672 INFO  [Log] Browser Configured: Chrome 
2021-08-27 10:18:05,834 INFO  [Log] Inside fileupload 
2021-08-27 10:18:05,837 INFO  [Log] Before Upload asserting presence of records:No records at the moment 
2021-08-27 10:18:06,715 INFO  [Log] Before Upload ,asserting header from UI: No records at the moment ? is same as given Header: No records at the moment 
2021-08-27 10:18:06,722 INFO  [Log] Assertion Complete 
2021-08-27 10:18:07,723 INFO  [Log] Uploading the file.. 
2021-08-27 10:18:07,915 INFO  [Log] Choosing the file to upload: C:\Users\sudha\eclipse-workspace\oppenheimerproject\src\test\resources\artifacts\TestData.csv 
2021-08-27 10:18:08,032 INFO  [Log] Uploading File.. 
2021-08-27 10:18:08,040 INFO  [Log] Clicking on Refresh Tax Relief Button 
2021-08-27 10:18:11,691 INFO  [Log] Checking display of no records text is present 
2021-08-27 10:18:11,691 INFO  [Log] No records at the moment Header is not present.. 
2021-08-27 10:18:11,691 INFO  [Log] File is Uploaded Successfully 
2021-08-27 10:18:11,806 INFO  [Log] Uploaded Record data, Total Tax Relieves is: 0 will be dispensed to 0 Working Class Hero/s 
2021-08-27 10:18:11,819 INFO  [Log] Inside tearDown.. 
2021-08-27 10:18:13,591 INFO  [Log] Inside test_add_singleWorkingClassHero_validInputs.. 
2021-08-27 10:18:13,592 INFO  [Log] Data inserted in body is: {birthday=24031990, gender=F, natid=1234567890, name=TestUser F_AG31, tax=10.00, salary=10000.00} 
2021-08-27 10:18:21,151 INFO  [Log] Json string response:Alright 
2021-08-27 10:18:21,151 INFO  [Log] Asserting valid message in response equals Alright 
2021-08-27 10:18:21,167 INFO  [Log] Inside test_add_singleWorkingClassHero_invalidPatternBirthday.. 
2021-08-27 10:18:21,168 INFO  [Log] Data inserted in body is: {birthday=24-03-1990, gender=F, natid=1234567890, name=TestUser InvalidDOBPattern, tax=10.00, salary=10000.00} 
2021-08-27 10:18:21,481 INFO  [Log] Json string response:{"timestamp":"2021-08-27T02:18:21.330+0000","status":500,"error":"Internal Server Error","message":"Text '24-03-1990' could not be parsed at index 2","path":"/calculator/insert"} 
2021-08-27 10:18:21,482 INFO  [Log] Asserting error message in response contains Text '24-03-1990' could not be parsed at index 2 
2021-08-27 10:18:21,511 INFO  [Log] Inside test_add_singleWorkingClassHero_invalidGender.. 
2021-08-27 10:18:21,512 INFO  [Log] Data inserted in body is: {birthday=24031990, gender=Female, natid=1234567890, name=TestUser InvalidGender, tax=10.00, salary=10000.00} 
2021-08-27 10:18:21,734 INFO  [Log] Json string response:{"timestamp":"2021-08-27T02:18:21.721+0000","status":500,"error":"Internal Server Error","message":"could not execute statement; SQL [n/a]; nested exception is org.hibernate.exception.DataException: could not execute statement","path":"/calculator/insert"} 
2021-08-27 10:18:21,735 INFO  [Log] Asserting error message in response contains could not execute statement; SQL [n/a]; nested exception is org.hibernate.exception.DataException: could not execute statement 
2021-08-27 10:18:21,746 INFO  [Log] test_add_multipleWorkingClassHero_valid2Inputs 
2021-08-27 10:18:21,748 INFO  [Log] Data inserted in body is: [{birthday=24031990, gender=F, natid=2234567890, name=Testuser MU2a, tax=10.00, salary=10000.00}, {birthday=12031990, gender=M, natid=3234567890, name=Testuser MU2b, tax=10.00, salary=10000.00}] 
2021-08-27 10:18:21,817 INFO  [Log] Json string response:Alright 
2021-08-27 10:18:21,817 INFO  [Log] Asserting valid message in response equals Alright 
2021-08-27 10:18:21,828 INFO  [Log] test_add_multipleWorkingClassHero_valid3Inputs 
2021-08-27 10:18:21,829 INFO  [Log] Data inserted in body is: [{birthday=24031990, gender=F, natid=4234567890, name=Testuser MU3a, tax=10.00, salary=10000.00}, {birthday=12031990, gender=M, natid=5234567890, name=Testuser MU3b, tax=10.00, salary=10000.00}, {birthday=12031990, gender=M, natid=6234567890, name=Testuser MU3c, tax=10.00, salary=10000.00}] 
2021-08-27 10:18:21,918 INFO  [Log] Json string response:Alright 
2021-08-27 10:18:21,918 INFO  [Log] Asserting valid message in response equals Alright 
2021-08-27 10:18:21,923 INFO  [Log] test_add_multipleWorkingClassHero_valid1Inputs 
2021-08-27 10:18:21,924 INFO  [Log] Data inserted in body is: [{birthday=24031990, gender=F, natid=7234567890, name=Testuser MU1a, tax=10.00, salary=10000.00}] 
2021-08-27 10:18:21,968 INFO  [Log] Json string response:Alright 
2021-08-27 10:18:21,968 INFO  [Log] Asserting valid message in response equals Alright 
2021-08-27 10:25:37,869 INFO  [Log] Inside setBrowser.. 
2021-08-27 10:25:42,486 INFO  [Log] Browser Configured: Chrome 
2021-08-27 10:25:48,885 INFO  [Log] Inside fileupload 
2021-08-27 10:25:48,897 INFO  [Log] Before Upload asserting presence of records:No records at the moment 
2021-08-27 10:25:49,330 INFO  [Log] Before Upload ,asserting header from UI: No records at the moment ? is same as given Header: No records at the moment 
2021-08-27 10:25:49,336 INFO  [Log] Assertion Complete 
2021-08-27 10:25:50,337 INFO  [Log] Uploading the file.. 
2021-08-27 10:25:50,516 INFO  [Log] Choosing the file to upload: C:\Users\sudha\eclipse-workspace\oppenheimerproject\src\test\resources\artifacts\TestData.csv 
2021-08-27 10:25:50,601 INFO  [Log] Uploading File.. 
2021-08-27 10:25:50,609 INFO  [Log] Clicking on Refresh Tax Relief Button 
2021-08-27 10:25:54,232 INFO  [Log] Checking display of no records text is present 
2021-08-27 10:26:44,322 INFO  [Log] Inside Exception of fileUpload no such element: Unable to locate element: {"method":"xpath","selector":"//table//caption[contains(text(),'List of working class heroes and their tax relief')]"}
  (Session info: chrome=92.0.4515.159)
For documentation on this error, please visit: https://www.seleniumhq.org/exceptions/no_such_element.html
Build info: version: '3.141.59', revision: 'e82be7d358', time: '2018-11-14T08:17:03'
System info: host: 'SUDHA-PRO4', ip: '172.25.164.147', os.name: 'Windows 10', os.arch: 'amd64', os.version: '10.0', java.version: '11.0.2-redhat'
Driver info: org.openqa.selenium.chrome.ChromeDriver
Capabilities {acceptInsecureCerts: false, browserName: chrome, browserVersion: 92.0.4515.159, chrome: {chromedriverVersion: 91.0.4472.101 (af52a90bf870..., userDataDir: C:\Users\sudha\AppData\Loca...}, goog:chromeOptions: {debuggerAddress: localhost:54116}, javascriptEnabled: true, networkConnectionEnabled: false, pageLoadStrategy: normal, platform: WINDOWS, platformName: WINDOWS, proxy: Proxy(), setWindowRect: true, strictFileInteractability: false, timeouts: {implicit: 0, pageLoad: 300000, script: 30000}, unhandledPromptBehavior: dismiss and notify, webauthn:extension:largeBlob: true, webauthn:virtualAuthenticators: true}
Session ID: 14e0de9038a9b450dc2db7d78701888e
*** Element info: {Using=xpath, value=//table//caption[contains(text(),'List of working class heroes and their tax relief')]} 
2021-08-27 10:26:44,333 INFO  [Log] Inside tearDown.. 
2021-08-27 10:26:45,276 INFO  [Log] Inside test_add_singleWorkingClassHero_validInputs.. 
2021-08-27 10:26:45,277 INFO  [Log] Data inserted in body is: {birthday=24031990, gender=F, natid=1234567890, name=TestUser F_AG31, tax=10.00, salary=10000.00} 
2021-08-27 10:26:51,264 INFO  [Log] Json string response:Alright 
2021-08-27 10:26:51,264 INFO  [Log] Asserting valid message in response equals Alright 
2021-08-27 10:26:51,290 INFO  [Log] Inside test_add_singleWorkingClassHero_invalidPatternBirthday.. 
2021-08-27 10:26:51,291 INFO  [Log] Data inserted in body is: {birthday=24-03-1990, gender=F, natid=1234567890, name=TestUser InvalidDOBPattern, tax=10.00, salary=10000.00} 
2021-08-27 10:26:51,598 INFO  [Log] Json string response:{"timestamp":"2021-08-27T02:26:51.455+0000","status":500,"error":"Internal Server Error","message":"Text '24-03-1990' could not be parsed at index 2","path":"/calculator/insert"} 
2021-08-27 10:26:51,599 INFO  [Log] Asserting error message in response contains Text '24-03-1990' could not be parsed at index 2 
2021-08-27 10:26:51,605 INFO  [Log] Inside test_add_singleWorkingClassHero_invalidGender.. 
2021-08-27 10:26:51,605 INFO  [Log] Data inserted in body is: {birthday=24031990, gender=Female, natid=1234567890, name=TestUser InvalidGender, tax=10.00, salary=10000.00} 
2021-08-27 10:26:51,773 INFO  [Log] Json string response:{"timestamp":"2021-08-27T02:26:51.750+0000","status":500,"error":"Internal Server Error","message":"could not execute statement; SQL [n/a]; nested exception is org.hibernate.exception.DataException: could not execute statement","path":"/calculator/insert"} 
2021-08-27 10:26:51,773 INFO  [Log] Asserting error message in response contains could not execute statement; SQL [n/a]; nested exception is org.hibernate.exception.DataException: could not execute statement 
2021-08-27 10:26:51,781 INFO  [Log] test_add_multipleWorkingClassHero_valid2Inputs 
2021-08-27 10:26:51,782 INFO  [Log] Data inserted in body is: [{birthday=24031990, gender=F, natid=2234567890, name=Testuser MU2a, tax=10.00, salary=10000.00}, {birthday=12031990, gender=M, natid=3234567890, name=Testuser MU2b, tax=10.00, salary=10000.00}] 
2021-08-27 10:26:51,908 INFO  [Log] Json string response:Alright 
2021-08-27 10:26:51,908 INFO  [Log] Asserting valid message in response equals Alright 
2021-08-27 10:26:51,917 INFO  [Log] test_add_multipleWorkingClassHero_valid3Inputs 
2021-08-27 10:26:51,917 INFO  [Log] Data inserted in body is: [{birthday=24031990, gender=F, natid=4234567890, name=Testuser MU3a, tax=10.00, salary=10000.00}, {birthday=12031990, gender=M, natid=5234567890, name=Testuser MU3b, tax=10.00, salary=10000.00}, {birthday=12031990, gender=M, natid=6234567890, name=Testuser MU3c, tax=10.00, salary=10000.00}] 
2021-08-27 10:26:51,973 INFO  [Log] Json string response:Alright 
2021-08-27 10:26:51,973 INFO  [Log] Asserting valid message in response equals Alright 
2021-08-27 10:26:51,979 INFO  [Log] test_add_multipleWorkingClassHero_valid1Inputs 
2021-08-27 10:26:51,979 INFO  [Log] Data inserted in body is: [{birthday=24031990, gender=F, natid=7234567890, name=Testuser MU1a, tax=10.00, salary=10000.00}] 
2021-08-27 10:26:52,026 INFO  [Log] Json string response:Alright 
2021-08-27 10:26:52,026 INFO  [Log] Asserting valid message in response equals Alright 
2021-08-27 10:34:12,237 INFO  [Log] Inside setBrowser.. 
2021-08-27 10:34:17,992 INFO  [Log] Browser Configured: Chrome 
2021-08-27 10:34:23,307 INFO  [Log] Inside fileupload 
2021-08-27 10:34:23,310 INFO  [Log] Before Upload asserting presence of records:No records at the moment 
2021-08-27 10:34:23,527 INFO  [Log] Before Upload ,asserting header from UI: No records at the moment ? is same as given Header: No records at the moment 
2021-08-27 10:34:23,535 INFO  [Log] Assertion Complete 
2021-08-27 10:34:24,537 INFO  [Log] Uploading the file.. 
2021-08-27 10:34:24,732 INFO  [Log] Choosing the file to upload: C:\Users\sudha\eclipse-workspace\oppenheimerproject\src\test\resources\artifacts\TestData.csv 
2021-08-27 10:34:24,837 INFO  [Log] Uploading File.. 
2021-08-27 10:34:24,844 INFO  [Log] Clicking on Refresh Tax Relief Button 
2021-08-27 10:34:28,504 INFO  [Log] Checking display of no records text is present 
2021-08-27 10:34:46,725 INFO  [Log] No records at the moment Header is not present.. 
2021-08-27 10:34:46,726 INFO  [Log] File is Uploaded Successfully 
2021-08-27 10:34:46,801 INFO  [Log] Inside Exception of fileUpload invalid selector: Unable to locate an element with the xpath expression //div[@id="contents"]//p[contains(text(),'will be dispensed)] because of the following error:
SyntaxError: Failed to execute 'evaluate' on 'Document': The string '//div[@id="contents"]//p[contains(text(),'will be dispensed)]' is not a valid XPath expression.
  (Session info: chrome=92.0.4515.159)
For documentation on this error, please visit: https://www.seleniumhq.org/exceptions/invalid_selector_exception.html
Build info: version: '3.141.59', revision: 'e82be7d358', time: '2018-11-14T08:17:03'
System info: host: 'SUDHA-PRO4', ip: '172.25.164.147', os.name: 'Windows 10', os.arch: 'amd64', os.version: '10.0', java.version: '11.0.2-redhat'
Driver info: org.openqa.selenium.chrome.ChromeDriver
Capabilities {acceptInsecureCerts: false, browserName: chrome, browserVersion: 92.0.4515.159, chrome: {chromedriverVersion: 91.0.4472.101 (af52a90bf870..., userDataDir: C:\Users\sudha\AppData\Loca...}, goog:chromeOptions: {debuggerAddress: localhost:50259}, javascriptEnabled: true, networkConnectionEnabled: false, pageLoadStrategy: normal, platform: WINDOWS, platformName: WINDOWS, proxy: Proxy(), setWindowRect: true, strictFileInteractability: false, timeouts: {implicit: 0, pageLoad: 300000, script: 30000}, unhandledPromptBehavior: dismiss and notify, webauthn:extension:largeBlob: true, webauthn:virtualAuthenticators: true}
Session ID: 7b442e1fe3910b2e3597f41b5d3fa514
*** Element info: {Using=xpath, value=//div[@id="contents"]//p[contains(text(),'will be dispensed)]} 
2021-08-27 10:34:46,828 INFO  [Log] Inside tearDown.. 
2021-08-27 10:34:47,882 INFO  [Log] Inside test_add_singleWorkingClassHero_validInputs.. 
2021-08-27 10:34:47,882 INFO  [Log] Data inserted in body is: {birthday=24031990, gender=F, natid=1234567890, name=TestUser F_AG31, tax=10.00, salary=10000.00} 
2021-08-27 10:34:54,735 INFO  [Log] Json string response:Alright 
2021-08-27 10:34:54,735 INFO  [Log] Asserting valid message in response equals Alright 
2021-08-27 10:34:54,746 INFO  [Log] Inside test_add_singleWorkingClassHero_invalidPatternBirthday.. 
2021-08-27 10:34:54,746 INFO  [Log] Data inserted in body is: {birthday=24-03-1990, gender=F, natid=1234567890, name=TestUser InvalidDOBPattern, tax=10.00, salary=10000.00} 
2021-08-27 10:34:55,008 INFO  [Log] Json string response:{"timestamp":"2021-08-27T02:34:54.886+0000","status":500,"error":"Internal Server Error","message":"Text '24-03-1990' could not be parsed at index 2","path":"/calculator/insert"} 
2021-08-27 10:34:55,009 INFO  [Log] Asserting error message in response contains Text '24-03-1990' could not be parsed at index 2 
2021-08-27 10:34:55,015 INFO  [Log] Inside test_add_singleWorkingClassHero_invalidGender.. 
2021-08-27 10:34:55,015 INFO  [Log] Data inserted in body is: {birthday=24031990, gender=Female, natid=1234567890, name=TestUser InvalidGender, tax=10.00, salary=10000.00} 
2021-08-27 10:34:55,131 INFO  [Log] Json string response:{"timestamp":"2021-08-27T02:34:55.102+0000","status":500,"error":"Internal Server Error","message":"could not execute statement; SQL [n/a]; nested exception is org.hibernate.exception.DataException: could not execute statement","path":"/calculator/insert"} 
2021-08-27 10:34:55,131 INFO  [Log] Asserting error message in response contains could not execute statement; SQL [n/a]; nested exception is org.hibernate.exception.DataException: could not execute statement 
2021-08-27 10:34:55,142 INFO  [Log] test_add_multipleWorkingClassHero_valid2Inputs 
2021-08-27 10:34:55,142 INFO  [Log] Data inserted in body is: [{birthday=24031990, gender=F, natid=2234567890, name=Testuser MU2a, tax=10.00, salary=10000.00}, {birthday=12031990, gender=M, natid=3234567890, name=Testuser MU2b, tax=10.00, salary=10000.00}] 
2021-08-27 10:34:55,246 INFO  [Log] Json string response:Alright 
2021-08-27 10:34:55,247 INFO  [Log] Asserting valid message in response equals Alright 
2021-08-27 10:34:55,255 INFO  [Log] test_add_multipleWorkingClassHero_valid3Inputs 
2021-08-27 10:34:55,255 INFO  [Log] Data inserted in body is: [{birthday=24031990, gender=F, natid=4234567890, name=Testuser MU3a, tax=10.00, salary=10000.00}, {birthday=12031990, gender=M, natid=5234567890, name=Testuser MU3b, tax=10.00, salary=10000.00}, {birthday=12031990, gender=M, natid=6234567890, name=Testuser MU3c, tax=10.00, salary=10000.00}] 
2021-08-27 10:34:55,311 INFO  [Log] Json string response:Alright 
2021-08-27 10:34:55,311 INFO  [Log] Asserting valid message in response equals Alright 
2021-08-27 10:34:55,317 INFO  [Log] test_add_multipleWorkingClassHero_valid1Inputs 
2021-08-27 10:34:55,318 INFO  [Log] Data inserted in body is: [{birthday=24031990, gender=F, natid=7234567890, name=Testuser MU1a, tax=10.00, salary=10000.00}] 
2021-08-27 10:34:55,380 INFO  [Log] Json string response:Alright 
2021-08-27 10:34:55,380 INFO  [Log] Asserting valid message in response equals Alright 
2021-08-27 10:37:15,542 INFO  [Log] Inside setBrowser.. 
2021-08-27 10:37:24,954 INFO  [Log] Browser Configured: Chrome 
2021-08-27 10:37:35,414 INFO  [Log] unknown error: net::ERR_CONNECTION_REFUSED
  (Session info: chrome=92.0.4515.159)
Build info: version: '3.141.59', revision: 'e82be7d358', time: '2018-11-14T08:17:03'
System info: host: 'SUDHA-PRO4', ip: '172.25.164.147', os.name: 'Windows 10', os.arch: 'amd64', os.version: '10.0', java.version: '11.0.2-redhat'
Driver info: org.openqa.selenium.chrome.ChromeDriver
Capabilities {acceptInsecureCerts: false, browserName: chrome, browserVersion: 92.0.4515.159, chrome: {chromedriverVersion: 91.0.4472.101 (af52a90bf870..., userDataDir: C:\Users\sudha\AppData\Loca...}, goog:chromeOptions: {debuggerAddress: localhost:60742}, javascriptEnabled: true, networkConnectionEnabled: false, pageLoadStrategy: normal, platform: WINDOWS, platformName: WINDOWS, proxy: Proxy(), setWindowRect: true, strictFileInteractability: false, timeouts: {implicit: 0, pageLoad: 300000, script: 30000}, unhandledPromptBehavior: dismiss and notify, webauthn:extension:largeBlob: true, webauthn:virtualAuthenticators: true}
Session ID: 23120fd6b13a3a8b6d1eed04e367716b 
2021-08-27 10:37:35,736 INFO  [Log] Inside fileupload 
2021-08-27 10:37:35,737 INFO  [Log] Before Upload asserting presence of records:No records at the moment 
2021-08-27 10:37:36,252 INFO  [Log] Inside Exception of fileUpload no such element: Unable to locate element: {"method":"xpath","selector":"//div[@id="contents"]//h1[contains(text(),'No records')]"}
  (Session info: chrome=92.0.4515.159)
For documentation on this error, please visit: https://www.seleniumhq.org/exceptions/no_such_element.html
Build info: version: '3.141.59', revision: 'e82be7d358', time: '2018-11-14T08:17:03'
System info: host: 'SUDHA-PRO4', ip: '172.25.164.147', os.name: 'Windows 10', os.arch: 'amd64', os.version: '10.0', java.version: '11.0.2-redhat'
Driver info: org.openqa.selenium.chrome.ChromeDriver
Capabilities {acceptInsecureCerts: false, browserName: chrome, browserVersion: 92.0.4515.159, chrome: {chromedriverVersion: 91.0.4472.101 (af52a90bf870..., userDataDir: C:\Users\sudha\AppData\Loca...}, goog:chromeOptions: {debuggerAddress: localhost:60742}, javascriptEnabled: true, networkConnectionEnabled: false, pageLoadStrategy: normal, platform: WINDOWS, platformName: WINDOWS, proxy: Proxy(), setWindowRect: true, strictFileInteractability: false, timeouts: {implicit: 0, pageLoad: 300000, script: 30000}, unhandledPromptBehavior: dismiss and notify, webauthn:extension:largeBlob: true, webauthn:virtualAuthenticators: true}
Session ID: 23120fd6b13a3a8b6d1eed04e367716b
*** Element info: {Using=xpath, value=//div[@id="contents"]//h1[contains(text(),'No records')]} 
2021-08-27 10:37:36,280 INFO  [Log] Inside tearDown.. 
2021-08-27 10:37:41,571 INFO  [Log] Inside test_add_singleWorkingClassHero_validInputs.. 
2021-08-27 10:37:41,572 INFO  [Log] Data inserted in body is: {birthday=24031990, gender=F, natid=1234567890, name=TestUser F_AG31, tax=10.00, salary=10000.00} 
2021-08-27 10:37:47,920 INFO  [Log] Json string response:Alright 
2021-08-27 10:37:47,920 INFO  [Log] Asserting valid message in response equals Alright 
2021-08-27 10:37:47,957 INFO  [Log] Inside test_add_singleWorkingClassHero_invalidPatternBirthday.. 
2021-08-27 10:37:47,957 INFO  [Log] Data inserted in body is: {birthday=24-03-1990, gender=F, natid=1234567890, name=TestUser InvalidDOBPattern, tax=10.00, salary=10000.00} 
2021-08-27 10:37:48,536 INFO  [Log] Json string response:{"timestamp":"2021-08-27T02:37:48.191+0000","status":500,"error":"Internal Server Error","message":"Text '24-03-1990' could not be parsed at index 2","path":"/calculator/insert"} 
2021-08-27 10:37:48,536 INFO  [Log] Asserting error message in response contains Text '24-03-1990' could not be parsed at index 2 
2021-08-27 10:37:48,549 INFO  [Log] Inside test_add_singleWorkingClassHero_invalidGender.. 
2021-08-27 10:37:48,550 INFO  [Log] Data inserted in body is: {birthday=24031990, gender=Female, natid=1234567890, name=TestUser InvalidGender, tax=10.00, salary=10000.00} 
2021-08-27 10:37:48,710 INFO  [Log] Json string response:{"timestamp":"2021-08-27T02:37:48.700+0000","status":500,"error":"Internal Server Error","message":"could not execute statement; SQL [n/a]; nested exception is org.hibernate.exception.DataException: could not execute statement","path":"/calculator/insert"} 
2021-08-27 10:37:48,710 INFO  [Log] Asserting error message in response contains could not execute statement; SQL [n/a]; nested exception is org.hibernate.exception.DataException: could not execute statement 
2021-08-27 10:37:48,718 INFO  [Log] test_add_multipleWorkingClassHero_valid2Inputs 
2021-08-27 10:37:48,718 INFO  [Log] Data inserted in body is: [{birthday=24031990, gender=F, natid=2234567890, name=Testuser MU2a, tax=10.00, salary=10000.00}, {birthday=12031990, gender=M, natid=3234567890, name=Testuser MU2b, tax=10.00, salary=10000.00}] 
2021-08-27 10:37:48,843 INFO  [Log] Json string response:Alright 
2021-08-27 10:37:48,843 INFO  [Log] Asserting valid message in response equals Alright 
2021-08-27 10:37:48,847 INFO  [Log] test_add_multipleWorkingClassHero_valid3Inputs 
2021-08-27 10:37:48,847 INFO  [Log] Data inserted in body is: [{birthday=24031990, gender=F, natid=4234567890, name=Testuser MU3a, tax=10.00, salary=10000.00}, {birthday=12031990, gender=M, natid=5234567890, name=Testuser MU3b, tax=10.00, salary=10000.00}, {birthday=12031990, gender=M, natid=6234567890, name=Testuser MU3c, tax=10.00, salary=10000.00}] 
2021-08-27 10:37:48,992 INFO  [Log] Json string response:Alright 
2021-08-27 10:37:48,992 INFO  [Log] Asserting valid message in response equals Alright 
2021-08-27 10:37:49,001 INFO  [Log] test_add_multipleWorkingClassHero_valid1Inputs 
2021-08-27 10:37:49,001 INFO  [Log] Data inserted in body is: [{birthday=24031990, gender=F, natid=7234567890, name=Testuser MU1a, tax=10.00, salary=10000.00}] 
2021-08-27 10:37:49,058 INFO  [Log] Json string response:Alright 
2021-08-27 10:37:49,058 INFO  [Log] Asserting valid message in response equals Alright 
2021-08-27 10:41:34,225 INFO  [Log] Inside setBrowser.. 
2021-08-27 10:41:38,848 INFO  [Log] Browser Configured: Chrome 
2021-08-27 10:41:44,240 INFO  [Log] Inside fileupload 
2021-08-27 10:41:44,242 INFO  [Log] Before Upload asserting presence of records:No records at the moment 
2021-08-27 10:41:44,344 INFO  [Log] Before Upload ,asserting header from UI: No records at the moment ? is same as given Header: No records at the moment 
2021-08-27 10:41:44,351 INFO  [Log] Assertion Complete 
2021-08-27 10:41:45,353 INFO  [Log] Uploading the file.. 
2021-08-27 10:41:45,567 INFO  [Log] Choosing the file to upload: C:\Users\sudha\eclipse-workspace\oppenheimerproject\src\test\resources\artifacts\TestData.csv 
2021-08-27 10:41:45,651 INFO  [Log] Uploading File.. 
2021-08-27 10:41:45,657 INFO  [Log] Clicking on Refresh Tax Relief Button 
2021-08-27 10:41:48,375 INFO  [Log] Checking display of no records text is present 
2021-08-27 10:41:48,731 INFO  [Log] No records at the moment Header is not present.. 
2021-08-27 10:41:48,731 INFO  [Log] File is Uploaded Successfully 
2021-08-27 10:41:48,824 INFO  [Log] Inside Exception of fileUpload invalid selector: Unable to locate an element with the xpath expression //div[@id="contents"]//p[contains(text(),'will be dispensed)] because of the following error:
SyntaxError: Failed to execute 'evaluate' on 'Document': The string '//div[@id="contents"]//p[contains(text(),'will be dispensed)]' is not a valid XPath expression.
  (Session info: chrome=92.0.4515.159)
For documentation on this error, please visit: https://www.seleniumhq.org/exceptions/invalid_selector_exception.html
Build info: version: '3.141.59', revision: 'e82be7d358', time: '2018-11-14T08:17:03'
System info: host: 'SUDHA-PRO4', ip: '172.25.164.147', os.name: 'Windows 10', os.arch: 'amd64', os.version: '10.0', java.version: '11.0.2-redhat'
Driver info: org.openqa.selenium.chrome.ChromeDriver
Capabilities {acceptInsecureCerts: false, browserName: chrome, browserVersion: 92.0.4515.159, chrome: {chromedriverVersion: 91.0.4472.101 (af52a90bf870..., userDataDir: C:\Users\sudha\AppData\Loca...}, goog:chromeOptions: {debuggerAddress: localhost:61272}, javascriptEnabled: true, networkConnectionEnabled: false, pageLoadStrategy: normal, platform: WINDOWS, platformName: WINDOWS, proxy: Proxy(), setWindowRect: true, strictFileInteractability: false, timeouts: {implicit: 0, pageLoad: 300000, script: 30000}, unhandledPromptBehavior: dismiss and notify, webauthn:extension:largeBlob: true, webauthn:virtualAuthenticators: true}
Session ID: 5298803d5698819f5d8d92fd140af00c
*** Element info: {Using=xpath, value=//div[@id="contents"]//p[contains(text(),'will be dispensed)]} 
2021-08-27 10:41:48,868 INFO  [Log] Inside tearDown.. 
2021-08-27 10:41:50,962 INFO  [Log] Inside test_add_singleWorkingClassHero_validInputs.. 
2021-08-27 10:41:50,962 INFO  [Log] Data inserted in body is: {birthday=24031990, gender=F, natid=1234567890, name=TestUser F_AG31, tax=10.00, salary=10000.00} 
2021-08-27 10:41:56,576 INFO  [Log] Json string response:Alright 
2021-08-27 10:41:56,576 INFO  [Log] Asserting valid message in response equals Alright 
2021-08-27 10:41:56,603 INFO  [Log] Inside test_add_singleWorkingClassHero_invalidPatternBirthday.. 
2021-08-27 10:41:56,603 INFO  [Log] Data inserted in body is: {birthday=24-03-1990, gender=F, natid=1234567890, name=TestUser InvalidDOBPattern, tax=10.00, salary=10000.00} 
2021-08-27 10:41:56,983 INFO  [Log] Json string response:{"timestamp":"2021-08-27T02:41:56.861+0000","status":500,"error":"Internal Server Error","message":"Text '24-03-1990' could not be parsed at index 2","path":"/calculator/insert"} 
2021-08-27 10:41:56,983 INFO  [Log] Asserting error message in response contains Text '24-03-1990' could not be parsed at index 2 
2021-08-27 10:41:56,990 INFO  [Log] Inside test_add_singleWorkingClassHero_invalidGender.. 
2021-08-27 10:41:56,991 INFO  [Log] Data inserted in body is: {birthday=24031990, gender=Female, natid=1234567890, name=TestUser InvalidGender, tax=10.00, salary=10000.00} 
2021-08-27 10:41:57,137 INFO  [Log] Json string response:{"timestamp":"2021-08-27T02:41:57.125+0000","status":500,"error":"Internal Server Error","message":"could not execute statement; SQL [n/a]; nested exception is org.hibernate.exception.DataException: could not execute statement","path":"/calculator/insert"} 
2021-08-27 10:41:57,137 INFO  [Log] Asserting error message in response contains could not execute statement; SQL [n/a]; nested exception is org.hibernate.exception.DataException: could not execute statement 
2021-08-27 10:41:57,148 INFO  [Log] test_add_multipleWorkingClassHero_valid2Inputs 
2021-08-27 10:41:57,149 INFO  [Log] Data inserted in body is: [{birthday=24031990, gender=F, natid=2234567890, name=Testuser MU2a, tax=10.00, salary=10000.00}, {birthday=12031990, gender=M, natid=3234567890, name=Testuser MU2b, tax=10.00, salary=10000.00}] 
2021-08-27 10:41:57,245 INFO  [Log] Json string response:Alright 
2021-08-27 10:41:57,246 INFO  [Log] Asserting valid message in response equals Alright 
2021-08-27 10:41:57,257 INFO  [Log] test_add_multipleWorkingClassHero_valid3Inputs 
2021-08-27 10:41:57,257 INFO  [Log] Data inserted in body is: [{birthday=24031990, gender=F, natid=4234567890, name=Testuser MU3a, tax=10.00, salary=10000.00}, {birthday=12031990, gender=M, natid=5234567890, name=Testuser MU3b, tax=10.00, salary=10000.00}, {birthday=12031990, gender=M, natid=6234567890, name=Testuser MU3c, tax=10.00, salary=10000.00}] 
2021-08-27 10:41:57,312 INFO  [Log] Json string response:Alright 
2021-08-27 10:41:57,313 INFO  [Log] Asserting valid message in response equals Alright 
2021-08-27 10:41:57,321 INFO  [Log] test_add_multipleWorkingClassHero_valid1Inputs 
2021-08-27 10:41:57,321 INFO  [Log] Data inserted in body is: [{birthday=24031990, gender=F, natid=7234567890, name=Testuser MU1a, tax=10.00, salary=10000.00}] 
2021-08-27 10:41:57,394 INFO  [Log] Json string response:Alright 
2021-08-27 10:41:57,394 INFO  [Log] Asserting valid message in response equals Alright 
2021-08-27 10:43:40,902 INFO  [Log] Inside setBrowser.. 
2021-08-27 10:43:45,701 INFO  [Log] Browser Configured: Chrome 
2021-08-27 10:43:53,296 INFO  [Log] Inside fileupload 
2021-08-27 10:43:53,299 INFO  [Log] Before Upload asserting presence of records:No records at the moment 
2021-08-27 10:43:53,667 INFO  [Log] Before Upload ,asserting header from UI: No records at the moment ? is same as given Header: No records at the moment 
2021-08-27 10:43:53,674 INFO  [Log] Assertion Complete 
2021-08-27 10:43:54,676 INFO  [Log] Uploading the file.. 
2021-08-27 10:43:54,854 INFO  [Log] Choosing the file to upload: C:\Users\sudha\eclipse-workspace\oppenheimerproject\src\test\resources\artifacts\TestData.csv 
2021-08-27 10:43:54,987 INFO  [Log] Uploading File.. 
2021-08-27 10:43:54,993 INFO  [Log] Clicking on Refresh Tax Relief Button 
2021-08-27 10:43:58,320 INFO  [Log] Checking display of no records text is present 
2021-08-27 10:43:58,519 INFO  [Log] No records at the moment Header is not present.. 
2021-08-27 10:43:58,519 INFO  [Log] File is Uploaded Successfully 
2021-08-27 10:43:58,570 INFO  [Log] Inside Exception of fileUpload invalid selector: Unable to locate an element with the xpath expression //div[@id="contents"]//p[contains(text(),'will be dispensed)] because of the following error:
SyntaxError: Failed to execute 'evaluate' on 'Document': The string '//div[@id="contents"]//p[contains(text(),'will be dispensed)]' is not a valid XPath expression.
  (Session info: chrome=92.0.4515.159)
For documentation on this error, please visit: https://www.seleniumhq.org/exceptions/invalid_selector_exception.html
Build info: version: '3.141.59', revision: 'e82be7d358', time: '2018-11-14T08:17:03'
System info: host: 'SUDHA-PRO4', ip: '172.25.164.147', os.name: 'Windows 10', os.arch: 'amd64', os.version: '10.0', java.version: '11.0.2-redhat'
Driver info: org.openqa.selenium.chrome.ChromeDriver
Capabilities {acceptInsecureCerts: false, browserName: chrome, browserVersion: 92.0.4515.159, chrome: {chromedriverVersion: 91.0.4472.101 (af52a90bf870..., userDataDir: C:\Users\sudha\AppData\Loca...}, goog:chromeOptions: {debuggerAddress: localhost:58960}, javascriptEnabled: true, networkConnectionEnabled: false, pageLoadStrategy: normal, platform: WINDOWS, platformName: WINDOWS, proxy: Proxy(), setWindowRect: true, strictFileInteractability: false, timeouts: {implicit: 0, pageLoad: 300000, script: 30000}, unhandledPromptBehavior: dismiss and notify, webauthn:extension:largeBlob: true, webauthn:virtualAuthenticators: true}
Session ID: 84cf4e5a74826cbc34b99ad2b513329f
*** Element info: {Using=xpath, value=//div[@id="contents"]//p[contains(text(),'will be dispensed)]} 
2021-08-27 10:43:58,582 INFO  [Log] Inside tearDown.. 
2021-08-27 10:43:59,587 INFO  [Log] Inside test_add_singleWorkingClassHero_validInputs.. 
2021-08-27 10:43:59,588 INFO  [Log] Data inserted in body is: {birthday=24031990, gender=F, natid=1234567890, name=TestUser F_AG31, tax=10.00, salary=10000.00} 
2021-08-27 10:44:05,316 INFO  [Log] Json string response:Alright 
2021-08-27 10:44:05,316 INFO  [Log] Asserting valid message in response equals Alright 
2021-08-27 10:44:05,347 INFO  [Log] Inside test_add_singleWorkingClassHero_invalidPatternBirthday.. 
2021-08-27 10:44:05,348 INFO  [Log] Data inserted in body is: {birthday=24-03-1990, gender=F, natid=1234567890, name=TestUser InvalidDOBPattern, tax=10.00, salary=10000.00} 
2021-08-27 10:44:05,614 INFO  [Log] Json string response:{"timestamp":"2021-08-27T02:44:05.450+0000","status":500,"error":"Internal Server Error","message":"Text '24-03-1990' could not be parsed at index 2","path":"/calculator/insert"} 
2021-08-27 10:44:05,614 INFO  [Log] Asserting error message in response contains Text '24-03-1990' could not be parsed at index 2 
2021-08-27 10:44:05,630 INFO  [Log] Inside test_add_singleWorkingClassHero_invalidGender.. 
2021-08-27 10:44:05,631 INFO  [Log] Data inserted in body is: {birthday=24031990, gender=Female, natid=1234567890, name=TestUser InvalidGender, tax=10.00, salary=10000.00} 
2021-08-27 10:44:05,880 INFO  [Log] Json string response:{"timestamp":"2021-08-27T02:44:05.852+0000","status":500,"error":"Internal Server Error","message":"could not execute statement; SQL [n/a]; nested exception is org.hibernate.exception.DataException: could not execute statement","path":"/calculator/insert"} 
2021-08-27 10:44:05,885 INFO  [Log] Asserting error message in response contains could not execute statement; SQL [n/a]; nested exception is org.hibernate.exception.DataException: could not execute statement 
2021-08-27 10:44:05,891 INFO  [Log] test_add_multipleWorkingClassHero_valid2Inputs 
2021-08-27 10:44:05,892 INFO  [Log] Data inserted in body is: [{birthday=24031990, gender=F, natid=2234567890, name=Testuser MU2a, tax=10.00, salary=10000.00}, {birthday=12031990, gender=M, natid=3234567890, name=Testuser MU2b, tax=10.00, salary=10000.00}] 
2021-08-27 10:44:05,981 INFO  [Log] Json string response:Alright 
2021-08-27 10:44:05,981 INFO  [Log] Asserting valid message in response equals Alright 
2021-08-27 10:44:05,986 INFO  [Log] test_add_multipleWorkingClassHero_valid3Inputs 
2021-08-27 10:44:05,986 INFO  [Log] Data inserted in body is: [{birthday=24031990, gender=F, natid=4234567890, name=Testuser MU3a, tax=10.00, salary=10000.00}, {birthday=12031990, gender=M, natid=5234567890, name=Testuser MU3b, tax=10.00, salary=10000.00}, {birthday=12031990, gender=M, natid=6234567890, name=Testuser MU3c, tax=10.00, salary=10000.00}] 
2021-08-27 10:44:06,034 INFO  [Log] Json string response:Alright 
2021-08-27 10:44:06,034 INFO  [Log] Asserting valid message in response equals Alright 
2021-08-27 10:44:06,039 INFO  [Log] test_add_multipleWorkingClassHero_valid1Inputs 
2021-08-27 10:44:06,039 INFO  [Log] Data inserted in body is: [{birthday=24031990, gender=F, natid=7234567890, name=Testuser MU1a, tax=10.00, salary=10000.00}] 
2021-08-27 10:44:06,088 INFO  [Log] Json string response:Alright 
2021-08-27 10:44:06,088 INFO  [Log] Asserting valid message in response equals Alright 
2021-08-27 10:46:52,479 INFO  [Log] Inside setBrowser.. 
2021-08-27 10:46:57,616 INFO  [Log] Browser Configured: Chrome 
2021-08-27 10:47:03,433 INFO  [Log] Inside fileupload 
2021-08-27 10:47:03,434 INFO  [Log] Before Upload asserting presence of records:No records at the moment 
2021-08-27 10:47:03,686 INFO  [Log] Before Upload ,asserting header from UI: No records at the moment ? is same as given Header: No records at the moment 
2021-08-27 10:47:03,693 INFO  [Log] Assertion Complete 
2021-08-27 10:47:04,693 INFO  [Log] Uploading the file.. 
2021-08-27 10:47:04,867 INFO  [Log] Choosing the file to upload: C:\Users\sudha\eclipse-workspace\oppenheimerproject\src\test\resources\artifacts\TestData.csv 
2021-08-27 10:47:04,958 INFO  [Log] Uploading File.. 
2021-08-27 10:47:04,964 INFO  [Log] Clicking on Refresh Tax Relief Button 
2021-08-27 10:47:08,369 INFO  [Log] Checking display of no records text is present 
2021-08-27 10:47:58,429 INFO  [Log] Inside Exception of fileUpload no such element: Unable to locate element: {"method":"xpath","selector":"//table//caption[contains(text(),'List of working class heroes and their tax relief')]"}
  (Session info: chrome=92.0.4515.159)
For documentation on this error, please visit: https://www.seleniumhq.org/exceptions/no_such_element.html
Build info: version: '3.141.59', revision: 'e82be7d358', time: '2018-11-14T08:17:03'
System info: host: 'SUDHA-PRO4', ip: '172.25.164.147', os.name: 'Windows 10', os.arch: 'amd64', os.version: '10.0', java.version: '11.0.2-redhat'
Driver info: org.openqa.selenium.chrome.ChromeDriver
Capabilities {acceptInsecureCerts: false, browserName: chrome, browserVersion: 92.0.4515.159, chrome: {chromedriverVersion: 91.0.4472.101 (af52a90bf870..., userDataDir: C:\Users\sudha\AppData\Loca...}, goog:chromeOptions: {debuggerAddress: localhost:52498}, javascriptEnabled: true, networkConnectionEnabled: false, pageLoadStrategy: normal, platform: WINDOWS, platformName: WINDOWS, proxy: Proxy(), setWindowRect: true, strictFileInteractability: false, timeouts: {implicit: 0, pageLoad: 300000, script: 30000}, unhandledPromptBehavior: dismiss and notify, webauthn:extension:largeBlob: true, webauthn:virtualAuthenticators: true}
Session ID: ceced2d846861e84a8f752c3b731a34f
*** Element info: {Using=xpath, value=//table//caption[contains(text(),'List of working class heroes and their tax relief')]} 
2021-08-27 10:47:58,441 INFO  [Log] Inside tearDown.. 
2021-08-27 10:47:59,334 INFO  [Log] Inside test_add_singleWorkingClassHero_validInputs.. 
2021-08-27 10:47:59,334 INFO  [Log] Data inserted in body is: {birthday=24031990, gender=F, natid=1234567890, name=TestUser F_AG31, tax=10.00, salary=10000.00} 
2021-08-27 10:48:04,136 INFO  [Log] Json string response:Alright 
2021-08-27 10:48:04,136 INFO  [Log] Asserting valid message in response equals Alright 
2021-08-27 10:48:04,156 INFO  [Log] Inside test_add_singleWorkingClassHero_invalidPatternBirthday.. 
2021-08-27 10:48:04,156 INFO  [Log] Data inserted in body is: {birthday=24-03-1990, gender=F, natid=1234567890, name=TestUser InvalidDOBPattern, tax=10.00, salary=10000.00} 
2021-08-27 10:48:04,521 INFO  [Log] Json string response:{"timestamp":"2021-08-27T02:48:04.281+0000","status":500,"error":"Internal Server Error","message":"Text '24-03-1990' could not be parsed at index 2","path":"/calculator/insert"} 
2021-08-27 10:48:04,522 INFO  [Log] Asserting error message in response contains Text '24-03-1990' could not be parsed at index 2 
2021-08-27 10:48:04,539 INFO  [Log] Inside test_add_singleWorkingClassHero_invalidGender.. 
2021-08-27 10:48:04,542 INFO  [Log] Data inserted in body is: {birthday=24031990, gender=Female, natid=1234567890, name=TestUser InvalidGender, tax=10.00, salary=10000.00} 
2021-08-27 10:48:04,705 INFO  [Log] Json string response:{"timestamp":"2021-08-27T02:48:04.696+0000","status":500,"error":"Internal Server Error","message":"could not execute statement; SQL [n/a]; nested exception is org.hibernate.exception.DataException: could not execute statement","path":"/calculator/insert"} 
2021-08-27 10:48:04,706 INFO  [Log] Asserting error message in response contains could not execute statement; SQL [n/a]; nested exception is org.hibernate.exception.DataException: could not execute statement 
2021-08-27 10:48:04,710 INFO  [Log] test_add_multipleWorkingClassHero_valid2Inputs 
2021-08-27 10:48:04,710 INFO  [Log] Data inserted in body is: [{birthday=24031990, gender=F, natid=2234567890, name=Testuser MU2a, tax=10.00, salary=10000.00}, {birthday=12031990, gender=M, natid=3234567890, name=Testuser MU2b, tax=10.00, salary=10000.00}] 
2021-08-27 10:48:04,789 INFO  [Log] Json string response:Alright 
2021-08-27 10:48:04,789 INFO  [Log] Asserting valid message in response equals Alright 
2021-08-27 10:48:04,792 INFO  [Log] test_add_multipleWorkingClassHero_valid3Inputs 
2021-08-27 10:48:04,792 INFO  [Log] Data inserted in body is: [{birthday=24031990, gender=F, natid=4234567890, name=Testuser MU3a, tax=10.00, salary=10000.00}, {birthday=12031990, gender=M, natid=5234567890, name=Testuser MU3b, tax=10.00, salary=10000.00}, {birthday=12031990, gender=M, natid=6234567890, name=Testuser MU3c, tax=10.00, salary=10000.00}] 
2021-08-27 10:48:04,879 INFO  [Log] Json string response:Alright 
2021-08-27 10:48:04,879 INFO  [Log] Asserting valid message in response equals Alright 
2021-08-27 10:48:04,883 INFO  [Log] test_add_multipleWorkingClassHero_valid1Inputs 
2021-08-27 10:48:04,883 INFO  [Log] Data inserted in body is: [{birthday=24031990, gender=F, natid=7234567890, name=Testuser MU1a, tax=10.00, salary=10000.00}] 
2021-08-27 10:48:04,979 INFO  [Log] Json string response:Alright 
2021-08-27 10:48:04,979 INFO  [Log] Asserting valid message in response equals Alright 
2021-08-27 10:52:26,237 INFO  [Log] Inside setBrowser.. 
2021-08-27 10:52:31,450 INFO  [Log] Browser Configured: Chrome 
2021-08-27 10:52:37,448 INFO  [Log] Inside fileupload 
2021-08-27 10:52:37,449 INFO  [Log] Before Upload asserting presence of records:No records at the moment 
2021-08-27 10:52:37,593 INFO  [Log] Before Upload ,asserting header from UI: No records at the moment ? is same as given Header: No records at the moment 
2021-08-27 10:52:37,602 INFO  [Log] Assertion Complete 
2021-08-27 10:52:38,602 INFO  [Log] Uploading the file.. 
2021-08-27 10:52:38,795 INFO  [Log] Choosing the file to upload: C:\Users\sudha\eclipse-workspace\oppenheimerproject\src\test\resources\artifacts\TestData.csv 
2021-08-27 10:52:38,876 INFO  [Log] Uploading File.. 
2021-08-27 10:52:38,881 INFO  [Log] Clicking on Refresh Tax Relief Button 
2021-08-27 10:52:42,130 INFO  [Log] Checking display of no records text is present 
2021-08-27 10:53:32,175 INFO  [Log] Inside Exception of fileUpload no such element: Unable to locate element: {"method":"xpath","selector":"//div[@id="contents"]//table//th[contains(text(),'NatId')]"}
  (Session info: chrome=92.0.4515.159)
For documentation on this error, please visit: https://www.seleniumhq.org/exceptions/no_such_element.html
Build info: version: '3.141.59', revision: 'e82be7d358', time: '2018-11-14T08:17:03'
System info: host: 'SUDHA-PRO4', ip: '172.25.164.147', os.name: 'Windows 10', os.arch: 'amd64', os.version: '10.0', java.version: '11.0.2-redhat'
Driver info: org.openqa.selenium.chrome.ChromeDriver
Capabilities {acceptInsecureCerts: false, browserName: chrome, browserVersion: 92.0.4515.159, chrome: {chromedriverVersion: 91.0.4472.101 (af52a90bf870..., userDataDir: C:\Users\sudha\AppData\Loca...}, goog:chromeOptions: {debuggerAddress: localhost:50747}, javascriptEnabled: true, networkConnectionEnabled: false, pageLoadStrategy: normal, platform: WINDOWS, platformName: WINDOWS, proxy: Proxy(), setWindowRect: true, strictFileInteractability: false, timeouts: {implicit: 0, pageLoad: 300000, script: 30000}, unhandledPromptBehavior: dismiss and notify, webauthn:extension:largeBlob: true, webauthn:virtualAuthenticators: true}
Session ID: f3ecf5e545cabb030477d22d61e1e353
*** Element info: {Using=xpath, value=//div[@id="contents"]//table//th[contains(text(),'NatId')]} 
2021-08-27 10:53:32,186 INFO  [Log] Inside tearDown.. 
2021-08-27 10:53:33,096 INFO  [Log] Inside test_add_singleWorkingClassHero_validInputs.. 
2021-08-27 10:53:33,097 INFO  [Log] Data inserted in body is: {birthday=24031990, gender=F, natid=1234567890, name=TestUser F_AG31, tax=10.00, salary=10000.00} 
2021-08-27 10:53:39,035 INFO  [Log] Json string response:Alright 
2021-08-27 10:53:39,035 INFO  [Log] Asserting valid message in response equals Alright 
2021-08-27 10:53:39,056 INFO  [Log] Inside test_add_singleWorkingClassHero_invalidPatternBirthday.. 
2021-08-27 10:53:39,056 INFO  [Log] Data inserted in body is: {birthday=24-03-1990, gender=F, natid=1234567890, name=TestUser InvalidDOBPattern, tax=10.00, salary=10000.00} 
2021-08-27 10:53:39,363 INFO  [Log] Json string response:{"timestamp":"2021-08-27T02:53:39.168+0000","status":500,"error":"Internal Server Error","message":"Text '24-03-1990' could not be parsed at index 2","path":"/calculator/insert"} 
2021-08-27 10:53:39,363 INFO  [Log] Asserting error message in response contains Text '24-03-1990' could not be parsed at index 2 
2021-08-27 10:53:39,379 INFO  [Log] Inside test_add_singleWorkingClassHero_invalidGender.. 
2021-08-27 10:53:39,380 INFO  [Log] Data inserted in body is: {birthday=24031990, gender=Female, natid=1234567890, name=TestUser InvalidGender, tax=10.00, salary=10000.00} 
2021-08-27 10:53:39,535 INFO  [Log] Json string response:{"timestamp":"2021-08-27T02:53:39.519+0000","status":500,"error":"Internal Server Error","message":"could not execute statement; SQL [n/a]; nested exception is org.hibernate.exception.DataException: could not execute statement","path":"/calculator/insert"} 
2021-08-27 10:53:39,535 INFO  [Log] Asserting error message in response contains could not execute statement; SQL [n/a]; nested exception is org.hibernate.exception.DataException: could not execute statement 
2021-08-27 10:53:39,540 INFO  [Log] test_add_multipleWorkingClassHero_valid2Inputs 
2021-08-27 10:53:39,541 INFO  [Log] Data inserted in body is: [{birthday=24031990, gender=F, natid=2234567890, name=Testuser MU2a, tax=10.00, salary=10000.00}, {birthday=12031990, gender=M, natid=3234567890, name=Testuser MU2b, tax=10.00, salary=10000.00}] 
2021-08-27 10:53:39,601 INFO  [Log] Json string response:Alright 
2021-08-27 10:53:39,601 INFO  [Log] Asserting valid message in response equals Alright 
2021-08-27 10:53:39,609 INFO  [Log] test_add_multipleWorkingClassHero_valid3Inputs 
2021-08-27 10:53:39,610 INFO  [Log] Data inserted in body is: [{birthday=24031990, gender=F, natid=4234567890, name=Testuser MU3a, tax=10.00, salary=10000.00}, {birthday=12031990, gender=M, natid=5234567890, name=Testuser MU3b, tax=10.00, salary=10000.00}, {birthday=12031990, gender=M, natid=6234567890, name=Testuser MU3c, tax=10.00, salary=10000.00}] 
2021-08-27 10:53:39,720 INFO  [Log] Json string response:Alright 
2021-08-27 10:53:39,720 INFO  [Log] Asserting valid message in response equals Alright 
2021-08-27 10:53:39,728 INFO  [Log] test_add_multipleWorkingClassHero_valid1Inputs 
2021-08-27 10:53:39,728 INFO  [Log] Data inserted in body is: [{birthday=24031990, gender=F, natid=7234567890, name=Testuser MU1a, tax=10.00, salary=10000.00}] 
2021-08-27 10:53:39,801 INFO  [Log] Json string response:Alright 
2021-08-27 10:53:39,801 INFO  [Log] Asserting valid message in response equals Alright 
2021-08-27 11:07:20,164 INFO  [Log] Inside setBrowser.. 
2021-08-27 11:07:25,014 INFO  [Log] Browser Configured: Chrome 
2021-08-27 11:07:32,257 INFO  [Log] Inside fileupload 
2021-08-27 11:07:32,258 INFO  [Log] Before Upload asserting presence of records:No records at the moment 
2021-08-27 11:07:32,491 INFO  [Log] Before Upload ,asserting header from UI: No records at the moment ? is same as given Header: No records at the moment 
2021-08-27 11:07:32,498 INFO  [Log] Assertion Complete 
2021-08-27 11:07:33,498 INFO  [Log] Uploading the file.. 
2021-08-27 11:07:33,693 INFO  [Log] Choosing the file to upload: C:\Users\sudha\eclipse-workspace\oppenheimerproject\src\test\resources\artifacts\TestData.csv 
2021-08-27 11:07:33,788 INFO  [Log] Uploading File.. 
2021-08-27 11:07:33,795 INFO  [Log] Clicking on Refresh Tax Relief Button 
2021-08-27 11:07:38,011 INFO  [Log] Checking display of no records text is present 
2021-08-27 11:07:38,210 INFO  [Log] No records at the moment Header is not present.. 
2021-08-27 11:07:38,210 INFO  [Log] File is Uploaded Successfully 
2021-08-27 11:07:38,251 INFO  [Log] Uploaded Record data, Total Tax Relieves is: 9953429.95 will be dispensed to 2 Working Class Hero/s 
2021-08-27 11:07:38,309 INFO  [Log] Inside tearDown.. 
2021-08-27 11:07:41,841 INFO  [Log] Inside test_add_singleWorkingClassHero_validInputs.. 
2021-08-27 11:07:41,842 INFO  [Log] Data inserted in body is: {birthday=24031990, gender=F, natid=1234567890, name=TestUser F_AG31, tax=10.00, salary=10000.00} 
2021-08-27 11:07:46,676 INFO  [Log] Json string response:Alright 
2021-08-27 11:07:46,676 INFO  [Log] Asserting valid message in response equals Alright 
2021-08-27 11:07:46,690 INFO  [Log] Inside test_add_singleWorkingClassHero_invalidPatternBirthday.. 
2021-08-27 11:07:46,691 INFO  [Log] Data inserted in body is: {birthday=24-03-1990, gender=F, natid=1234567890, name=TestUser InvalidDOBPattern, tax=10.00, salary=10000.00} 
2021-08-27 11:07:46,946 INFO  [Log] Json string response:{"timestamp":"2021-08-27T03:07:46.793+0000","status":500,"error":"Internal Server Error","message":"Text '24-03-1990' could not be parsed at index 2","path":"/calculator/insert"} 
2021-08-27 11:07:46,947 INFO  [Log] Asserting error message in response contains Text '24-03-1990' could not be parsed at index 2 
2021-08-27 11:07:46,952 INFO  [Log] Inside test_add_singleWorkingClassHero_invalidGender.. 
2021-08-27 11:07:46,953 INFO  [Log] Data inserted in body is: {birthday=24031990, gender=Female, natid=1234567890, name=TestUser InvalidGender, tax=10.00, salary=10000.00} 
2021-08-27 11:07:47,065 INFO  [Log] Json string response:{"timestamp":"2021-08-27T03:07:47.054+0000","status":500,"error":"Internal Server Error","message":"could not execute statement; SQL [n/a]; nested exception is org.hibernate.exception.DataException: could not execute statement","path":"/calculator/insert"} 
2021-08-27 11:07:47,066 INFO  [Log] Asserting error message in response contains could not execute statement; SQL [n/a]; nested exception is org.hibernate.exception.DataException: could not execute statement 
2021-08-27 11:07:47,073 INFO  [Log] test_add_multipleWorkingClassHero_valid2Inputs 
2021-08-27 11:07:47,073 INFO  [Log] Data inserted in body is: [{birthday=24031990, gender=F, natid=2234567890, name=Testuser MU2a, tax=10.00, salary=10000.00}, {birthday=12031990, gender=M, natid=3234567890, name=Testuser MU2b, tax=10.00, salary=10000.00}] 
2021-08-27 11:07:47,160 INFO  [Log] Json string response:Alright 
2021-08-27 11:07:47,161 INFO  [Log] Asserting valid message in response equals Alright 
2021-08-27 11:07:47,176 INFO  [Log] test_add_multipleWorkingClassHero_valid3Inputs 
2021-08-27 11:07:47,176 INFO  [Log] Data inserted in body is: [{birthday=24031990, gender=F, natid=4234567890, name=Testuser MU3a, tax=10.00, salary=10000.00}, {birthday=12031990, gender=M, natid=5234567890, name=Testuser MU3b, tax=10.00, salary=10000.00}, {birthday=12031990, gender=M, natid=6234567890, name=Testuser MU3c, tax=10.00, salary=10000.00}] 
2021-08-27 11:07:47,231 INFO  [Log] Json string response:Alright 
2021-08-27 11:07:47,231 INFO  [Log] Asserting valid message in response equals Alright 
2021-08-27 11:07:47,250 INFO  [Log] test_add_multipleWorkingClassHero_valid1Inputs 
2021-08-27 11:07:47,251 INFO  [Log] Data inserted in body is: [{birthday=24031990, gender=F, natid=7234567890, name=Testuser MU1a, tax=10.00, salary=10000.00}] 
2021-08-27 11:07:47,299 INFO  [Log] Json string response:Alright 
2021-08-27 11:07:47,300 INFO  [Log] Asserting valid message in response equals Alright 
2021-08-27 11:10:21,664 INFO  [Log] Inside setBrowser.. 
2021-08-27 11:10:26,959 INFO  [Log] Browser Configured: Chrome 
2021-08-27 11:10:33,329 INFO  [Log] Inside fileupload 
2021-08-27 11:10:33,356 INFO  [Log] Before Upload asserting presence of records:No records at the moment 
2021-08-27 11:10:33,893 INFO  [Log] Before Upload ,asserting header from UI: No records at the moment ? is same as given Header: No records at the moment 
2021-08-27 11:10:33,900 INFO  [Log] Assertion Complete 
2021-08-27 11:10:34,903 INFO  [Log] Uploading the file.. 
2021-08-27 11:10:35,126 INFO  [Log] Choosing the file to upload: C:\Users\sudha\eclipse-workspace\oppenheimerproject\src\test\resources\artifacts\TestData.csv 
2021-08-27 11:10:35,365 INFO  [Log] Uploading File.. 
2021-08-27 11:10:35,376 INFO  [Log] Clicking on Refresh Tax Relief Button 
2021-08-27 11:10:41,329 INFO  [Log] Checking display of no records text is present 
2021-08-27 11:10:41,515 INFO  [Log] No records at the moment Header is not present.. 
2021-08-27 11:10:41,516 INFO  [Log] File is Uploaded Successfully 
2021-08-27 11:10:41,562 INFO  [Log] Uploaded Record data, Total Tax Relieves is: 9953429.95 will be dispensed to 2 Working Class Hero/s 
2021-08-27 11:10:41,579 INFO  [Log] Inside tearDown.. 
2021-08-27 11:10:42,631 INFO  [Log] Inside test_add_singleWorkingClassHero_validInputs.. 
2021-08-27 11:10:42,632 INFO  [Log] Data inserted in body is: {birthday=24031990, gender=F, natid=1234567890, name=TestUser F_AG31, tax=10.00, salary=10000.00} 
2021-08-27 11:10:49,888 INFO  [Log] Json string response:Alright 
2021-08-27 11:10:49,888 INFO  [Log] Asserting valid message in response equals Alright 
2021-08-27 11:10:49,895 INFO  [Log] Inside test_add_singleWorkingClassHero_invalidPatternBirthday.. 
2021-08-27 11:10:49,896 INFO  [Log] Data inserted in body is: {birthday=24-03-1990, gender=F, natid=1234567890, name=TestUser InvalidDOBPattern, tax=10.00, salary=10000.00} 
2021-08-27 11:10:50,159 INFO  [Log] Json string response:{"timestamp":"2021-08-27T03:10:50.012+0000","status":500,"error":"Internal Server Error","message":"Text '24-03-1990' could not be parsed at index 2","path":"/calculator/insert"} 
2021-08-27 11:10:50,160 INFO  [Log] Asserting error message in response contains Text '24-03-1990' could not be parsed at index 2 
2021-08-27 11:10:50,172 INFO  [Log] Inside test_add_singleWorkingClassHero_invalidGender.. 
2021-08-27 11:10:50,172 INFO  [Log] Data inserted in body is: {birthday=24031990, gender=Female, natid=1234567890, name=TestUser InvalidGender, tax=10.00, salary=10000.00} 
2021-08-27 11:10:50,333 INFO  [Log] Json string response:{"timestamp":"2021-08-27T03:10:50.324+0000","status":500,"error":"Internal Server Error","message":"could not execute statement; SQL [n/a]; nested exception is org.hibernate.exception.DataException: could not execute statement","path":"/calculator/insert"} 
2021-08-27 11:10:50,333 INFO  [Log] Asserting error message in response contains could not execute statement; SQL [n/a]; nested exception is org.hibernate.exception.DataException: could not execute statement 
2021-08-27 11:10:50,339 INFO  [Log] test_add_multipleWorkingClassHero_valid2Inputs 
2021-08-27 11:10:50,340 INFO  [Log] Data inserted in body is: [{birthday=24031990, gender=F, natid=2234567890, name=Testuser MU2a, tax=10.00, salary=10000.00}, {birthday=12031990, gender=M, natid=3234567890, name=Testuser MU2b, tax=10.00, salary=10000.00}] 
2021-08-27 11:10:50,410 INFO  [Log] Json string response:Alright 
2021-08-27 11:10:50,410 INFO  [Log] Asserting valid message in response equals Alright 
2021-08-27 11:10:50,420 INFO  [Log] test_add_multipleWorkingClassHero_valid3Inputs 
2021-08-27 11:10:50,420 INFO  [Log] Data inserted in body is: [{birthday=24031990, gender=F, natid=4234567890, name=Testuser MU3a, tax=10.00, salary=10000.00}, {birthday=12031990, gender=M, natid=5234567890, name=Testuser MU3b, tax=10.00, salary=10000.00}, {birthday=12031990, gender=M, natid=6234567890, name=Testuser MU3c, tax=10.00, salary=10000.00}] 
2021-08-27 11:10:50,491 INFO  [Log] Json string response:Alright 
2021-08-27 11:10:50,491 INFO  [Log] Asserting valid message in response equals Alright 
2021-08-27 11:10:50,498 INFO  [Log] test_add_multipleWorkingClassHero_valid1Inputs 
2021-08-27 11:10:50,498 INFO  [Log] Data inserted in body is: [{birthday=24031990, gender=F, natid=7234567890, name=Testuser MU1a, tax=10.00, salary=10000.00}] 
2021-08-27 11:10:50,544 INFO  [Log] Json string response:Alright 
2021-08-27 11:10:50,544 INFO  [Log] Asserting valid message in response equals Alright 
2021-08-27 12:33:00,672 INFO  [Log] Inside setBrowser.. 
2021-08-27 12:33:04,740 INFO  [Log] Browser Configured: Chrome 
2021-08-27 12:33:16,260 INFO  [Log] Inside setBrowser.. 
2021-08-27 12:33:19,731 INFO  [Log] Browser Configured: Chrome 
2021-08-27 12:33:24,197 INFO  [Log] Inside fileupload 
2021-08-27 12:33:24,310 INFO  [Log] Before Upload asserting presence of records:No records at the moment 
2021-08-27 12:33:27,034 INFO  [Log] Before Upload ,asserting header from UI: No records at the moment ? is same as given Header: No records at the moment 
2021-08-27 12:33:27,041 INFO  [Log] Assertion Complete 
2021-08-27 12:33:28,042 INFO  [Log] Uploading the file.. 
2021-08-27 12:33:28,257 INFO  [Log] Choosing the file to upload: C:\Users\sudha\eclipse-workspace\oppenheimerproject\src\test\resources\artifacts\TestData.csv 
2021-08-27 12:33:28,382 INFO  [Log] Uploading File.. 
2021-08-27 12:33:28,389 INFO  [Log] Clicking on Refresh Tax Relief Button 
2021-08-27 12:33:33,538 INFO  [Log] Checking display of records loaded.. 
2021-08-27 12:34:23,587 INFO  [Log] Inside Exception of fileUpload no such element: Unable to locate element: {"method":"xpath","selector":"//div[@id="contents"]//table//th[contains(text(),'NatId')]"}
  (Session info: chrome=92.0.4515.159)
For documentation on this error, please visit: https://www.seleniumhq.org/exceptions/no_such_element.html
Build info: version: '3.141.59', revision: 'e82be7d358', time: '2018-11-14T08:17:03'
System info: host: 'SUDHA-PRO4', ip: '172.25.164.147', os.name: 'Windows 10', os.arch: 'amd64', os.version: '10.0', java.version: '11.0.2-redhat'
Driver info: org.openqa.selenium.chrome.ChromeDriver
Capabilities {acceptInsecureCerts: false, browserName: chrome, browserVersion: 92.0.4515.159, chrome: {chromedriverVersion: 91.0.4472.101 (af52a90bf870..., userDataDir: C:\Users\sudha\AppData\Loca...}, goog:chromeOptions: {debuggerAddress: localhost:61977}, javascriptEnabled: true, networkConnectionEnabled: false, pageLoadStrategy: normal, platform: WINDOWS, platformName: WINDOWS, proxy: Proxy(), setWindowRect: true, strictFileInteractability: false, timeouts: {implicit: 0, pageLoad: 300000, script: 30000}, unhandledPromptBehavior: dismiss and notify, webauthn:extension:largeBlob: true, webauthn:virtualAuthenticators: true}
Session ID: bc8fdc2d06411032285ce9ffdb88a332
*** Element info: {Using=xpath, value=//div[@id="contents"]//table//th[contains(text(),'NatId')]} 
2021-08-27 12:34:23,775 INFO  [Log] Button color: rgba(205, 39, 55, 1) 
2021-08-27 12:34:23,775 INFO  [Log] Text color rgba(255, 255, 255, 1) 
2021-08-27 12:34:23,775 INFO  [Log] Asserting the color of the background of button text is red.. 
2021-08-27 12:34:23,796 INFO  [Log] Button text mfrom UI: Dispense Now 
2021-08-27 12:34:23,796 INFO  [Log] Asserting the button text matched exactly the text: Dispense Now 
2021-08-27 12:34:23,796 INFO  [Log] Clicking on button Dispense Now 
2021-08-27 12:34:25,309 INFO  [Log] Dispense text from UI: Cash dispensed 
2021-08-27 12:34:25,310 INFO  [Log] Asserting the message matched exactly the given text: Cash dispensed 
2021-08-27 12:34:25,316 INFO  [Log] Inside tearDown.. 
2021-08-27 12:34:26,316 INFO  [Log] Inside tearDown.. 
2021-08-27 12:34:28,888 INFO  [Log] Inside test_add_singleWorkingClassHero_validInputs.. 
2021-08-27 12:34:28,888 INFO  [Log] Data inserted in body is: {birthday=24031990, gender=F, natid=1234567890, name=TestUser F_AG31, tax=10.00, salary=10000.00} 
2021-08-27 12:34:33,468 INFO  [Log] Json string response:Alright 
2021-08-27 12:34:33,468 INFO  [Log] Asserting valid message in response equals Alright 
2021-08-27 12:34:33,480 INFO  [Log] Inside test_add_singleWorkingClassHero_invalidPatternBirthday.. 
2021-08-27 12:34:33,481 INFO  [Log] Data inserted in body is: {birthday=24-03-1990, gender=F, natid=1234567890, name=TestUser InvalidDOBPattern, tax=10.00, salary=10000.00} 
2021-08-27 12:34:33,780 INFO  [Log] Json string response:{"timestamp":"2021-08-27T04:34:33.606+0000","status":500,"error":"Internal Server Error","message":"Text '24-03-1990' could not be parsed at index 2","path":"/calculator/insert"} 
2021-08-27 12:34:33,781 INFO  [Log] Asserting error message in response contains Text '24-03-1990' could not be parsed at index 2 
2021-08-27 12:34:33,792 INFO  [Log] Inside test_add_singleWorkingClassHero_invalidGender.. 
2021-08-27 12:34:33,796 INFO  [Log] Data inserted in body is: {birthday=24031990, gender=Female, natid=1234567890, name=TestUser InvalidGender, tax=10.00, salary=10000.00} 
2021-08-27 12:34:34,020 INFO  [Log] Json string response:{"timestamp":"2021-08-27T04:34:34.013+0000","status":500,"error":"Internal Server Error","message":"could not execute statement; SQL [n/a]; nested exception is org.hibernate.exception.DataException: could not execute statement","path":"/calculator/insert"} 
2021-08-27 12:34:34,021 INFO  [Log] Asserting error message in response contains could not execute statement; SQL [n/a]; nested exception is org.hibernate.exception.DataException: could not execute statement 
2021-08-27 12:34:34,028 INFO  [Log] test_add_multipleWorkingClassHero_valid2Inputs 
2021-08-27 12:34:34,029 INFO  [Log] Data inserted in body is: [{birthday=24031990, gender=F, natid=2234567890, name=Testuser MU2a, tax=10.00, salary=10000.00}, {birthday=12031990, gender=M, natid=3234567890, name=Testuser MU2b, tax=10.00, salary=10000.00}] 
2021-08-27 12:34:34,124 INFO  [Log] Json string response:Alright 
2021-08-27 12:34:34,125 INFO  [Log] Asserting valid message in response equals Alright 
2021-08-27 12:34:34,139 INFO  [Log] test_add_multipleWorkingClassHero_valid3Inputs 
2021-08-27 12:34:34,140 INFO  [Log] Data inserted in body is: [{birthday=24031990, gender=F, natid=4234567890, name=Testuser MU3a, tax=10.00, salary=10000.00}, {birthday=12031990, gender=M, natid=5234567890, name=Testuser MU3b, tax=10.00, salary=10000.00}, {birthday=12031990, gender=M, natid=6234567890, name=Testuser MU3c, tax=10.00, salary=10000.00}] 
2021-08-27 12:34:34,204 INFO  [Log] Json string response:Alright 
2021-08-27 12:34:34,204 INFO  [Log] Asserting valid message in response equals Alright 
2021-08-27 12:34:34,212 INFO  [Log] test_add_multipleWorkingClassHero_valid1Inputs 
2021-08-27 12:34:34,212 INFO  [Log] Data inserted in body is: [{birthday=24031990, gender=F, natid=7234567890, name=Testuser MU1a, tax=10.00, salary=10000.00}] 
2021-08-27 12:34:34,264 INFO  [Log] Json string response:Alright 
2021-08-27 12:34:34,264 INFO  [Log] Asserting valid message in response equals Alright 
2021-08-27 12:34:34,269 INFO  [Log] Inside test_get_TaxRelief_WorkingClassHero.. 
2021-08-27 12:34:34,484 INFO  [Log] Json string response:[{"natid":"9234$$$$$$","name":"CSVuserupload 01","relief":"9946220.95"},{"natid":"9334$$$$$$","name":"CSVuserupload 02","relief":"7209.00"},{"natid":"1234$$$$$$","name":"TestUser F_AG31","relief":"8492.00"},{"natid":"2234$$$$$$","name":"Testuser MU2a","relief":"8492.00"},{"natid":"3234$$$$$$","name":"Testuser MU2b","relief":"7992.00"},{"natid":"4234$$$$$$","name":"Testuser MU3a","relief":"8492.00"},{"natid":"5234$$$$$$","name":"Testuser MU3b","relief":"7992.00"},{"natid":"6234$$$$$$","name":"Testuser MU3c","relief":"7992.00"},{"natid":"7234$$$$$$","name":"Testuser MU1a","relief":"8492.00"}] 
2021-08-27 12:34:34,950 INFO  [Log] calculatedExpecetdTax: 2.403184371E7 
2021-08-27 12:40:30,824 INFO  [Log] Inside setBrowser.. 
2021-08-27 12:40:35,106 INFO  [Log] Browser Configured: Chrome 
2021-08-27 12:40:40,566 INFO  [Log] Inside setBrowser.. 
2021-08-27 12:40:42,799 INFO  [Log] Browser Configured: Chrome 
2021-08-27 12:40:46,610 INFO  [Log] Inside fileupload 
2021-08-27 12:40:46,617 INFO  [Log] Before Upload asserting presence of records:No records at the moment 
2021-08-27 12:40:47,117 INFO  [Log] Before Upload ,asserting header from UI: No records at the moment ? is same as given Header: No records at the moment 
2021-08-27 12:40:47,124 INFO  [Log] Assertion Complete 
2021-08-27 12:40:48,124 INFO  [Log] Uploading the file.. 
2021-08-27 12:40:48,383 INFO  [Log] Choosing the file to upload: C:\Users\sudha\eclipse-workspace\oppenheimerproject\src\test\resources\artifacts\TestData.csv 
2021-08-27 12:40:48,488 INFO  [Log] Uploading File.. 
2021-08-27 12:40:48,497 INFO  [Log] Clicking on Refresh Tax Relief Button 
2021-08-27 12:40:55,886 INFO  [Log] Checking display of records loaded.. 
2021-08-27 12:40:56,100 INFO  [Log] No records at the moment Header is not present.. 
2021-08-27 12:40:56,100 INFO  [Log] ***File is Uploaded Successfully**** 
2021-08-27 12:40:56,180 INFO  [Log] Uploaded Bulk data which is visible under Total Tax Relieves is: 9953429.95 will be dispensed to 2 Working Class Hero/s 
2021-08-27 12:40:56,502 INFO  [Log] Button color: rgba(200, 35, 51, 1) 
2021-08-27 12:40:56,502 INFO  [Log] Text color rgba(255, 255, 255, 1) 
2021-08-27 12:40:56,502 INFO  [Log] Asserting the color of the background of button text is red.. 
2021-08-27 12:40:56,539 INFO  [Log] Button text mfrom UI: Dispense Now 
2021-08-27 12:40:56,539 INFO  [Log] Asserting the button text matched exactly the text: Dispense Now 
2021-08-27 12:40:56,539 INFO  [Log] Clicking on button Dispense Now 
2021-08-27 12:40:57,763 INFO  [Log] Dispense text from UI: Cash dispensed 
2021-08-27 12:40:57,764 INFO  [Log] Asserting the message matched exactly the given text: Cash dispensed 
2021-08-27 12:40:57,773 INFO  [Log] Inside tearDown.. 
2021-08-27 12:40:59,292 INFO  [Log] Inside tearDown.. 
2021-08-27 12:41:03,783 INFO  [Log] Inside test_add_singleWorkingClassHero_validInputs.. 
2021-08-27 12:41:03,785 INFO  [Log] Data inserted in body is: {birthday=24031990, gender=F, natid=1234567890, name=TestUser F_AG31, tax=10.00, salary=10000.00} 
2021-08-27 12:41:08,124 INFO  [Log] Json string response:Alright 
2021-08-27 12:41:08,124 INFO  [Log] Asserting valid message in response equals Alright 
2021-08-27 12:41:08,143 INFO  [Log] Inside test_add_singleWorkingClassHero_invalidPatternBirthday.. 
2021-08-27 12:41:08,144 INFO  [Log] Data inserted in body is: {birthday=24-03-1990, gender=F, natid=1234567890, name=TestUser InvalidDOBPattern, tax=10.00, salary=10000.00} 
2021-08-27 12:41:08,331 INFO  [Log] Json string response:{"timestamp":"2021-08-27T04:41:08.221+0000","status":500,"error":"Internal Server Error","message":"Text '24-03-1990' could not be parsed at index 2","path":"/calculator/insert"} 
2021-08-27 12:41:08,332 INFO  [Log] Asserting error message in response contains Text '24-03-1990' could not be parsed at index 2 
2021-08-27 12:41:08,341 INFO  [Log] Inside test_add_singleWorkingClassHero_invalidGender.. 
2021-08-27 12:41:08,341 INFO  [Log] Data inserted in body is: {birthday=24031990, gender=Female, natid=1234567890, name=TestUser InvalidGender, tax=10.00, salary=10000.00} 
2021-08-27 12:41:08,437 INFO  [Log] Json string response:{"timestamp":"2021-08-27T04:41:08.424+0000","status":500,"error":"Internal Server Error","message":"could not execute statement; SQL [n/a]; nested exception is org.hibernate.exception.DataException: could not execute statement","path":"/calculator/insert"} 
2021-08-27 12:41:08,437 INFO  [Log] Asserting error message in response contains could not execute statement; SQL [n/a]; nested exception is org.hibernate.exception.DataException: could not execute statement 
2021-08-27 12:41:08,443 INFO  [Log] test_add_multipleWorkingClassHero_valid2Inputs 
2021-08-27 12:41:08,444 INFO  [Log] Data inserted in body is: [{birthday=24031990, gender=F, natid=2234567890, name=Testuser MU2a, tax=10.00, salary=10000.00}, {birthday=12031990, gender=M, natid=3234567890, name=Testuser MU2b, tax=10.00, salary=10000.00}] 
2021-08-27 12:41:08,503 INFO  [Log] Json string response:Alright 
2021-08-27 12:41:08,503 INFO  [Log] Asserting valid message in response equals Alright 
2021-08-27 12:41:08,514 INFO  [Log] test_add_multipleWorkingClassHero_valid3Inputs 
2021-08-27 12:41:08,514 INFO  [Log] Data inserted in body is: [{birthday=24031990, gender=F, natid=4234567890, name=Testuser MU3a, tax=10.00, salary=10000.00}, {birthday=12031990, gender=M, natid=5234567890, name=Testuser MU3b, tax=10.00, salary=10000.00}, {birthday=12031990, gender=M, natid=6234567890, name=Testuser MU3c, tax=10.00, salary=10000.00}] 
2021-08-27 12:41:08,567 INFO  [Log] Json string response:Alright 
2021-08-27 12:41:08,567 INFO  [Log] Asserting valid message in response equals Alright 
2021-08-27 12:41:08,581 INFO  [Log] test_add_multipleWorkingClassHero_valid1Inputs 
2021-08-27 12:41:08,581 INFO  [Log] Data inserted in body is: [{birthday=24031990, gender=F, natid=7234567890, name=Testuser MU1a, tax=10.00, salary=10000.00}] 
2021-08-27 12:41:08,624 INFO  [Log] Json string response:Alright 
2021-08-27 12:41:08,624 INFO  [Log] Asserting valid message in response equals Alright 
2021-08-27 12:41:08,633 INFO  [Log] Inside test_get_TaxRelief_WorkingClassHero.. 
2021-08-27 12:41:08,854 INFO  [Log] Json string response:[{"natid":"9234$$$$$$","name":"CSVuserupload 01","relief":"9946220.95"},{"natid":"9334$$$$$$","name":"CSVuserupload 02","relief":"7209.00"},{"natid":"1234$$$$$$","name":"TestUser F_AG31","relief":"8492.00"},{"natid":"2234$$$$$$","name":"Testuser MU2a","relief":"8492.00"},{"natid":"3234$$$$$$","name":"Testuser MU2b","relief":"7992.00"},{"natid":"4234$$$$$$","name":"Testuser MU3a","relief":"8492.00"},{"natid":"5234$$$$$$","name":"Testuser MU3b","relief":"7992.00"},{"natid":"6234$$$$$$","name":"Testuser MU3c","relief":"7992.00"},{"natid":"7234$$$$$$","name":"Testuser MU1a","relief":"8492.00"}] 
2021-08-27 12:41:09,348 INFO  [Log] calculatedExpecetdTax: 9946220.95 
2021-08-27 12:57:57,966 INFO  [Log] Inside setBrowser.. 
2021-08-27 12:58:02,996 INFO  [Log] Browser Configured: Chrome 
2021-08-27 12:58:10,788 INFO  [Log] Inside setBrowser.. 
2021-08-27 12:58:20,300 INFO  [Log] Browser Configured: Chrome 
2021-08-27 12:58:28,091 INFO  [Log] Inside fileupload 
2021-08-27 12:58:28,094 INFO  [Log] Before Upload asserting presence of records:No records at the moment 
2021-08-27 12:58:29,296 INFO  [Log] Before Upload ,asserting header from UI: No records at the moment ? is same as given Header: No records at the moment 
2021-08-27 12:58:29,303 INFO  [Log] Assertion Complete 
2021-08-27 12:58:30,304 INFO  [Log] Uploading the file.. 
2021-08-27 12:58:30,766 INFO  [Log] Choosing the file to upload: C:\Users\sudha\eclipse-workspace\oppenheimerproject\src\test\resources\artifacts\TestData.csv 
2021-08-27 12:58:30,907 INFO  [Log] Uploading File.. 
2021-08-27 12:58:30,917 INFO  [Log] Clicking on Refresh Tax Relief Button 
2021-08-27 12:58:38,580 INFO  [Log] Checking display of records loaded.. 
2021-08-27 12:58:38,907 INFO  [Log] No records at the moment Header is not present.. 
2021-08-27 12:58:38,908 INFO  [Log] ***File is Uploaded Successfully**** 
2021-08-27 12:58:39,033 INFO  [Log] Uploaded Bulk data which is visible under Total Tax Relieves is: 9953429.95 will be dispensed to 2 Working Class Hero/s 
2021-08-27 12:58:39,420 INFO  [Log] Button color: rgba(200, 35, 51, 1) 
2021-08-27 12:58:39,421 INFO  [Log] Text color #dc3545 
2021-08-27 12:58:39,421 INFO  [Log] Asserting the hex color of the background of button text is #dc3545.. 
2021-08-27 12:58:39,449 INFO  [Log] Button color from UI in  hex: #c82333 
2021-08-27 12:58:39,459 INFO  [Log] Inside tearDown.. 
2021-08-27 12:58:51,203 INFO  [Log] Inside tearDown.. 
2021-08-27 12:58:54,126 INFO  [Log] Inside test_add_singleWorkingClassHero_validInputs.. 
2021-08-27 12:58:54,127 INFO  [Log] Data inserted in body is: {birthday=24031990, gender=F, natid=1234567890, name=TestUser F_AG31, tax=10.00, salary=10000.00} 
2021-08-27 12:59:04,311 INFO  [Log] Json string response:Alright 
2021-08-27 12:59:04,311 INFO  [Log] Asserting valid message in response equals Alright 
2021-08-27 12:59:04,322 INFO  [Log] Inside test_add_singleWorkingClassHero_invalidPatternBirthday.. 
2021-08-27 12:59:04,323 INFO  [Log] Data inserted in body is: {birthday=24-03-1990, gender=F, natid=1234567890, name=TestUser InvalidDOBPattern, tax=10.00, salary=10000.00} 
2021-08-27 12:59:04,729 INFO  [Log] Json string response:{"timestamp":"2021-08-27T04:59:04.466+0000","status":500,"error":"Internal Server Error","message":"Text '24-03-1990' could not be parsed at index 2","path":"/calculator/insert"} 
2021-08-27 12:59:04,730 INFO  [Log] Asserting error message in response contains Text '24-03-1990' could not be parsed at index 2 
2021-08-27 12:59:04,735 INFO  [Log] Inside test_add_singleWorkingClassHero_invalidGender.. 
2021-08-27 12:59:04,735 INFO  [Log] Data inserted in body is: {birthday=24031990, gender=Female, natid=1234567890, name=TestUser InvalidGender, tax=10.00, salary=10000.00} 
2021-08-27 12:59:04,957 INFO  [Log] Json string response:{"timestamp":"2021-08-27T04:59:04.947+0000","status":500,"error":"Internal Server Error","message":"could not execute statement; SQL [n/a]; nested exception is org.hibernate.exception.DataException: could not execute statement","path":"/calculator/insert"} 
2021-08-27 12:59:04,957 INFO  [Log] Asserting error message in response contains could not execute statement; SQL [n/a]; nested exception is org.hibernate.exception.DataException: could not execute statement 
2021-08-27 12:59:04,962 INFO  [Log] test_add_multipleWorkingClassHero_valid2Inputs 
2021-08-27 12:59:04,962 INFO  [Log] Data inserted in body is: [{birthday=24031990, gender=F, natid=2234567890, name=Testuser MU2a, tax=10.00, salary=10000.00}, {birthday=12031990, gender=M, natid=3234567890, name=Testuser MU2b, tax=10.00, salary=10000.00}] 
2021-08-27 12:59:05,037 INFO  [Log] Json string response:Alright 
2021-08-27 12:59:05,037 INFO  [Log] Asserting valid message in response equals Alright 
2021-08-27 12:59:05,042 INFO  [Log] test_add_multipleWorkingClassHero_valid3Inputs 
2021-08-27 12:59:05,042 INFO  [Log] Data inserted in body is: [{birthday=24031990, gender=F, natid=4234567890, name=Testuser MU3a, tax=10.00, salary=10000.00}, {birthday=12031990, gender=M, natid=5234567890, name=Testuser MU3b, tax=10.00, salary=10000.00}, {birthday=12031990, gender=M, natid=6234567890, name=Testuser MU3c, tax=10.00, salary=10000.00}] 
2021-08-27 12:59:05,105 INFO  [Log] Json string response:Alright 
2021-08-27 12:59:05,106 INFO  [Log] Asserting valid message in response equals Alright 
2021-08-27 12:59:05,109 INFO  [Log] test_add_multipleWorkingClassHero_valid1Inputs 
2021-08-27 12:59:05,109 INFO  [Log] Data inserted in body is: [{birthday=24031990, gender=F, natid=7234567890, name=Testuser MU1a, tax=10.00, salary=10000.00}] 
2021-08-27 12:59:05,162 INFO  [Log] Json string response:Alright 
2021-08-27 12:59:05,162 INFO  [Log] Asserting valid message in response equals Alright 
2021-08-27 12:59:05,174 INFO  [Log] Inside test_get_TaxRelief_WorkingClassHero.. 
2021-08-27 12:59:05,464 INFO  [Log] Json string response:[{"natid":"9234$$$$$$","name":"CSVuserupload 01","relief":"9946220.95"},{"natid":"9334$$$$$$","name":"CSVuserupload 02","relief":"7209.00"},{"natid":"1234$$$$$$","name":"TestUser F_AG31","relief":"8492.00"},{"natid":"2234$$$$$$","name":"Testuser MU2a","relief":"8492.00"},{"natid":"3234$$$$$$","name":"Testuser MU2b","relief":"7992.00"},{"natid":"4234$$$$$$","name":"Testuser MU3a","relief":"8492.00"},{"natid":"5234$$$$$$","name":"Testuser MU3b","relief":"7992.00"},{"natid":"6234$$$$$$","name":"Testuser MU3c","relief":"7992.00"},{"natid":"7234$$$$$$","name":"Testuser MU1a","relief":"8492.00"}] 
2021-08-27 12:59:06,530 INFO  [Log] calculatedExpecetdTax: 9946220.95 
2021-08-27 13:06:50,793 INFO  [Log] Inside setBrowser.. 
2021-08-27 13:06:56,577 INFO  [Log] Browser Configured: Chrome 
2021-08-27 13:07:04,727 INFO  [Log] Inside setBrowser.. 
2021-08-27 13:07:09,325 INFO  [Log] Browser Configured: Chrome 
2021-08-27 13:07:17,444 INFO  [Log] Inside fileupload 
2021-08-27 13:07:17,446 INFO  [Log] Before Upload asserting presence of records:No records at the moment 
2021-08-27 13:07:17,624 INFO  [Log] Before Upload ,asserting header from UI: No records at the moment ? is same as given Header: No records at the moment 
2021-08-27 13:07:17,631 INFO  [Log] Assertion Complete 
2021-08-27 13:07:18,632 INFO  [Log] Uploading the file.. 
2021-08-27 13:07:21,049 INFO  [Log] Choosing the file to upload: C:\Users\sudha\eclipse-workspace\oppenheimerproject\src\test\resources\artifacts\TestData.csv 
2021-08-27 13:07:25,297 INFO  [Log] Uploading File.. 
2021-08-27 13:07:25,302 INFO  [Log] Clicking on Refresh Tax Relief Button 
2021-08-27 13:07:32,984 INFO  [Log] Checking display of records loaded.. 
2021-08-27 13:07:33,178 INFO  [Log] No records at the moment Header is not present.. 
2021-08-27 13:07:33,179 INFO  [Log] ***File is Uploaded Successfully**** 
2021-08-27 13:07:33,236 INFO  [Log] Uploaded Bulk data which is visible under Total Tax Relieves is: 9953429.95 will be dispensed to 2 Working Class Hero/s 
2021-08-27 13:07:33,247 INFO  [Log] Inside tearDown.. 
2021-08-27 13:07:35,473 INFO  [Log] Button color: rgba(200, 35, 51, 1) 
2021-08-27 13:07:35,473 INFO  [Log] Text color #c82333 
2021-08-27 13:07:35,474 INFO  [Log] Asserting the hex color of the background of button text is #dc3545.. 
2021-08-27 13:07:35,698 INFO  [Log] Button color from UI in  hex: #c82333 
2021-08-27 13:07:35,713 INFO  [Log] Button text mfrom UI: Dispense Now 
2021-08-27 13:07:35,713 INFO  [Log] Asserting the button text matched exactly the text: Dispense Now 
2021-08-27 13:07:35,713 INFO  [Log] Clicking on button Dispense Now 
2021-08-27 13:07:40,760 INFO  [Log] Dispense text from UI: Cash dispensed 
2021-08-27 13:07:40,761 INFO  [Log] Asserting the message matched exactly the given text: Cash dispensed 
2021-08-27 13:07:40,770 INFO  [Log] Inside tearDown.. 
2021-08-27 13:07:45,722 INFO  [Log] Inside test_add_singleWorkingClassHero_validInputs.. 
2021-08-27 13:07:45,723 INFO  [Log] Data inserted in body is: {birthday=24031990, gender=F, natid=1234567890, name=TestUser F_AG31, tax=10.00, salary=10000.00} 
2021-08-27 13:07:51,057 INFO  [Log] Json string response:Alright 
2021-08-27 13:07:51,057 INFO  [Log] Asserting valid message in response equals Alright 
2021-08-27 13:07:51,071 INFO  [Log] Inside test_add_singleWorkingClassHero_invalidPatternBirthday.. 
2021-08-27 13:07:51,072 INFO  [Log] Data inserted in body is: {birthday=24-03-1990, gender=F, natid=1234567890, name=TestUser InvalidDOBPattern, tax=10.00, salary=10000.00} 
2021-08-27 13:07:51,473 INFO  [Log] Json string response:{"timestamp":"2021-08-27T05:07:51.193+0000","status":500,"error":"Internal Server Error","message":"Text '24-03-1990' could not be parsed at index 2","path":"/calculator/insert"} 
2021-08-27 13:07:51,474 INFO  [Log] Asserting error message in response contains Text '24-03-1990' could not be parsed at index 2 
2021-08-27 13:07:51,500 INFO  [Log] Inside test_add_singleWorkingClassHero_invalidGender.. 
2021-08-27 13:07:51,501 INFO  [Log] Data inserted in body is: {birthday=24031990, gender=Female, natid=1234567890, name=TestUser InvalidGender, tax=10.00, salary=10000.00} 
2021-08-27 13:07:51,664 INFO  [Log] Json string response:{"timestamp":"2021-08-27T05:07:51.652+0000","status":500,"error":"Internal Server Error","message":"could not execute statement; SQL [n/a]; nested exception is org.hibernate.exception.DataException: could not execute statement","path":"/calculator/insert"} 
2021-08-27 13:07:51,664 INFO  [Log] Asserting error message in response contains could not execute statement; SQL [n/a]; nested exception is org.hibernate.exception.DataException: could not execute statement 
2021-08-27 13:07:51,668 INFO  [Log] test_add_multipleWorkingClassHero_valid2Inputs 
2021-08-27 13:07:51,669 INFO  [Log] Data inserted in body is: [{birthday=24031990, gender=F, natid=2234567890, name=Testuser MU2a, tax=10.00, salary=10000.00}, {birthday=12031990, gender=M, natid=3234567890, name=Testuser MU2b, tax=10.00, salary=10000.00}] 
2021-08-27 13:07:51,736 INFO  [Log] Json string response:Alright 
2021-08-27 13:07:51,736 INFO  [Log] Asserting valid message in response equals Alright 
2021-08-27 13:07:51,744 INFO  [Log] test_add_multipleWorkingClassHero_valid3Inputs 
2021-08-27 13:07:51,744 INFO  [Log] Data inserted in body is: [{birthday=24031990, gender=F, natid=4234567890, name=Testuser MU3a, tax=10.00, salary=10000.00}, {birthday=12031990, gender=M, natid=5234567890, name=Testuser MU3b, tax=10.00, salary=10000.00}, {birthday=12031990, gender=M, natid=6234567890, name=Testuser MU3c, tax=10.00, salary=10000.00}] 
2021-08-27 13:07:51,811 INFO  [Log] Json string response:Alright 
2021-08-27 13:07:51,811 INFO  [Log] Asserting valid message in response equals Alright 
2021-08-27 13:07:51,824 INFO  [Log] test_add_multipleWorkingClassHero_valid1Inputs 
2021-08-27 13:07:51,824 INFO  [Log] Data inserted in body is: [{birthday=24031990, gender=F, natid=7234567890, name=Testuser MU1a, tax=10.00, salary=10000.00}] 
2021-08-27 13:07:51,887 INFO  [Log] Json string response:Alright 
2021-08-27 13:07:51,887 INFO  [Log] Asserting valid message in response equals Alright 
2021-08-27 13:07:51,894 INFO  [Log] Inside test_get_TaxRelief_WorkingClassHero.. 
2021-08-27 13:11:45,873 INFO  [Log] Inside setBrowser.. 
2021-08-27 13:11:52,580 INFO  [Log] Browser Configured: Chrome 
2021-08-27 13:11:59,336 INFO  [Log] Inside fileupload 
2021-08-27 13:11:59,338 INFO  [Log] Before Upload asserting presence of records:No records at the moment 
2021-08-27 13:11:59,526 INFO  [Log] Before Upload ,asserting header from UI: No records at the moment ? is same as given Header: No records at the moment 
2021-08-27 13:11:59,533 INFO  [Log] Assertion Complete 
2021-08-27 13:12:00,535 INFO  [Log] Uploading the file.. 
2021-08-27 13:12:00,736 INFO  [Log] Choosing the file to upload: C:\Users\sudha\eclipse-workspace\oppenheimerproject\src\test\resources\artifacts\TestData.csv 
2021-08-27 13:12:00,850 INFO  [Log] Uploading File.. 
2021-08-27 13:12:00,862 INFO  [Log] Clicking on Refresh Tax Relief Button 
2021-08-27 13:12:07,025 INFO  [Log] Checking display of records loaded.. 
2021-08-27 13:12:07,237 INFO  [Log] No records at the moment Header is not present.. 
2021-08-27 13:12:07,237 INFO  [Log] ***File is Uploaded Successfully**** 
2021-08-27 13:12:07,307 INFO  [Log] Uploaded Bulk data which is visible under Total Tax Relieves is: 9953429.95 will be dispensed to 2 Working Class Hero/s 
2021-08-27 13:12:07,491 INFO  [Log] Inside tearDown.. 
2021-08-27 13:12:09,390 INFO  [Log] Inside setBrowser.. 
2021-08-27 13:12:12,119 INFO  [Log] Browser Configured: Chrome 
2021-08-27 13:12:15,172 INFO  [Log] Button color: rgba(200, 35, 51, 1) 
2021-08-27 13:12:15,172 INFO  [Log] Text color #c82333 
2021-08-27 13:12:15,173 INFO  [Log] Asserting the hex color of the background of button text is..#c82333 
2021-08-27 13:12:15,194 INFO  [Log] Button color from UI in  hex: #c82333 
2021-08-27 13:12:15,215 INFO  [Log] Button text mfrom UI: Dispense Now 
2021-08-27 13:12:15,215 INFO  [Log] Asserting the button text matched exactly the text: Dispense Now 
2021-08-27 13:12:15,216 INFO  [Log] Clicking on button Dispense Now 
2021-08-27 13:12:16,238 INFO  [Log] Dispense text from UI: Cash dispensed 
2021-08-27 13:12:16,239 INFO  [Log] Asserting the message matched exactly the given text: Cash dispensed 
2021-08-27 13:12:16,247 INFO  [Log] Inside tearDown.. 
2021-08-27 13:12:17,405 INFO  [Log] Inside test_add_singleWorkingClassHero_validInputs.. 
2021-08-27 13:12:17,406 INFO  [Log] Data inserted in body is: {birthday=24031990, gender=F, natid=1234567890, name=TestUser F_AG31, tax=10.00, salary=10000.00} 
2021-08-27 13:12:22,966 INFO  [Log] Json string response:Alright 
2021-08-27 13:12:22,966 INFO  [Log] Asserting valid message in response equals Alright 
2021-08-27 13:12:22,971 INFO  [Log] Inside test_add_singleWorkingClassHero_invalidPatternBirthday.. 
2021-08-27 13:12:22,971 INFO  [Log] Data inserted in body is: {birthday=24-03-1990, gender=F, natid=1234567890, name=TestUser InvalidDOBPattern, tax=10.00, salary=10000.00} 
2021-08-27 13:12:23,211 INFO  [Log] Json string response:{"timestamp":"2021-08-27T05:12:23.082+0000","status":500,"error":"Internal Server Error","message":"Text '24-03-1990' could not be parsed at index 2","path":"/calculator/insert"} 
2021-08-27 13:12:23,211 INFO  [Log] Asserting error message in response contains Text '24-03-1990' could not be parsed at index 2 
2021-08-27 13:12:23,216 INFO  [Log] Inside test_add_singleWorkingClassHero_invalidGender.. 
2021-08-27 13:12:23,216 INFO  [Log] Data inserted in body is: {birthday=24031990, gender=Female, natid=1234567890, name=TestUser InvalidGender, tax=10.00, salary=10000.00} 
2021-08-27 13:12:23,368 INFO  [Log] Json string response:{"timestamp":"2021-08-27T05:12:23.352+0000","status":500,"error":"Internal Server Error","message":"could not execute statement; SQL [n/a]; nested exception is org.hibernate.exception.DataException: could not execute statement","path":"/calculator/insert"} 
2021-08-27 13:12:23,369 INFO  [Log] Asserting error message in response contains could not execute statement; SQL [n/a]; nested exception is org.hibernate.exception.DataException: could not execute statement 
2021-08-27 13:12:23,373 INFO  [Log] test_add_multipleWorkingClassHero_valid2Inputs 
2021-08-27 13:12:23,373 INFO  [Log] Data inserted in body is: [{birthday=24031990, gender=F, natid=2234567890, name=Testuser MU2a, tax=10.00, salary=10000.00}, {birthday=12031990, gender=M, natid=3234567890, name=Testuser MU2b, tax=10.00, salary=10000.00}] 
2021-08-27 13:12:23,453 INFO  [Log] Json string response:Alright 
2021-08-27 13:12:23,453 INFO  [Log] Asserting valid message in response equals Alright 
2021-08-27 13:12:23,461 INFO  [Log] test_add_multipleWorkingClassHero_valid3Inputs 
2021-08-27 13:12:23,462 INFO  [Log] Data inserted in body is: [{birthday=24031990, gender=F, natid=4234567890, name=Testuser MU3a, tax=10.00, salary=10000.00}, {birthday=12031990, gender=M, natid=5234567890, name=Testuser MU3b, tax=10.00, salary=10000.00}, {birthday=12031990, gender=M, natid=6234567890, name=Testuser MU3c, tax=10.00, salary=10000.00}] 
2021-08-27 13:12:23,511 INFO  [Log] Json string response:Alright 
2021-08-27 13:12:23,511 INFO  [Log] Asserting valid message in response equals Alright 
2021-08-27 13:12:23,517 INFO  [Log] test_add_multipleWorkingClassHero_valid1Inputs 
2021-08-27 13:12:23,518 INFO  [Log] Data inserted in body is: [{birthday=24031990, gender=F, natid=7234567890, name=Testuser MU1a, tax=10.00, salary=10000.00}] 
2021-08-27 13:12:23,602 INFO  [Log] Json string response:Alright 
2021-08-27 13:12:23,602 INFO  [Log] Asserting valid message in response equals Alright 
2021-08-27 13:12:23,612 INFO  [Log] Inside test_get_TaxRelief_WorkingClassHero.. 
2021-08-27 13:33:17,493 INFO  [Log] Inside setBrowser.. 
2021-08-27 13:33:24,018 INFO  [Log] Browser Configured: Chrome 
2021-08-27 13:33:35,878 INFO  [Log] Inside fileupload 
2021-08-27 13:33:35,880 INFO  [Log] Before Upload asserting presence of records:No records at the moment 
2021-08-27 13:33:36,220 INFO  [Log] Before Upload ,asserting header from UI: No records at the moment ? is same as given Header: No records at the moment 
2021-08-27 13:33:36,229 INFO  [Log] Assertion Complete 
2021-08-27 13:33:37,230 INFO  [Log] Uploading the file.. 
2021-08-27 13:33:37,500 INFO  [Log] Choosing the file to upload: C:\Users\sudha\eclipse-workspace\oppenheimerproject\src\test\resources\artifacts\TestData.csv 
2021-08-27 13:33:37,632 INFO  [Log] Uploading File.. 
2021-08-27 13:33:37,638 INFO  [Log] Clicking on Refresh Tax Relief Button 
2021-08-27 13:33:44,245 INFO  [Log] Checking display of records loaded.. 
2021-08-27 13:33:44,442 INFO  [Log] No records at the moment Header is not present.. 
2021-08-27 13:33:44,442 INFO  [Log] ***File is Uploaded Successfully**** 
2021-08-27 13:33:44,491 INFO  [Log] Uploaded Bulk data which is visible under Total Tax Relieves is: 9953429.95 will be dispensed to 2 Working Class Hero/s 
2021-08-27 13:33:44,516 INFO  [Log] Inside tearDown.. 
2021-08-27 13:33:44,517 INFO  [Log] Error in method tearDown 
2021-08-27 13:33:44,667 INFO  [Log] Inside test_add_singleWorkingClassHero_validInputs.. 
2021-08-27 13:33:44,667 INFO  [Log] Data inserted in body is: {birthday=24031990, gender=F, natid=1234567890, name=TestUser F_AG31, tax=10.00, salary=10000.00} 
2021-08-27 13:33:51,932 INFO  [Log] Json string response:Alright 
2021-08-27 13:33:51,932 INFO  [Log] Asserting valid message in response equals Alright 
2021-08-27 13:33:51,937 INFO  [Log] Inside test_add_singleWorkingClassHero_invalidPatternBirthday.. 
2021-08-27 13:33:51,938 INFO  [Log] Data inserted in body is: {birthday=24-03-1990, gender=F, natid=1234567890, name=TestUser InvalidDOBPattern, tax=10.00, salary=10000.00} 
2021-08-27 13:33:52,200 INFO  [Log] Json string response:{"timestamp":"2021-08-27T05:33:52.056+0000","status":500,"error":"Internal Server Error","message":"Text '24-03-1990' could not be parsed at index 2","path":"/calculator/insert"} 
2021-08-27 13:33:52,200 INFO  [Log] Asserting error message in response contains Text '24-03-1990' could not be parsed at index 2 
2021-08-27 13:33:52,211 INFO  [Log] Inside test_add_singleWorkingClassHero_invalidGender.. 
2021-08-27 13:33:52,211 INFO  [Log] Data inserted in body is: {birthday=24031990, gender=Female, natid=1234567890, name=TestUser InvalidGender, tax=10.00, salary=10000.00} 
2021-08-27 13:33:52,425 INFO  [Log] Json string response:{"timestamp":"2021-08-27T05:33:52.414+0000","status":500,"error":"Internal Server Error","message":"could not execute statement; SQL [n/a]; nested exception is org.hibernate.exception.DataException: could not execute statement","path":"/calculator/insert"} 
2021-08-27 13:33:52,425 INFO  [Log] Asserting error message in response contains could not execute statement; SQL [n/a]; nested exception is org.hibernate.exception.DataException: could not execute statement 
2021-08-27 13:33:52,429 INFO  [Log] test_add_multipleWorkingClassHero_valid2Inputs 
2021-08-27 13:33:52,429 INFO  [Log] Data inserted in body is: [{birthday=24031990, gender=F, natid=2234567890, name=Testuser MU2a, tax=10.00, salary=10000.00}, {birthday=12031990, gender=M, natid=3234567890, name=Testuser MU2b, tax=10.00, salary=10000.00}] 
2021-08-27 13:33:52,538 INFO  [Log] Json string response:Alright 
2021-08-27 13:33:52,538 INFO  [Log] Asserting valid message in response equals Alright 
2021-08-27 13:33:52,542 INFO  [Log] test_add_multipleWorkingClassHero_valid3Inputs 
2021-08-27 13:33:52,542 INFO  [Log] Data inserted in body is: [{birthday=24031990, gender=F, natid=4234567890, name=Testuser MU3a, tax=10.00, salary=10000.00}, {birthday=12031990, gender=M, natid=5234567890, name=Testuser MU3b, tax=10.00, salary=10000.00}, {birthday=12031990, gender=M, natid=6234567890, name=Testuser MU3c, tax=10.00, salary=10000.00}] 
2021-08-27 13:33:52,591 INFO  [Log] Json string response:Alright 
2021-08-27 13:33:52,591 INFO  [Log] Asserting valid message in response equals Alright 
2021-08-27 13:33:52,597 INFO  [Log] test_add_multipleWorkingClassHero_valid1Inputs 
2021-08-27 13:33:52,597 INFO  [Log] Data inserted in body is: [{birthday=24031990, gender=F, natid=7234567890, name=Testuser MU1a, tax=10.00, salary=10000.00}] 
2021-08-27 13:33:52,659 INFO  [Log] Json string response:Alright 
2021-08-27 13:33:52,659 INFO  [Log] Asserting valid message in response equals Alright 
2021-08-27 13:33:52,663 INFO  [Log] Inside test_get_TaxRelief_WorkingClassHero.. 
2021-08-27 13:33:53,044 INFO  [Log] Json string response:[{"natid":"9234$$$$$$","name":"CSVuserupload 01","relief":"9946220.95"},{"natid":"9334$$$$$$","name":"CSVuserupload 02","relief":"7209.00"},{"natid":"1234$$$$$$","name":"TestUser F_AG31","relief":"8492.00"},{"natid":"2234$$$$$$","name":"Testuser MU2a","relief":"8492.00"},{"natid":"3234$$$$$$","name":"Testuser MU2b","relief":"7992.00"},{"natid":"4234$$$$$$","name":"Testuser MU3a","relief":"8492.00"},{"natid":"5234$$$$$$","name":"Testuser MU3b","relief":"7992.00"},{"natid":"6234$$$$$$","name":"Testuser MU3c","relief":"7992.00"},{"natid":"7234$$$$$$","name":"Testuser MU1a","relief":"8492.00"}] 
2021-08-27 14:09:36,084 INFO  [Log] Inside setBrowser.. 
2021-08-27 14:09:44,199 INFO  [Log] Browser Configured: Chrome 
2021-08-27 14:10:06,789 INFO  [Log] Inside fileupload 
2021-08-27 14:10:06,801 INFO  [Log] Before Upload asserting presence of records:No records at the moment 
2021-08-27 14:10:07,123 INFO  [Log] Before Upload ,asserting header from UI: No records at the moment ? is same as given Header: No records at the moment 
2021-08-27 14:10:07,130 INFO  [Log] Assertion Complete 
2021-08-27 14:10:08,130 INFO  [Log] Uploading the file.. 
2021-08-27 14:10:08,353 INFO  [Log] Choosing the file to upload: C:\Users\sudha\eclipse-workspace\oppenheimerproject\src\test\resources\artifacts\TestData.csv 
2021-08-27 14:10:08,526 INFO  [Log] Uploading File.. 
2021-08-27 14:10:08,534 INFO  [Log] Clicking on Refresh Tax Relief Button 
2021-08-27 14:10:15,119 INFO  [Log] Checking display of records loaded.. 
2021-08-27 14:10:15,320 INFO  [Log] No records at the moment Header is not present.. 
2021-08-27 14:10:15,320 INFO  [Log] ***File is Uploaded Successfully**** 
2021-08-27 14:10:15,372 INFO  [Log] Uploaded Bulk data which is visible under Total Tax Relieves is: 9953429.95 will be dispensed to 2 Working Class Hero/s 
2021-08-27 14:10:15,524 INFO  [Log] Inside test_add_singleWorkingClassHero_validInputs.. 
2021-08-27 14:10:15,525 INFO  [Log] Data inserted in body is: {birthday=24031990, gender=F, natid=1234567890, name=TestUser F_AG31, tax=10.00, salary=10000.00} 
2021-08-27 14:10:24,212 INFO  [Log] Json string response:Alright 
2021-08-27 14:10:24,212 INFO  [Log] Asserting valid message in response equals Alright 
2021-08-27 14:10:24,240 INFO  [Log] Inside test_add_singleWorkingClassHero_invalidPatternBirthday.. 
2021-08-27 14:10:24,241 INFO  [Log] Data inserted in body is: {birthday=24-03-1990, gender=F, natid=1234567890, name=TestUser InvalidDOBPattern, tax=10.00, salary=10000.00} 
2021-08-27 14:10:24,594 INFO  [Log] Json string response:{"timestamp":"2021-08-27T06:10:24.393+0000","status":500,"error":"Internal Server Error","message":"Text '24-03-1990' could not be parsed at index 2","path":"/calculator/insert"} 
2021-08-27 14:10:24,594 INFO  [Log] Asserting error message in response contains Text '24-03-1990' could not be parsed at index 2 
2021-08-27 14:10:24,619 INFO  [Log] Inside test_add_singleWorkingClassHero_invalidGender.. 
2021-08-27 14:10:24,619 INFO  [Log] Data inserted in body is: {birthday=24031990, gender=Female, natid=1234567890, name=TestUser InvalidGender, tax=10.00, salary=10000.00} 
2021-08-27 14:10:24,880 INFO  [Log] Json string response:{"timestamp":"2021-08-27T06:10:24.863+0000","status":500,"error":"Internal Server Error","message":"could not execute statement; SQL [n/a]; nested exception is org.hibernate.exception.DataException: could not execute statement","path":"/calculator/insert"} 
2021-08-27 14:10:24,880 INFO  [Log] Asserting error message in response contains could not execute statement; SQL [n/a]; nested exception is org.hibernate.exception.DataException: could not execute statement 
2021-08-27 14:10:24,884 INFO  [Log] test_add_multipleWorkingClassHero_valid2Inputs 
2021-08-27 14:10:24,885 INFO  [Log] Data inserted in body is: [{birthday=24031990, gender=F, natid=2234567890, name=Testuser MU2a, tax=10.00, salary=10000.00}, {birthday=12031990, gender=M, natid=3234567890, name=Testuser MU2b, tax=10.00, salary=10000.00}] 
2021-08-27 14:10:24,990 INFO  [Log] Json string response:Alright 
2021-08-27 14:10:24,990 INFO  [Log] Asserting valid message in response equals Alright 
2021-08-27 14:10:24,994 INFO  [Log] test_add_multipleWorkingClassHero_valid3Inputs 
2021-08-27 14:10:24,994 INFO  [Log] Data inserted in body is: [{birthday=24031990, gender=F, natid=4234567890, name=Testuser MU3a, tax=10.00, salary=10000.00}, {birthday=12031990, gender=M, natid=5234567890, name=Testuser MU3b, tax=10.00, salary=10000.00}, {birthday=12031990, gender=M, natid=6234567890, name=Testuser MU3c, tax=10.00, salary=10000.00}] 
2021-08-27 14:10:25,047 INFO  [Log] Json string response:Alright 
2021-08-27 14:10:25,047 INFO  [Log] Asserting valid message in response equals Alright 
2021-08-27 14:10:25,052 INFO  [Log] test_add_multipleWorkingClassHero_valid1Inputs 
2021-08-27 14:10:25,052 INFO  [Log] Data inserted in body is: [{birthday=24031990, gender=F, natid=7234567890, name=Testuser MU1a, tax=10.00, salary=10000.00}] 
2021-08-27 14:10:25,125 INFO  [Log] Json string response:Alright 
2021-08-27 14:10:25,125 INFO  [Log] Asserting valid message in response equals Alright 
2021-08-27 14:10:25,129 INFO  [Log] Inside test_get_TaxRelief_WorkingClassHero.. 
2021-08-27 14:10:25,420 INFO  [Log] Json string response:[{"natid":"9234$$$$$$","name":"CSVuserupload 01","relief":"9946220.95"},{"natid":"9334$$$$$$","name":"CSVuserupload 02","relief":"7209.00"},{"natid":"1234$$$$$$","name":"TestUser F_AG31","relief":"8492.00"},{"natid":"2234$$$$$$","name":"Testuser MU2a","relief":"8492.00"},{"natid":"3234$$$$$$","name":"Testuser MU2b","relief":"7992.00"},{"natid":"4234$$$$$$","name":"Testuser MU3a","relief":"8492.00"},{"natid":"5234$$$$$$","name":"Testuser MU3b","relief":"7992.00"},{"natid":"6234$$$$$$","name":"Testuser MU3c","relief":"7992.00"},{"natid":"7234$$$$$$","name":"Testuser MU1a","relief":"8492.00"}] 
2021-08-27 14:10:26,219 INFO  [Log] calculatedExpecetdTax: 9946220.95 
2021-08-27 14:46:47,651 INFO  [Log] Inside setBrowser.. 
2021-08-27 14:47:11,582 INFO  [Log] Browser Configured: Chrome 
2021-08-27 14:47:46,703 INFO  [Log] Inside fileupload 
2021-08-27 14:47:46,708 INFO  [Log] Before Upload asserting presence of records:No records at the moment 
2021-08-27 14:47:46,876 INFO  [Log] Before Upload ,asserting header from UI: No records at the moment ? is same as given Header: No records at the moment 
2021-08-27 14:47:46,886 INFO  [Log] Assertion Complete 
2021-08-27 14:47:47,887 INFO  [Log] Uploading the file.. 
2021-08-27 14:47:48,181 INFO  [Log] Choosing the file to upload: C:\Users\sudha\eclipse-workspace\oppenheimerproject\src\test\resources\artifacts\TestData.csv 
2021-08-27 14:47:48,791 INFO  [Log] Uploading File.. 
2021-08-27 14:47:48,798 INFO  [Log] Clicking on Refresh Tax Relief Button 
2021-08-27 14:47:55,932 INFO  [Log] Checking display of records loaded.. 
2021-08-27 14:47:58,015 INFO  [Log] No records at the moment Header is not present.. 
2021-08-27 14:47:58,015 INFO  [Log] ***File is Uploaded Successfully**** 
2021-08-27 14:47:58,076 INFO  [Log] Uploaded Bulk data which is visible under Total Tax Relieves is: 9953429.95 will be dispensed to 2 Working Class Hero/s 
2021-08-27 14:47:58,292 INFO  [Log] Inside test_add_singleWorkingClassHero_validInputs.. 
2021-08-27 14:47:58,293 INFO  [Log] Data inserted in body is: {birthday=24031990, gender=F, natid=1234567890, name=TestUser F_AG31, tax=10.00, salary=10000.00} 
2021-08-27 14:48:05,875 INFO  [Log] Json string response:Alright 
2021-08-27 14:48:05,877 INFO  [Log] Asserting valid message in response equals Alright 
2021-08-27 14:48:05,891 INFO  [Log] Inside test_add_singleWorkingClassHero_invalidPatternBirthday.. 
2021-08-27 14:48:05,891 INFO  [Log] Data inserted in body is: {birthday=24-03-1990, gender=F, natid=1234567890, name=TestUser InvalidDOBPattern, tax=10.00, salary=10000.00} 
2021-08-27 14:48:06,216 INFO  [Log] Json string response:{"timestamp":"2021-08-27T06:48:06.080+0000","status":500,"error":"Internal Server Error","message":"Text '24-03-1990' could not be parsed at index 2","path":"/calculator/insert"} 
2021-08-27 14:48:06,216 INFO  [Log] Asserting error message in response contains Text '24-03-1990' could not be parsed at index 2 
2021-08-27 14:48:06,228 INFO  [Log] Inside test_add_singleWorkingClassHero_invalidGender.. 
2021-08-27 14:48:06,229 INFO  [Log] Data inserted in body is: {birthday=24031990, gender=Female, natid=1234567890, name=TestUser InvalidGender, tax=10.00, salary=10000.00} 
2021-08-27 14:48:06,400 INFO  [Log] Json string response:{"timestamp":"2021-08-27T06:48:06.390+0000","status":500,"error":"Internal Server Error","message":"could not execute statement; SQL [n/a]; nested exception is org.hibernate.exception.DataException: could not execute statement","path":"/calculator/insert"} 
2021-08-27 14:48:06,400 INFO  [Log] Asserting error message in response contains could not execute statement; SQL [n/a]; nested exception is org.hibernate.exception.DataException: could not execute statement 
2021-08-27 14:48:06,405 INFO  [Log] test_add_multipleWorkingClassHero_valid2Inputs 
2021-08-27 14:48:06,405 INFO  [Log] Data inserted in body is: [{birthday=24031990, gender=F, natid=2234567890, name=Testuser MU2a, tax=10.00, salary=10000.00}, {birthday=12031990, gender=M, natid=3234567890, name=Testuser MU2b, tax=10.00, salary=10000.00}] 
2021-08-27 14:48:06,471 INFO  [Log] Json string response:Alright 
2021-08-27 14:48:06,472 INFO  [Log] Asserting valid message in response equals Alright 
2021-08-27 14:48:06,489 INFO  [Log] test_add_multipleWorkingClassHero_valid3Inputs 
2021-08-27 14:48:06,490 INFO  [Log] Data inserted in body is: [{birthday=24031990, gender=F, natid=4234567890, name=Testuser MU3a, tax=10.00, salary=10000.00}, {birthday=12031990, gender=M, natid=5234567890, name=Testuser MU3b, tax=10.00, salary=10000.00}, {birthday=12031990, gender=M, natid=6234567890, name=Testuser MU3c, tax=10.00, salary=10000.00}] 
2021-08-27 14:48:06,541 INFO  [Log] Json string response:Alright 
2021-08-27 14:48:06,541 INFO  [Log] Asserting valid message in response equals Alright 
2021-08-27 14:48:06,545 INFO  [Log] test_add_multipleWorkingClassHero_valid1Inputs 
2021-08-27 14:48:06,545 INFO  [Log] Data inserted in body is: [{birthday=24031990, gender=F, natid=7234567890, name=Testuser MU1a, tax=10.00, salary=10000.00}] 
2021-08-27 14:48:06,586 INFO  [Log] Json string response:Alright 
2021-08-27 14:48:06,586 INFO  [Log] Asserting valid message in response equals Alright 
2021-08-27 14:48:06,590 INFO  [Log] Inside test_get_TaxRelief_WorkingClassHero.. 
2021-08-27 14:48:06,802 INFO  [Log] Json string response:[{"natid":"9234$$$$$$","name":"CSVuserupload 01","relief":"9946220.95"},{"natid":"9334$$$$$$","name":"CSVuserupload 02","relief":"7209.00"},{"natid":"1234$$$$$$","name":"TestUser F_AG31","relief":"8492.00"},{"natid":"2234$$$$$$","name":"Testuser MU2a","relief":"8492.00"},{"natid":"3234$$$$$$","name":"Testuser MU2b","relief":"7992.00"},{"natid":"4234$$$$$$","name":"Testuser MU3a","relief":"8492.00"},{"natid":"5234$$$$$$","name":"Testuser MU3b","relief":"7992.00"},{"natid":"6234$$$$$$","name":"Testuser MU3c","relief":"7992.00"},{"natid":"7234$$$$$$","name":"Testuser MU1a","relief":"8492.00"}] 
2021-08-27 14:48:07,254 INFO  [Log] Inside calculateNatid 
2021-08-27 14:48:07,255 INFO  [Log] Length of String: 10 
2021-08-27 14:48:07,255 INFO  [Log] calculatedExpecetdTax: 9946220.95 
2021-08-27 14:48:08,008 INFO  [Log] jsonResponse size is:9 
2021-08-27 14:48:09,745 INFO  [Log] first tax relief from response: 9946220.95 
2021-08-27 14:48:09,746 INFO  [Log] Asserting calculated reflief: 9946220.95 is same as 1st relief from response: 9946220.95 
2021-08-27 14:48:09,794 INFO  [Log] first natid from response: 9234$$$$$$ 
2021-08-27 14:48:09,794 INFO  [Log] Asserting calculated natid: null9234$$$$$$ is same as 1st natid from response: 9234$$$$$$ 
2021-08-27 14:57:25,610 INFO  [Log] Inside setBrowser.. 
2021-08-27 14:57:29,654 INFO  [Log] Browser Configured: Chrome 
2021-08-27 14:57:38,990 INFO  [Log] Inside setBrowser.. 
2021-08-27 14:57:42,118 INFO  [Log] Browser Configured: Chrome 
2021-08-27 14:57:45,069 INFO  [Log] Inside fileupload 
2021-08-27 14:57:45,133 INFO  [Log] Before Upload asserting presence of records:No records at the moment 
2021-08-27 14:57:45,392 INFO  [Log] Before Upload ,asserting header from UI: No records at the moment ? is same as given Header: No records at the moment 
2021-08-27 14:57:45,399 INFO  [Log] Assertion Complete 
2021-08-27 14:57:46,401 INFO  [Log] Uploading the file.. 
2021-08-27 14:57:46,582 INFO  [Log] Choosing the file to upload: C:\Users\sudha\eclipse-workspace\oppenheimerproject\src\test\resources\artifacts\TestData.csv 
2021-08-27 14:57:46,652 INFO  [Log] Uploading File.. 
2021-08-27 14:57:46,658 INFO  [Log] Clicking on Refresh Tax Relief Button 
2021-08-27 14:57:52,466 INFO  [Log] Checking display of records loaded.. 
2021-08-27 14:57:52,665 INFO  [Log] No records at the moment Header is not present.. 
2021-08-27 14:57:52,665 INFO  [Log] ***File is Uploaded Successfully**** 
2021-08-27 14:57:52,728 INFO  [Log] Uploaded Bulk data which is visible under Total Tax Relieves is: 9953429.95 will be dispensed to 2 Working Class Hero/s 
2021-08-27 14:57:53,483 INFO  [Log] Button color: rgba(200, 35, 51, 1) 
2021-08-27 14:57:53,483 INFO  [Log] Text color #c82333 
2021-08-27 14:57:53,483 INFO  [Log] Asserting the hex color of the background of button text is..#c82333 
2021-08-27 14:57:53,519 INFO  [Log] Button color from UI in  hex: #c82333 
2021-08-27 14:57:53,675 INFO  [Log] Button text mfrom UI: Dispense Now 
2021-08-27 14:57:53,676 INFO  [Log] Asserting the button text matched exactly the text: Dispense Now 
2021-08-27 14:57:53,682 INFO  [Log] Clicking on button Dispense Now 
2021-08-27 14:57:55,120 INFO  [Log] Dispense text from UI: Cash dispensed 
2021-08-27 14:57:55,122 INFO  [Log] Asserting the message matched exactly the given text: Cash dispensed 
2021-08-27 14:57:55,285 INFO  [Log] Inside test_add_singleWorkingClassHero_validInputs.. 
2021-08-27 14:57:55,285 INFO  [Log] Data inserted in body is: {birthday=24031990, gender=F, natid=1234567890, name=TestUser F_AG31, tax=10.00, salary=10000.00} 
2021-08-27 14:58:01,668 INFO  [Log] Json string response:Alright 
2021-08-27 14:58:01,668 INFO  [Log] Asserting valid message in response equals Alright 
2021-08-27 14:58:01,673 INFO  [Log] Inside test_add_singleWorkingClassHero_invalidPatternBirthday.. 
2021-08-27 14:58:01,673 INFO  [Log] Data inserted in body is: {birthday=24-03-1990, gender=F, natid=1234567890, name=TestUser InvalidDOBPattern, tax=10.00, salary=10000.00} 
2021-08-27 14:58:01,959 INFO  [Log] Json string response:{"timestamp":"2021-08-27T06:58:01.763+0000","status":500,"error":"Internal Server Error","message":"Text '24-03-1990' could not be parsed at index 2","path":"/calculator/insert"} 
2021-08-27 14:58:01,960 INFO  [Log] Asserting error message in response contains Text '24-03-1990' could not be parsed at index 2 
2021-08-27 14:58:01,973 INFO  [Log] Inside test_add_singleWorkingClassHero_invalidGender.. 
2021-08-27 14:58:01,973 INFO  [Log] Data inserted in body is: {birthday=24031990, gender=Female, natid=1234567890, name=TestUser InvalidGender, tax=10.00, salary=10000.00} 
2021-08-27 14:58:02,055 INFO  [Log] Json string response:{"timestamp":"2021-08-27T06:58:02.044+0000","status":500,"error":"Internal Server Error","message":"could not execute statement; SQL [n/a]; nested exception is org.hibernate.exception.DataException: could not execute statement","path":"/calculator/insert"} 
2021-08-27 14:58:02,055 INFO  [Log] Asserting error message in response contains could not execute statement; SQL [n/a]; nested exception is org.hibernate.exception.DataException: could not execute statement 
2021-08-27 14:58:02,060 INFO  [Log] test_add_multipleWorkingClassHero_valid2Inputs 
2021-08-27 14:58:02,060 INFO  [Log] Data inserted in body is: [{birthday=24031990, gender=F, natid=2234567890, name=Testuser MU2a, tax=10.00, salary=10000.00}, {birthday=12031990, gender=M, natid=3234567890, name=Testuser MU2b, tax=10.00, salary=10000.00}] 
2021-08-27 14:58:02,117 INFO  [Log] Json string response:Alright 
2021-08-27 14:58:02,117 INFO  [Log] Asserting valid message in response equals Alright 
2021-08-27 14:58:02,121 INFO  [Log] test_add_multipleWorkingClassHero_valid3Inputs 
2021-08-27 14:58:02,122 INFO  [Log] Data inserted in body is: [{birthday=24031990, gender=F, natid=4234567890, name=Testuser MU3a, tax=10.00, salary=10000.00}, {birthday=12031990, gender=M, natid=5234567890, name=Testuser MU3b, tax=10.00, salary=10000.00}, {birthday=12031990, gender=M, natid=6234567890, name=Testuser MU3c, tax=10.00, salary=10000.00}] 
2021-08-27 14:58:02,163 INFO  [Log] Json string response:Alright 
2021-08-27 14:58:02,163 INFO  [Log] Asserting valid message in response equals Alright 
2021-08-27 14:58:02,170 INFO  [Log] test_add_multipleWorkingClassHero_valid1Inputs 
2021-08-27 14:58:02,170 INFO  [Log] Data inserted in body is: [{birthday=24031990, gender=F, natid=7234567890, name=Testuser MU1a, tax=10.00, salary=10000.00}] 
2021-08-27 14:58:02,207 INFO  [Log] Json string response:Alright 
2021-08-27 14:58:02,207 INFO  [Log] Asserting valid message in response equals Alright 
2021-08-27 14:58:02,211 INFO  [Log] Inside test_get_TaxRelief_WorkingClassHero.. 
2021-08-27 14:58:02,326 INFO  [Log] Json string response:[{"natid":"9234$$$$$$","name":"CSVuserupload 01","relief":"9946220.95"},{"natid":"9334$$$$$$","name":"CSVuserupload 02","relief":"7209.00"},{"natid":"1234$$$$$$","name":"TestUser F_AG31","relief":"8492.00"},{"natid":"2234$$$$$$","name":"Testuser MU2a","relief":"8492.00"},{"natid":"3234$$$$$$","name":"Testuser MU2b","relief":"7992.00"},{"natid":"4234$$$$$$","name":"Testuser MU3a","relief":"8492.00"},{"natid":"5234$$$$$$","name":"Testuser MU3b","relief":"7992.00"},{"natid":"6234$$$$$$","name":"Testuser MU3c","relief":"7992.00"},{"natid":"7234$$$$$$","name":"Testuser MU1a","relief":"8492.00"}] 
2021-08-27 14:58:02,759 INFO  [Log] Inside calculateNatid 
2021-08-27 14:58:02,759 INFO  [Log] Length of String: 10 
2021-08-27 14:58:02,759 INFO  [Log] calculatedExpecetdTax: 9946220.95 
2021-08-27 14:58:03,193 INFO  [Log] jsonResponse size is:9 
2021-08-27 14:58:04,614 INFO  [Log] first tax relief from response: 9946220.95 
2021-08-27 14:58:04,614 INFO  [Log] Asserting calculated reflief: 9946220.95 is same as 1st relief from response: 9946220.95 
2021-08-27 14:58:04,659 INFO  [Log] first natid from response: 9234$$$$$$ 
2021-08-27 14:58:04,660 INFO  [Log] Asserting calculated natid: 9234$$$$$$ is same as 1st natid from response: 9234$$$$$$ 
2021-08-27 15:06:22,166 INFO  [Log] Inside setBrowser.. 
2021-08-27 15:06:28,326 INFO  [Log] Browser Configured: Chrome 
2021-08-27 15:06:40,502 INFO  [Log] Inside setBrowser.. 
2021-08-27 15:06:44,580 INFO  [Log] Browser Configured: Chrome 
2021-08-27 15:06:50,875 INFO  [Log] Inside fileupload 
2021-08-27 15:06:50,877 INFO  [Log] Before Upload asserting presence of records:No records at the moment 
2021-08-27 15:06:52,230 INFO  [Log] Before Upload ,asserting header from UI: No records at the moment ? is same as given Header: No records at the moment 
2021-08-27 15:06:52,236 INFO  [Log] Assertion Complete 
2021-08-27 15:06:53,237 INFO  [Log] Uploading the file.. 
2021-08-27 15:06:53,929 INFO  [Log] Choosing the file to upload: C:\Users\sudha\eclipse-workspace\oppenheimerproject\src\test\resources\artifacts\TestData.csv 
2021-08-27 15:06:54,026 INFO  [Log] Uploading File.. 
2021-08-27 15:06:54,035 INFO  [Log] Clicking on Refresh Tax Relief Button 
2021-08-27 15:07:02,074 INFO  [Log] Checking display of records loaded.. 
2021-08-27 15:07:02,314 INFO  [Log] No records at the moment Header is not present.. 
2021-08-27 15:07:02,315 INFO  [Log] ***File is Uploaded Successfully**** 
2021-08-27 15:07:02,393 INFO  [Log] Uploaded Bulk data which is visible under Total Tax Relieves is: 9953429.95 will be dispensed to 2 Working Class Hero/s 
2021-08-27 15:07:03,119 INFO  [Log] Button color: rgba(200, 35, 51, 1) 
2021-08-27 15:07:03,120 INFO  [Log] Text color #c82333 
2021-08-27 15:07:03,120 INFO  [Log] Asserting the hex color of the background of button text is..#c82333 
2021-08-27 15:07:03,155 INFO  [Log] Button color from UI in  hex: #c82333 
2021-08-27 15:07:03,188 INFO  [Log] Button text mfrom UI: Dispense Now 
2021-08-27 15:07:03,189 INFO  [Log] Asserting the button text matched exactly the text: Dispense Now 
2021-08-27 15:07:03,196 INFO  [Log] Clicking on button Dispense Now 
2021-08-27 15:07:07,114 INFO  [Log] Dispense text from UI: Cash dispensed 
2021-08-27 15:07:07,115 INFO  [Log] Asserting the message matched exactly the given text: Cash dispensed 
2021-08-27 15:07:07,259 INFO  [Log] Inside test_add_singleWorkingClassHero_validInputs.. 
2021-08-27 15:07:07,259 INFO  [Log] Data inserted in body is: {birthday=24031990, gender=F, natid=1234567890, name=TestUser F_AG31, tax=10.00, salary=10000.00} 
2021-08-27 15:07:13,059 INFO  [Log] Json string response:Alright 
2021-08-27 15:07:13,060 INFO  [Log] Asserting valid message in response equals Alright 
2021-08-27 15:07:13,065 INFO  [Log] Inside test_add_singleWorkingClassHero_invalidPatternBirthday.. 
2021-08-27 15:07:13,076 INFO  [Log] Data inserted in body is: {birthday=24-03-1990, gender=F, natid=1234567890, name=TestUser InvalidDOBPattern, tax=10.00, salary=10000.00} 
2021-08-27 15:07:13,591 INFO  [Log] Json string response:{"timestamp":"2021-08-27T07:07:13.234+0000","status":500,"error":"Internal Server Error","message":"Text '24-03-1990' could not be parsed at index 2","path":"/calculator/insert"} 
2021-08-27 15:07:13,592 INFO  [Log] Asserting error message in response contains Text '24-03-1990' could not be parsed at index 2 
2021-08-27 15:07:13,596 INFO  [Log] Inside test_add_singleWorkingClassHero_invalidGender.. 
2021-08-27 15:07:13,596 INFO  [Log] Data inserted in body is: {birthday=24031990, gender=Female, natid=1234567890, name=TestUser InvalidGender, tax=10.00, salary=10000.00} 
2021-08-27 15:07:13,724 INFO  [Log] Json string response:{"timestamp":"2021-08-27T07:07:13.711+0000","status":500,"error":"Internal Server Error","message":"could not execute statement; SQL [n/a]; nested exception is org.hibernate.exception.DataException: could not execute statement","path":"/calculator/insert"} 
2021-08-27 15:07:13,724 INFO  [Log] Asserting error message in response contains could not execute statement; SQL [n/a]; nested exception is org.hibernate.exception.DataException: could not execute statement 
2021-08-27 15:07:13,730 INFO  [Log] test_add_multipleWorkingClassHero_valid2Inputs 
2021-08-27 15:07:13,731 INFO  [Log] Data inserted in body is: [{birthday=24031990, gender=F, natid=2234567890, name=Testuser MU2a, tax=10.00, salary=10000.00}, {birthday=12031990, gender=M, natid=3234567890, name=Testuser MU2b, tax=10.00, salary=10000.00}] 
2021-08-27 15:07:13,806 INFO  [Log] Json string response:Alright 
2021-08-27 15:07:13,806 INFO  [Log] Asserting valid message in response equals Alright 
2021-08-27 15:07:13,810 INFO  [Log] test_add_multipleWorkingClassHero_valid3Inputs 
2021-08-27 15:07:13,810 INFO  [Log] Data inserted in body is: [{birthday=24031990, gender=F, natid=4234567890, name=Testuser MU3a, tax=10.00, salary=10000.00}, {birthday=12031990, gender=M, natid=5234567890, name=Testuser MU3b, tax=10.00, salary=10000.00}, {birthday=12031990, gender=M, natid=6234567890, name=Testuser MU3c, tax=10.00, salary=10000.00}] 
2021-08-27 15:07:13,853 INFO  [Log] Json string response:Alright 
2021-08-27 15:07:13,853 INFO  [Log] Asserting valid message in response equals Alright 
2021-08-27 15:07:13,860 INFO  [Log] test_add_multipleWorkingClassHero_valid1Inputs 
2021-08-27 15:07:13,861 INFO  [Log] Data inserted in body is: [{birthday=24031990, gender=F, natid=7234567890, name=Testuser MU1a, tax=10.00, salary=10000.00}] 
2021-08-27 15:07:13,915 INFO  [Log] Json string response:Alright 
2021-08-27 15:07:13,915 INFO  [Log] Asserting valid message in response equals Alright 
2021-08-27 15:07:13,919 INFO  [Log] Inside test_get_TaxRelief_WorkingClassHero.. 
2021-08-27 15:07:14,033 INFO  [Log] Json string response:[{"natid":"9234$$$$$$","name":"CSVuserupload 01","relief":"9946220.95"},{"natid":"9334$$$$$$","name":"CSVuserupload 02","relief":"7209.00"},{"natid":"1234$$$$$$","name":"TestUser F_AG31","relief":"8492.00"},{"natid":"2234$$$$$$","name":"Testuser MU2a","relief":"8492.00"},{"natid":"3234$$$$$$","name":"Testuser MU2b","relief":"7992.00"},{"natid":"4234$$$$$$","name":"Testuser MU3a","relief":"8492.00"},{"natid":"5234$$$$$$","name":"Testuser MU3b","relief":"7992.00"},{"natid":"6234$$$$$$","name":"Testuser MU3c","relief":"7992.00"},{"natid":"7234$$$$$$","name":"Testuser MU1a","relief":"8492.00"}] 
2021-08-27 15:07:14,452 INFO  [Log] Inside calculateNatid 
2021-08-27 15:07:14,452 INFO  [Log] Length of String: 10 
2021-08-27 15:07:14,452 INFO  [Log] calculatedExpecetdTax: 9946220.95 
2021-08-27 15:07:15,040 INFO  [Log] jsonResponse size is:9 
2021-08-27 15:07:16,511 INFO  [Log] first tax relief from response: 9946220.95 
2021-08-27 15:07:16,511 INFO  [Log] Asserting calculated reflief: 9946220.95 is same as 1st relief from response: 9946220.95 
2021-08-27 15:07:16,581 INFO  [Log] first natid from response: 9234$$$$$$ 
2021-08-27 15:07:16,581 INFO  [Log] Asserting calculated natid: 9234$$$$$$ is same as 1st natid from response: 9234$$$$$$ 
2021-08-27 15:11:12,760 INFO  [Log] Inside setBrowser.. 
2021-08-27 15:11:17,831 INFO  [Log] Browser Configured: Chrome 
2021-08-27 15:11:25,288 INFO  [Log] Inside setBrowser.. 
2021-08-27 15:11:28,163 INFO  [Log] Browser Configured: Chrome 
2021-08-27 15:11:32,863 INFO  [Log] Inside fileupload 
2021-08-27 15:11:32,939 INFO  [Log] Before Upload asserting presence of records:No records at the moment 
2021-08-27 15:11:34,341 INFO  [Log] Before Upload ,asserting header from UI: No records at the moment ? is same as given Header: No records at the moment 
2021-08-27 15:11:34,347 INFO  [Log] Assertion Complete 
2021-08-27 15:11:35,347 INFO  [Log] Uploading the file.. 
2021-08-27 15:11:35,791 INFO  [Log] Choosing the file to upload: C:\Users\sudha\eclipse-workspace\oppenheimerproject\src\test\resources\artifacts\TestData.csv 
2021-08-27 15:11:35,976 INFO  [Log] Uploading File.. 
2021-08-27 15:11:35,982 INFO  [Log] Clicking on Refresh Tax Relief Button 
2021-08-27 15:11:43,388 INFO  [Log] Checking display of records loaded.. 
2021-08-27 15:11:43,591 INFO  [Log] No records at the moment Header is not present.. 
2021-08-27 15:11:43,591 INFO  [Log] ***File is Uploaded Successfully**** 
2021-08-27 15:11:43,636 INFO  [Log] Uploaded Bulk data which is visible under Total Tax Relieves is: 9953429.95 will be dispensed to 2 Working Class Hero/s 
2021-08-27 15:11:44,047 INFO  [Log] Inside dispenseNow  
2021-08-27 15:11:44,347 INFO  [Log] Button color: rgba(200, 35, 51, 1) 
2021-08-27 15:11:44,348 INFO  [Log] Text color #c82333 
2021-08-27 15:11:44,348 INFO  [Log] Asserting the hex color of the background of button text is..#c82333 
2021-08-27 15:11:44,382 INFO  [Log] Button color from UI in  hex: #c82333 
2021-08-27 15:11:44,422 INFO  [Log] Button text mfrom UI: Dispense Now 
2021-08-27 15:11:44,422 INFO  [Log] Asserting the button text matched exactly the text: Dispense Now 
2021-08-27 15:11:44,428 INFO  [Log] Clicking on button Dispense Now 
2021-08-27 15:11:49,336 INFO  [Log] Dispense text from UI: Cash dispensed 
2021-08-27 15:11:49,337 INFO  [Log] Asserting the message matched exactly the given text: Cash dispensed 
2021-08-27 15:11:49,498 INFO  [Log] Inside test_add_singleWorkingClassHero_validInputs.. 
2021-08-27 15:11:49,498 INFO  [Log] Data inserted in body is: {birthday=24031990, gender=F, natid=1234567890, name=TestUser F_AG31, tax=10.00, salary=10000.00} 
2021-08-27 15:11:54,395 INFO  [Log] Json string response:Alright 
2021-08-27 15:11:54,395 INFO  [Log] Asserting valid message in response equals Alright 
2021-08-27 15:11:54,406 INFO  [Log] Inside test_add_singleWorkingClassHero_invalidPatternBirthday.. 
2021-08-27 15:11:54,406 INFO  [Log] Data inserted in body is: {birthday=24-03-1990, gender=F, natid=1234567890, name=TestUser InvalidDOBPattern, tax=10.00, salary=10000.00} 
2021-08-27 15:11:54,831 INFO  [Log] Json string response:{"timestamp":"2021-08-27T07:11:54.524+0000","status":500,"error":"Internal Server Error","message":"Text '24-03-1990' could not be parsed at index 2","path":"/calculator/insert"} 
2021-08-27 15:11:54,832 INFO  [Log] Asserting error message in response contains Text '24-03-1990' could not be parsed at index 2 
2021-08-27 15:11:54,836 INFO  [Log] Inside test_add_singleWorkingClassHero_invalidGender.. 
2021-08-27 15:11:54,836 INFO  [Log] Data inserted in body is: {birthday=24031990, gender=Female, natid=1234567890, name=TestUser InvalidGender, tax=10.00, salary=10000.00} 
2021-08-27 15:11:54,949 INFO  [Log] Json string response:{"timestamp":"2021-08-27T07:11:54.941+0000","status":500,"error":"Internal Server Error","message":"could not execute statement; SQL [n/a]; nested exception is org.hibernate.exception.DataException: could not execute statement","path":"/calculator/insert"} 
2021-08-27 15:11:54,949 INFO  [Log] Asserting error message in response contains could not execute statement; SQL [n/a]; nested exception is org.hibernate.exception.DataException: could not execute statement 
2021-08-27 15:11:54,953 INFO  [Log] test_add_multipleWorkingClassHero_valid2Inputs 
2021-08-27 15:11:54,953 INFO  [Log] Data inserted in body is: [{birthday=24031990, gender=F, natid=2234567890, name=Testuser MU2a, tax=10.00, salary=10000.00}, {birthday=12031990, gender=M, natid=3234567890, name=Testuser MU2b, tax=10.00, salary=10000.00}] 
2021-08-27 15:11:55,013 INFO  [Log] Json string response:Alright 
2021-08-27 15:11:55,013 INFO  [Log] Asserting valid message in response equals Alright 
2021-08-27 15:11:55,017 INFO  [Log] test_add_multipleWorkingClassHero_valid3Inputs 
2021-08-27 15:11:55,017 INFO  [Log] Data inserted in body is: [{birthday=24031990, gender=F, natid=4234567890, name=Testuser MU3a, tax=10.00, salary=10000.00}, {birthday=12031990, gender=M, natid=5234567890, name=Testuser MU3b, tax=10.00, salary=10000.00}, {birthday=12031990, gender=M, natid=6234567890, name=Testuser MU3c, tax=10.00, salary=10000.00}] 
2021-08-27 15:11:55,055 INFO  [Log] Json string response:Alright 
2021-08-27 15:11:55,055 INFO  [Log] Asserting valid message in response equals Alright 
2021-08-27 15:11:55,059 INFO  [Log] test_add_multipleWorkingClassHero_valid1Inputs 
2021-08-27 15:11:55,059 INFO  [Log] Data inserted in body is: [{birthday=24031990, gender=F, natid=7234567890, name=Testuser MU1a, tax=10.00, salary=10000.00}] 
2021-08-27 15:11:55,097 INFO  [Log] Json string response:Alright 
2021-08-27 15:11:55,097 INFO  [Log] Asserting valid message in response equals Alright 
2021-08-27 15:11:55,101 INFO  [Log] Inside test_get_TaxRelief_WorkingClassHero.. 
2021-08-27 15:11:55,225 INFO  [Log] Json string response:[{"natid":"9234$$$$$$","name":"CSVuserupload 01","relief":"9946220.95"},{"natid":"9334$$$$$$","name":"CSVuserupload 02","relief":"7209.00"},{"natid":"1234$$$$$$","name":"TestUser F_AG31","relief":"8492.00"},{"natid":"2234$$$$$$","name":"Testuser MU2a","relief":"8492.00"},{"natid":"3234$$$$$$","name":"Testuser MU2b","relief":"7992.00"},{"natid":"4234$$$$$$","name":"Testuser MU3a","relief":"8492.00"},{"natid":"5234$$$$$$","name":"Testuser MU3b","relief":"7992.00"},{"natid":"6234$$$$$$","name":"Testuser MU3c","relief":"7992.00"},{"natid":"7234$$$$$$","name":"Testuser MU1a","relief":"8492.00"}] 
2021-08-27 15:11:55,668 INFO  [Log] Inside calculateNatid 
2021-08-27 15:11:55,668 INFO  [Log] Length of String: 10 
2021-08-27 15:11:55,668 INFO  [Log] calculatedExpecetdTax: 9946220.95 
2021-08-27 15:11:56,165 INFO  [Log] jsonResponse size is:9 
2021-08-27 15:11:57,296 INFO  [Log] first tax relief from response: 9946220.95 
2021-08-27 15:11:57,296 INFO  [Log] Asserting calculated reflief: 9946220.95 is same as 1st relief from response: 9946220.95 
2021-08-27 15:11:57,325 INFO  [Log] first natid from response: 9234$$$$$$ 
2021-08-27 15:11:57,326 INFO  [Log] Asserting calculated natid: 9234$$$$$$ is same as 1st natid from response: 9234$$$$$$ 
2021-08-27 15:15:25,011 INFO  [Log] Inside setBrowser.. 
2021-08-27 15:15:30,270 INFO  [Log] Browser Configured: Chrome 
2021-08-27 15:15:45,199 INFO  [Log] Inside setBrowser.. 
2021-08-27 15:15:49,264 INFO  [Log] Browser Configured: Chrome 
2021-08-27 15:15:57,531 INFO  [Log] Inside fileupload 
2021-08-27 15:15:57,816 INFO  [Log] Before Upload asserting presence of records:No records at the moment 
2021-08-27 15:16:01,036 INFO  [Log] Before Upload ,asserting header from UI: No records at the moment ? is same as given Header: No records at the moment 
2021-08-27 15:16:01,043 INFO  [Log] Assertion Complete 
2021-08-27 15:16:02,043 INFO  [Log] Uploading the file.. 
2021-08-27 15:16:02,326 INFO  [Log] Choosing the file to upload: C:\Users\sudha\eclipse-workspace\oppenheimerproject\src\test\resources\artifacts\TestData.csv 
2021-08-27 15:16:03,061 INFO  [Log] Uploading File.. 
2021-08-27 15:16:03,072 INFO  [Log] Clicking on Refresh Tax Relief Button 
2021-08-27 15:16:09,510 INFO  [Log] Checking display of records loaded.. 
2021-08-27 15:16:09,721 INFO  [Log] No records at the moment Header is not present.. 
2021-08-27 15:16:09,721 INFO  [Log] ***File is Uploaded Successfully**** 
2021-08-27 15:16:09,809 INFO  [Log] Uploaded Bulk data which is visible under Total Tax Relieves is: 9953429.95 will be dispensed to 2 Working Class Hero/s 
2021-08-27 15:16:10,347 INFO  [Log] Inside dispenseNow  
2021-08-27 15:16:10,651 INFO  [Log] Button color: rgba(200, 35, 51, 1) 
2021-08-27 15:16:10,651 INFO  [Log] Text color #c82333 
2021-08-27 15:16:10,652 INFO  [Log] Asserting the hex color of the background of button text is..#c82333 
2021-08-27 15:16:10,695 INFO  [Log] Button color from UI in  hex: #c82333 
2021-08-27 15:16:10,754 INFO  [Log] Button text mfrom UI: Dispense Now 
2021-08-27 15:16:10,755 INFO  [Log] Asserting the button text matched exactly the text: Dispense Now 
2021-08-27 15:16:10,764 INFO  [Log] Clicking on button Dispense Now 
2021-08-27 15:16:11,991 INFO  [Log] Dispense text from UI: Cash dispensed 
2021-08-27 15:16:11,992 INFO  [Log] Asserting the message matched exactly the given text: Cash dispensed 
2021-08-27 15:16:11,992 INFO  [Log] Assert successful.. 
2021-08-27 15:16:14,051 INFO  [Log] Inside test_add_singleWorkingClassHero_validInputs.. 
2021-08-27 15:16:14,052 INFO  [Log] Data inserted in body is: {birthday=24031990, gender=F, natid=1234567890, name=TestUser F_AG31, tax=10.00, salary=10000.00} 
2021-08-27 15:16:20,043 INFO  [Log] Json string response:Alright 
2021-08-27 15:16:20,043 INFO  [Log] Asserting valid message in response equals Alright 
2021-08-27 15:16:20,110 INFO  [Log] Inside test_add_singleWorkingClassHero_invalidPatternBirthday.. 
2021-08-27 15:16:20,111 INFO  [Log] Data inserted in body is: {birthday=24-03-1990, gender=F, natid=1234567890, name=TestUser InvalidDOBPattern, tax=10.00, salary=10000.00} 
2021-08-27 15:16:20,524 INFO  [Log] Json string response:{"timestamp":"2021-08-27T07:16:20.287+0000","status":500,"error":"Internal Server Error","message":"Text '24-03-1990' could not be parsed at index 2","path":"/calculator/insert"} 
2021-08-27 15:16:20,524 INFO  [Log] Asserting error message in response contains Text '24-03-1990' could not be parsed at index 2 
2021-08-27 15:16:20,542 INFO  [Log] Inside test_add_singleWorkingClassHero_invalidGender.. 
2021-08-27 15:16:20,582 INFO  [Log] Data inserted in body is: {birthday=24031990, gender=Female, natid=1234567890, name=TestUser InvalidGender, tax=10.00, salary=10000.00} 
2021-08-27 15:16:20,832 INFO  [Log] Json string response:{"timestamp":"2021-08-27T07:16:20.816+0000","status":500,"error":"Internal Server Error","message":"could not execute statement; SQL [n/a]; nested exception is org.hibernate.exception.DataException: could not execute statement","path":"/calculator/insert"} 
2021-08-27 15:16:20,832 INFO  [Log] Asserting error message in response contains could not execute statement; SQL [n/a]; nested exception is org.hibernate.exception.DataException: could not execute statement 
2021-08-27 15:16:20,846 INFO  [Log] test_add_multipleWorkingClassHero_valid2Inputs 
2021-08-27 15:16:20,846 INFO  [Log] Data inserted in body is: [{birthday=24031990, gender=F, natid=2234567890, name=Testuser MU2a, tax=10.00, salary=10000.00}, {birthday=12031990, gender=M, natid=3234567890, name=Testuser MU2b, tax=10.00, salary=10000.00}] 
2021-08-27 15:16:20,911 INFO  [Log] Json string response:Alright 
2021-08-27 15:16:20,911 INFO  [Log] Asserting valid message in response equals Alright 
2021-08-27 15:16:20,919 INFO  [Log] test_add_multipleWorkingClassHero_valid3Inputs 
2021-08-27 15:16:20,919 INFO  [Log] Data inserted in body is: [{birthday=24031990, gender=F, natid=4234567890, name=Testuser MU3a, tax=10.00, salary=10000.00}, {birthday=12031990, gender=M, natid=5234567890, name=Testuser MU3b, tax=10.00, salary=10000.00}, {birthday=12031990, gender=M, natid=6234567890, name=Testuser MU3c, tax=10.00, salary=10000.00}] 
2021-08-27 15:16:20,970 INFO  [Log] Json string response:Alright 
2021-08-27 15:16:20,970 INFO  [Log] Asserting valid message in response equals Alright 
2021-08-27 15:16:20,974 INFO  [Log] test_add_multipleWorkingClassHero_valid1Inputs 
2021-08-27 15:16:20,975 INFO  [Log] Data inserted in body is: [{birthday=24031990, gender=F, natid=7234567890, name=Testuser MU1a, tax=10.00, salary=10000.00}] 
2021-08-27 15:16:21,056 INFO  [Log] Json string response:Alright 
2021-08-27 15:16:21,057 INFO  [Log] Asserting valid message in response equals Alright 
2021-08-27 15:16:21,081 INFO  [Log] Inside test_get_TaxRelief_WorkingClassHero.. 
2021-08-27 15:16:21,289 INFO  [Log] Json string response:[{"natid":"9234$$$$$$","name":"CSVuserupload 01","relief":"9946220.95"},{"natid":"9334$$$$$$","name":"CSVuserupload 02","relief":"7209.00"},{"natid":"1234$$$$$$","name":"TestUser F_AG31","relief":"8492.00"},{"natid":"2234$$$$$$","name":"Testuser MU2a","relief":"8492.00"},{"natid":"3234$$$$$$","name":"Testuser MU2b","relief":"7992.00"},{"natid":"4234$$$$$$","name":"Testuser MU3a","relief":"8492.00"},{"natid":"5234$$$$$$","name":"Testuser MU3b","relief":"7992.00"},{"natid":"6234$$$$$$","name":"Testuser MU3c","relief":"7992.00"},{"natid":"7234$$$$$$","name":"Testuser MU1a","relief":"8492.00"}] 
2021-08-27 15:16:21,648 INFO  [Log] Inside calculateNatid 
2021-08-27 15:16:21,648 INFO  [Log] Length of String: 10 
2021-08-27 15:16:21,649 INFO  [Log] calculatedExpecetdTax: 9946220.95 
2021-08-27 15:16:22,133 INFO  [Log] jsonResponse size is:9 
2021-08-27 15:16:23,504 INFO  [Log] first tax relief from response: 9946220.95 
2021-08-27 15:16:23,504 INFO  [Log] Asserting calculated reflief: 9946220.95 is same as 1st relief from response: 9946220.95 
2021-08-27 15:16:23,544 INFO  [Log] first natid from response: 9234$$$$$$ 
2021-08-27 15:16:23,544 INFO  [Log] Asserting calculated natid: 9234$$$$$$ is same as 1st natid from response: 9234$$$$$$ 
